
===========================================================================
Violator List
============================================================================
[hold in-reg] A_DATA[25] -> _92113_/D : -0.584982
[hold in-reg] A_DATA[31] -> _92060_/D : -0.584197
[hold in-reg] A_DATA[27] -> _92087_/D : -0.581256
[hold in-reg] A_DATA[27] -> _92099_/D : -0.579124
[hold in-reg] A_DATA[27] -> _92107_/D : -0.578024
[hold in-reg] W_DATA[10] -> _92531_/D : -0.576628
[hold in-reg] W_DATA[10] -> _92523_/D : -0.575317
[hold in-reg] W_DATA[10] -> _92527_/D : -0.574139
[hold in-reg] W_DATA[10] -> _92511_/D : -0.573873
[hold in-reg] W_DATA[10] -> _92515_/D : -0.573453
[hold in-reg] W_DATA[8] -> _92517_/D : -0.570239
[hold in-reg] A_DATA[1] -> _92303_/D : -0.569804
[hold in-reg] A_DATA[27] -> _92091_/D : -0.569288
[hold in-reg] W_DATA[11] -> _92516_/D : -0.569125
[hold in-reg] W_DATA[8] -> _92521_/D : -0.568999
[hold in-reg] A_DATA[16] -> _92154_/D : -0.568880
[hold in-reg] A_DATA[1] -> _92315_/D : -0.567745
[hold in-reg] W_DATA[10] -> _92519_/D : -0.567008
[hold in-reg] A_DATA[1] -> _92295_/D : -0.566488
[hold in-reg] A_DATA[18] -> _92156_/D : -0.565733
[hold in-reg] A_DATA[18] -> _92172_/D : -0.564593
[hold in-reg] A_DATA[30] -> _92051_/D : -0.561409
[hold in-reg] A_DATA[18] -> _92176_/D : -0.561222
[hold in-reg] A_DATA[18] -> _92180_/D : -0.560874
[hold in-reg] W_DATA[8] -> _92509_/D : -0.560715
[hold in-reg] W_DATA[10] -> _92507_/D : -0.560033
[hold in-reg] A_DATA[30] -> _92055_/D : -0.559373
[hold in-reg] W_DATA[9] -> _92526_/D : -0.559312
[hold in-reg] A_DATA[27] -> _92095_/D : -0.559216
[hold in-reg] W_DATA[10] -> _92503_/D : -0.558258
[hold in-reg] A_DATA[1] -> _92307_/D : -0.558013
[hold in-reg] W_DATA[8] -> _92505_/D : -0.557777
[hold in-reg] A_DATA[18] -> _92168_/D : -0.557543
[hold in-reg] A_DATA[7] -> _92270_/D : -0.557529
[hold in-reg] A_DATA[30] -> _92071_/D : -0.557437
[hold in-reg] A_DATA[1] -> _92323_/D : -0.556807
[hold in-reg] A_DATA[1] -> _92311_/D : -0.556637
[hold in-reg] W_DATA[11] -> _92504_/D : -0.556112
[hold in-reg] A_DATA[28] -> _92049_/D : -0.555944
[hold in-reg] A_DATA[18] -> _92160_/D : -0.555867
[hold in-reg] W_DATA[8] -> _92529_/D : -0.555688
[hold in-reg] A_DATA[16] -> _92182_/D : -0.554969
[hold in-reg] A_DATA[1] -> _92319_/D : -0.553570
[hold in-reg] A_DATA[7] -> _92266_/D : -0.553542
[hold in-reg] A_DATA[2] -> _92312_/D : -0.553256
[hold in-reg] A_DATA[8] -> _92232_/D : -0.553151
[hold in-reg] A_DATA[18] -> _92184_/D : -0.553116
[hold in-reg] W_DATA[8] -> _92513_/D : -0.552977
[hold in-reg] A_DATA[1] -> _92299_/D : -0.552917
[hold in-reg] W_DATA[11] -> _92524_/D : -0.552870
[hold in-reg] A_DATA[30] -> _92063_/D : -0.552813
[hold in-reg] A_DATA[26] -> _92098_/D : -0.552397
[hold in-reg] W_DATA[11] -> _92532_/D : -0.551613
[hold in-reg] W_DATA[8] -> _92501_/D : -0.551183
[hold in-reg] A_DATA[8] -> _92236_/D : -0.551159
[hold in-reg] A_DATA[11] -> _92251_/D : -0.551160
[hold in-reg] A_DATA[6] -> _92269_/D : -0.550617
[hold in-reg] A_DATA[5] -> _92260_/D : -0.550610
[hold in-reg] W_DATA[8] -> _92525_/D : -0.549581
[hold in-reg] W_DATA[9] -> _92510_/D : -0.549245
[hold in-reg] A_DATA[30] -> _92075_/D : -0.548979
[hold in-reg] A_DATA[2] -> _92304_/D : -0.548971
[hold in-reg] A_DATA[7] -> _92274_/D : -0.548767
[hold in-reg] W_DATA[14] -> _92492_/D : -0.548330
[hold in-reg] W_DATA[9] -> _92506_/D : -0.547647
[hold in-reg] A_DATA[16] -> _92170_/D : -0.547568
[hold in-reg] A_DATA[8] -> _92248_/D : -0.547516
[hold in-reg] A_DATA[30] -> _92079_/D : -0.546941
[hold in-reg] A_DATA[6] -> _92281_/D : -0.546676
[hold in-reg] A_DATA[6] -> _92277_/D : -0.546301
[hold in-reg] A_DATA[30] -> _92067_/D : -0.545553
[hold in-reg] A_DATA[6] -> _92265_/D : -0.545356
[hold in-reg] W_DATA[4] -> _92540_/D : -0.544441
[hold in-reg] A_DATA[3] -> _92325_/D : -0.544003
[hold in-reg] W_DATA[4] -> _92548_/D : -0.543763
[hold in-reg] W_DATA[4] -> _92536_/D : -0.543468
[hold in-reg] W_DATA[9] -> _92530_/D : -0.543438
[hold in-reg] W_DATA[7] -> _92559_/D : -0.542981
[hold in-reg] A_DATA[3] -> _92305_/D : -0.542558
[hold in-reg] W_DATA[7] -> _92539_/D : -0.542380
[hold in-reg] A_DATA[7] -> _92278_/D : -0.542115
[hold in-reg] A_DATA[2] -> _92296_/D : -0.542070
[hold in-reg] A_DATA[3] -> _92317_/D : -0.541264
[hold in-reg] A_DATA[2] -> _92316_/D : -0.540991
[hold in-reg] A_DATA[2] -> _92308_/D : -0.540792
[hold in-reg] W_DATA[7] -> _92543_/D : -0.540753
[hold in-reg] W_DATA[9] -> _92514_/D : -0.540470
[hold in-reg] A_DATA[4] -> _92267_/D : -0.540271
[hold in-reg] W_DATA[31] -> _92337_/D : -0.539421
[hold in-reg] A_DATA[16] -> _92174_/D : -0.539227
[hold in-reg] A_DATA[3] -> _92309_/D : -0.538408
[hold in-reg] A_DATA[7] -> _92262_/D : -0.537785
[hold in-reg] A_DATA[11] -> _92243_/D : -0.537065
[hold in-reg] A_DATA[2] -> _92320_/D : -0.536483
[hold in-reg] A_DATA[8] -> _92244_/D : -0.536397
[hold in-reg] A_DATA[3] -> _92301_/D : -0.536154
[hold in-reg] W_DATA[14] -> _92480_/D : -0.535543
[hold in-reg] A_DATA[8] -> _92252_/D : -0.535520
[hold in-reg] W_DATA[4] -> _92560_/D : -0.535394
[hold in-reg] A_DATA[8] -> _92228_/D : -0.534817
[hold in-reg] A_DATA[4] -> _92271_/D : -0.534699
[hold in-reg] A_DATA[6] -> _92273_/D : -0.534415
[hold in-reg] W_DATA[31] -> _92349_/D : -0.534294
[hold in-reg] W_DATA[31] -> _92341_/D : -0.534228
[hold in-reg] A_DATA[11] -> _92247_/D : -0.533745
[hold in-reg] A_DATA[5] -> _92276_/D : -0.532698
[hold in-reg] W_DATA[25] -> _92366_/D : -0.532584
[hold in-reg] A_DATA[3] -> _92313_/D : -0.532498
[hold in-reg] A_DATA[8] -> _92240_/D : -0.532207
[hold in-reg] W_DATA[28] -> _92334_/D : -0.532154
[hold in-reg] A_DATA[9] -> _92233_/D : -0.531843
[hold in-reg] A_DATA[4] -> _92263_/D : -0.530920
[hold in-reg] W_DATA[9] -> _92522_/D : -0.530875
[hold in-reg] W_DATA[14] -> _92496_/D : -0.530869
[hold in-reg] A_DATA[8] -> _92224_/D : -0.530549
[hold in-reg] A_DATA[2] -> _92324_/D : -0.530169
[hold in-reg] W_DATA[9] -> _92502_/D : -0.530100
[hold in-reg] A_DATA[2] -> _92300_/D : -0.530024
[hold in-reg] W_DATA[9] -> _92518_/D : -0.529672
[hold in-reg] W_DATA[4] -> _92552_/D : -0.529148
[hold in-reg] W_DATA[7] -> _92563_/D : -0.529035
[hold in-reg] W_DATA[14] -> _92468_/D : -0.528631
[hold in-reg] A_DATA[11] -> _92255_/D : -0.528243
[hold in-reg] A_DATA[16] -> _92178_/D : -0.527903
[hold in-reg] W_DATA[14] -> _92488_/D : -0.527325
[hold in-reg] W_DATA[25] -> _92374_/D : -0.527322
[hold in-reg] A_DATA[5] -> _92280_/D : -0.526577
[hold in-reg] W_DATA[28] -> _92338_/D : -0.526214
[hold in-reg] A_DATA[7] -> _92282_/D : -0.526054
[hold in-reg] W_DATA[28] -> _92326_/D : -0.525371
[hold in-reg] A_DATA[5] -> _92268_/D : -0.525034
[hold in-reg] W_DATA[28] -> _92346_/D : -0.524941
[hold in-reg] W_DATA[28] -> _92354_/D : -0.524755
[hold in-reg] A_DATA[5] -> _92288_/D : -0.524439
[hold in-reg] W_DATA[14] -> _92472_/D : -0.524155
[hold in-reg] A_DATA[4] -> _92259_/D : -0.523730
[hold in-reg] A_DATA[7] -> _92286_/D : -0.523332
[hold in-reg] W_DATA[4] -> _92564_/D : -0.523177
[hold in-reg] A_DATA[3] -> _92321_/D : -0.523034
[hold in-reg] A_DATA[5] -> _92272_/D : -0.522390
[hold in-reg] A_DATA[4] -> _92287_/D : -0.521988
[hold in-reg] W_DATA[31] -> _92357_/D : -0.520640
[hold in-reg] A_DATA[4] -> _92279_/D : -0.520398
[hold in-reg] W_DATA[14] -> _92476_/D : -0.519889
[hold in-reg] W_DATA[13] -> _92491_/D : -0.519732
[hold in-reg] SCALE[8] -> _91947_/D : -0.519342
[hold in-reg] A_DATA[4] -> _92283_/D : -0.519282
[hold in-reg] A_DATA[6] -> _92289_/D : -0.518580
[hold in-reg] W_DATA[25] -> _92390_/D : -0.518477
[hold in-reg] A_DATA[7] -> _92290_/D : -0.518374
[hold in-reg] A_DATA[3] -> _92297_/D : -0.517997
[hold in-reg] A_DATA[6] -> _92285_/D : -0.517798
[hold in-reg] K_LEN[0] -> _92009_/D : -0.517266
[hold in-reg] W_DATA[29] -> _92335_/D : -0.517136
[hold in-reg] W_DATA[31] -> _92345_/D : -0.516756
[hold in-reg] A_DATA[4] -> _92275_/D : -0.516720
[hold in-reg] W_DATA[31] -> _92329_/D : -0.515344
[hold in-reg] W_DATA[4] -> _92556_/D : -0.514608
[hold in-reg] A_DATA[6] -> _92261_/D : -0.514402
[hold in-reg] A_DATA[5] -> _92264_/D : -0.513631
[hold in-reg] W_DATA[25] -> _92378_/D : -0.513590
[hold in-reg] W_DATA[28] -> _92342_/D : -0.513429
[hold in-reg] W_DATA[31] -> _92333_/D : -0.513371
[hold in-reg] W_DATA[25] -> _92370_/D : -0.512747
[hold in-reg] W_DATA[31] -> _92353_/D : -0.512625
[hold in-reg] W_DATA[30] -> _92332_/D : -0.511920
[hold in-reg] W_DATA[29] -> _92347_/D : -0.511412
[hold in-reg] A_DATA[9] -> _92237_/D : -0.511174
[hold in-reg] W_DATA[29] -> _92327_/D : -0.511041
[hold in-reg] W_DATA[28] -> _92330_/D : -0.510684
[hold in-reg] W_DATA[13] -> _92495_/D : -0.509738
[hold in-reg] W_DATA[28] -> _92350_/D : -0.508885
[hold in-reg] A_DATA[10] -> _92242_/D : -0.508550
[hold in-reg] A_DATA[19] -> _92165_/D : -0.508430
[hold in-reg] W_DATA[30] -> _92340_/D : -0.508211
[hold in-reg] W_DATA[29] -> _92331_/D : -0.507859
[hold in-reg] A_DATA[9] -> _92241_/D : -0.507619
[hold in-reg] W_DATA[25] -> _92382_/D : -0.507282
[hold in-reg] A_DATA[5] -> _92284_/D : -0.506803
[hold in-reg] W_DATA[26] -> _92371_/D : -0.506692
[hold in-reg] W_DATA[29] -> _92355_/D : -0.505008
[hold in-reg] A_DATA[9] -> _92253_/D : -0.504639
[hold in-reg] W_DATA[29] -> _92343_/D : -0.504310
[hold in-reg] A_DATA[10] -> _92246_/D : -0.504099
[hold in-reg] W_DATA[30] -> _92328_/D : -0.503031
[hold in-reg] W_DATA[30] -> _92352_/D : -0.502259
[hold in-reg] A_DATA[9] -> _92229_/D : -0.502056
[hold in-reg] A_DATA[17] -> _92167_/D : -0.502032
[hold in-reg] A_DATA[19] -> _92169_/D : -0.501883
[hold in-reg] A_DATA[10] -> _92250_/D : -0.501838
[hold in-reg] A_DATA[10] -> _92254_/D : -0.501760
[hold in-reg] W_DATA[13] -> _92487_/D : -0.501456
[hold in-reg] A_DATA[9] -> _92249_/D : -0.501437
[hold in-reg] A_DATA[9] -> _92225_/D : -0.500976
[hold in-reg] A_DATA[19] -> _92161_/D : -0.500890
[hold in-reg] W_DATA[26] -> _92375_/D : -0.500394
[hold in-reg] W_DATA[29] -> _92351_/D : -0.499608
[hold in-reg] W_DATA[30] -> _92356_/D : -0.499014
[hold in-reg] W_DATA[26] -> _92383_/D : -0.498445
[hold in-reg] W_DATA[30] -> _92336_/D : -0.498308
[hold in-reg] A_DATA[17] -> _92163_/D : -0.497927
[hold in-reg] W_DATA[14] -> _92484_/D : -0.497751
[hold in-reg] W_DATA[13] -> _92479_/D : -0.497744
[hold in-reg] W_DATA[13] -> _92467_/D : -0.497671
[hold in-reg] W_DATA[25] -> _92386_/D : -0.496838
[hold in-reg] W_DATA[30] -> _92348_/D : -0.495750
[hold in-reg] A_DATA[9] -> _92245_/D : -0.494829
[hold in-reg] W_DATA[29] -> _92339_/D : -0.494546
[hold in-reg] W_DATA[26] -> _92379_/D : -0.494492
[hold in-reg] W_DATA[25] -> _92362_/D : -0.494312
[hold in-reg] A_DATA[17] -> _92155_/D : -0.493877
[hold in-reg] A_DATA[19] -> _92173_/D : -0.493598
[hold in-reg] W_DATA[13] -> _92475_/D : -0.493220
[hold in-reg] W_DATA[13] -> _92471_/D : -0.493158
[hold in-reg] W_DATA[30] -> _92344_/D : -0.493041
[hold in-reg] W_DATA[26] -> _92367_/D : -0.492602
[hold in-reg] W_DATA[27] -> _92372_/D : -0.491140
[hold in-reg] A_DATA[17] -> _92175_/D : -0.490251
[hold in-reg] W_DATA[27] -> _92364_/D : -0.490188
[hold in-reg] W_DATA[26] -> _92391_/D : -0.490036
[hold in-reg] A_DATA[17] -> _92159_/D : -0.488320
[hold in-reg] W_DATA[27] -> _92376_/D : -0.486581
[hold in-reg] W_DATA[26] -> _92363_/D : -0.486319
[hold in-reg] A_DATA[19] -> _92157_/D : -0.486015
[hold in-reg] A_DATA[19] -> _92177_/D : -0.483682
[hold in-reg] A_DATA[17] -> _92183_/D : -0.483351
[hold in-reg] W_DATA[27] -> _92384_/D : -0.482148
[hold in-reg] A_DATA[17] -> _92171_/D : -0.481695
[hold in-reg] W_DATA[26] -> _92387_/D : -0.481134
[hold in-reg] W_DATA[27] -> _92388_/D : -0.480970
[hold in-reg] A_DATA[17] -> _92179_/D : -0.480704
[hold in-reg] W_DATA[13] -> _92483_/D : -0.476994
[hold in-reg] W_DATA[24] -> _92369_/D : -0.475950
[hold in-reg] W_DATA[15] -> _92485_/D : -0.474489
[hold in-reg] A_DATA[19] -> _92185_/D : -0.473064
[hold in-reg] A_DATA[19] -> _92181_/D : -0.472319
[hold in-reg] W_DATA[27] -> _92392_/D : -0.471825
[hold in-reg] W_DATA[27] -> _92380_/D : -0.470013
[hold in-reg] W_DATA[27] -> _92368_/D : -0.469757
[hold in-reg] W_DATA[24] -> _92373_/D : -0.468753
[hold in-reg] W_DATA[24] -> _92385_/D : -0.465761
[hold in-reg] W_DATA[24] -> _92365_/D : -0.462851
[hold in-reg] W_DATA[24] -> _92361_/D : -0.461857
[hold in-reg] W_DATA[24] -> _92389_/D : -0.461115
[hold in-reg] W_DATA[17] -> _92460_/D : -0.459196
[hold in-reg] A_LEN[2] -> _92023_/D : -0.458332
[hold in-reg] W_DATA[24] -> _92381_/D : -0.455191
[hold in-reg] W_DATA[12] -> _92490_/D : -0.449128
[hold in-reg] W_DATA[17] -> _92456_/D : -0.448688
[hold in-reg] W_DATA[20] -> _92396_/D : -0.447536
[hold in-reg] SCALE_VLD -> _91938_/D : -0.446091
[hold in-reg] W_DATA[15] -> _92489_/D : -0.444814
[hold in-reg] W_DATA[17] -> _92432_/D : -0.444048
[hold in-reg] W_DATA[20] -> _92420_/D : -0.443392
[hold in-reg] W_DATA[20] -> _92416_/D : -0.443081
[hold in-reg] W_DATA[20] -> _92408_/D : -0.442751
[hold in-reg] A_LEN[2] -> _92022_/D : -0.442487
[hold in-reg] W_DATA[24] -> _92377_/D : -0.442467
[hold in-reg] W_DATA[20] -> _92404_/D : -0.442372
[hold in-reg] W_DATA[16] -> _92455_/D : -0.442371
[hold in-reg] W_DATA[12] -> _92486_/D : -0.441548
[hold in-reg] W_DATA[12] -> _92482_/D : -0.441147
[hold in-reg] W_DATA[17] -> _92440_/D : -0.440862
[hold in-reg] W_DATA[16] -> _92459_/D : -0.440635
[hold in-reg] K_LEN[3] -> _92012_/D : -0.440019
[hold in-reg] W_DATA[17] -> _92448_/D : -0.439793
[hold in-reg] W_DATA[22] -> _92406_/D : -0.437169
[hold in-reg] W_DATA[16] -> _92451_/D : -0.437091
[hold in-reg] W_DATA[17] -> _92452_/D : -0.436683
[hold in-reg] W_DATA[21] -> _92405_/D : -0.434903
[hold in-reg] W_DATA[15] -> _92493_/D : -0.434814
[hold in-reg] W_DATA[22] -> _92410_/D : -0.433533
[hold in-reg] W_DATA[20] -> _92412_/D : -0.432781
[hold in-reg] W_DATA[15] -> _92473_/D : -0.432569
[hold in-reg] W_DATA[21] -> _92397_/D : -0.432527
[hold in-reg] W_DATA[15] -> _92481_/D : -0.432200
[hold in-reg] W_DATA[15] -> _92469_/D : -0.431956
[hold in-reg] W_DATA[20] -> _92400_/D : -0.431769
[hold in-reg] W_DATA[15] -> _92497_/D : -0.431339
[hold in-reg] W_DATA[15] -> _92477_/D : -0.431149
[hold in-reg] W_DATA[21] -> _92409_/D : -0.430534
[hold in-reg] W_DATA[22] -> _92422_/D : -0.430408
[hold in-reg] W_DATA[16] -> _92447_/D : -0.430295
[hold in-reg] W_DATA[22] -> _92418_/D : -0.429073
[hold in-reg] W_DATA[22] -> _92402_/D : -0.428771
[hold in-reg] W_DATA[22] -> _92426_/D : -0.428707
[hold in-reg] A_LEN[2] -> _92021_/D : -0.428342
[hold in-reg] W_DATA[17] -> _92436_/D : -0.428241
[hold in-reg] W_LEN[2] -> _91999_/D : -0.428138
[hold in-reg] W_DATA[20] -> _92424_/D : -0.427013
[hold in-reg] W_DATA[21] -> _92425_/D : -0.425824
[hold in-reg] W_DATA[17] -> _92444_/D : -0.425289
[hold in-reg] W_DATA[16] -> _92443_/D : -0.422002
[hold in-reg] BIAS_NEW -> _91991_/D : -0.421089
[hold in-reg] W_DATA[16] -> _92439_/D : -0.420382
[hold in-reg] W_DATA[19] -> _92458_/D : -0.419371
[hold in-reg] W_DATA[16] -> _92431_/D : -0.418543
[hold in-reg] W_DATA[16] -> _92435_/D : -0.418460
[hold in-reg] W_LEN[1] -> _92036_/D : -0.418442
[hold in-reg] W_DATA[23] -> _92407_/D : -0.418384
[hold in-reg] W_DATA[19] -> _92438_/D : -0.416905
[hold in-reg] W_DATA[21] -> _92413_/D : -0.416060
[hold in-reg] W_DATA[22] -> _92398_/D : -0.415819
[hold in-reg] W_DATA[21] -> _92401_/D : -0.415076
[hold in-reg] W_DATA[19] -> _92442_/D : -0.414407
[hold in-reg] W_DATA[19] -> _92434_/D : -0.413849
[hold in-reg] W_DATA[22] -> _92414_/D : -0.413139
[hold in-reg] W_DATA[19] -> _92454_/D : -0.412903
[hold in-reg] W_DATA[12] -> _92478_/D : -0.412063
[hold in-reg] W_DATA[19] -> _92446_/D : -0.411205
[hold in-reg] W_DATA[21] -> _92417_/D : -0.410065
[hold in-reg] W_DATA[23] -> _92411_/D : -0.409269
[hold in-reg] W_DATA[23] -> _92419_/D : -0.409052
[hold in-reg] W_DATA[19] -> _92462_/D : -0.408839
[hold in-reg] W_DATA[12] -> _92466_/D : -0.407690
[hold in-reg] A_LEN[0] -> _92025_/D : -0.407579
[hold in-reg] W_DATA[21] -> _92421_/D : -0.407421
[hold in-reg] W_DATA[23] -> _92423_/D : -0.407339
[hold in-reg] W_DATA[23] -> _92399_/D : -0.403853
[hold in-reg] W_DATA[23] -> _92403_/D : -0.403848
[hold in-reg] W_DATA[12] -> _92474_/D : -0.400774
[hold in-reg] W_DATA[23] -> _92427_/D : -0.400740
[hold in-reg] W_DATA[12] -> _92494_/D : -0.399720
[hold in-reg] W_DATA[12] -> _92470_/D : -0.394752
[hold in-reg] W_DATA[23] -> _92415_/D : -0.391988
[hold in-reg] W_DATA[18] -> _92461_/D : -0.388243
[hold in-reg] W_DATA[18] -> _92441_/D : -0.386660
[hold in-reg] W_DATA[19] -> _92450_/D : -0.386609
[hold in-reg] W_DATA[18] -> _92453_/D : -0.384910
[hold in-reg] W_DATA[18] -> _92457_/D : -0.383438
[hold in-reg] W_DATA[18] -> _92445_/D : -0.380403
[hold in-reg] K_LEN[2] -> _92011_/D : -0.373465
[hold in-reg] K_LEN[0] -> _92029_/D : -0.370317
[hold in-reg] W_DATA[18] -> _92449_/D : -0.368452
[hold in-reg] W_LEN[1] -> _91998_/D : -0.364891
[hold in-reg] W_DATA[18] -> _92437_/D : -0.362299
[hold in-reg] W_DATA[18] -> _92433_/D : -0.359921
[hold in-reg] K_LEN[1] -> _92030_/D : -0.356001
[hold in-reg] K_LEN[1] -> _92010_/D : -0.344240
[hold in-reg] A_LEN[1] -> _92026_/D : -0.296742
[hold in-reg] W_LEN[3] -> _92037_/D : -0.290635
[hold in-reg] A_LEN[0] -> _92027_/D : -0.289801
[hold in-reg] W_LEN[1] -> _92035_/D : -0.283363
[hold in-reg] W_LEN[1] -> _92034_/D : -0.267556
[hold in-reg] A_LEN[2] -> _92024_/D : -0.255921
[hold in-reg] W_LEN[3] -> _92040_/D : -0.243232
[hold in-reg] rst_n -> _92293_/RESET_B : -0.242396
[hold in-reg] rst_n -> _92568_/RESET_B : -0.230365
[hold in-reg] W_LEN[2] -> _92038_/D : -0.200958
[hold in-reg] METADATA_VLD -> _94774_/D : -0.188937
[hold in-reg] W_LEN[3] -> _92000_/D : -0.174498
[hold in-reg] W_LEN[3] -> _92041_/D : -0.165740
[hold in-reg] W_LEN[0] -> _91997_/D : -0.123852
[hold in-reg] rst_n -> _92430_/RESET_B : -0.115763
[hold in-reg] SCALE_VLD -> _91933_/D : -0.089373
[hold in-reg] METADATA_VLD -> _91995_/D : -0.084044
[hold in-reg] SCALE_VLD -> _91935_/D : -0.078012
[hold in-reg] SCALE_VLD -> _91930_/D : -0.075079
[hold in-reg] SCALE_VLD -> _91931_/D : -0.074868
[hold in-reg] SCALE[7] -> _91946_/D : -0.074552
[hold in-reg] W_LEN[2] -> _92039_/D : -0.057487
[hold in-reg] SCALE_VLD -> _91934_/D : -0.048673
[hold in-reg] SCALE_VLD -> _91932_/D : -0.040489
[hold in-reg] METADATA_VLD -> _94775_/D : -0.004462
[hold in-reg] SCALE_VLD -> _91936_/D : -0.003408
[setup reg-reg] _93868_/Q -> _93866_/D : -8.466419
[setup reg-reg] _93251_/Q -> _93247_/D : -8.435139
[setup reg-reg] _93251_/Q -> _93248_/D : -8.403886
[setup reg-reg] _94027_/Q -> _94028_/D : -8.384245
[setup reg-reg] _93251_/Q -> _93252_/D : -8.382337
[setup reg-reg] _93251_/Q -> _93251_/D : -8.372242
[setup reg-reg] _93517_/Q -> _93527_/D : -8.368300
[setup reg-reg] _93251_/Q -> _93253_/D : -8.363431
[setup reg-reg] _93924_/Q -> _93919_/D : -8.359555
[setup reg-reg] _93924_/Q -> _93920_/D : -8.358295
[setup reg-reg] _93924_/Q -> _93921_/D : -8.355190
[setup reg-reg] _93897_/Q -> _93894_/D : -8.346943
[setup reg-reg] _92607_/Q -> _94711_/D : -8.335739
[setup reg-reg] _93517_/Q -> _93530_/D : -8.301208
[setup reg-reg] _93868_/Q -> _93858_/D : -8.296534
[setup reg-reg] _92607_/Q -> _94710_/D : -8.292364
[setup reg-reg] _93517_/Q -> _93529_/D : -8.282700
[setup reg-reg] _93171_/Q -> _93180_/D : -8.274117
[setup reg-reg] _93251_/Q -> _93240_/D : -8.273491
[setup reg-reg] _93517_/Q -> _93531_/D : -8.266540
[setup reg-reg] _94161_/Q -> _94157_/D : -8.260379
[setup reg-reg] _94796_/Q -> _94795_/D : -8.259486
[setup reg-reg] _93868_/Q -> _93872_/D : -8.257812
[setup reg-reg] _93047_/Q -> _93422_/D : -8.250327
[setup reg-reg] _94796_/Q -> _94797_/D : -8.238345
[setup reg-reg] _93998_/Q -> _93988_/D : -8.237740
[setup reg-reg] _94161_/Q -> _94158_/D : -8.234963
[setup reg-reg] _93251_/Q -> _93243_/D : -8.233837
[setup reg-reg] _93868_/Q -> _93871_/D : -8.232260
[setup reg-reg] _93251_/Q -> _93244_/D : -8.232183
[setup reg-reg] _93868_/Q -> _93869_/D : -8.231190
[setup reg-reg] _93047_/Q -> _93417_/D : -8.229935
[setup reg-reg] _93382_/Q -> _93390_/D : -8.228951
[setup reg-reg] _93251_/Q -> _93241_/D : -8.228515
[setup reg-reg] _93674_/Q -> _93674_/D : -8.221637
[setup reg-reg] _93868_/Q -> _93862_/D : -8.214629
[setup reg-reg] _93868_/Q -> _93860_/D : -8.212782
[setup reg-reg] _93868_/Q -> _93861_/D : -8.206568
[setup reg-reg] _93047_/Q -> _93416_/D : -8.202811
[setup reg-reg] _93251_/Q -> _93246_/D : -8.198317
[setup reg-reg] _93251_/Q -> _93250_/D : -8.195423
[setup reg-reg] _93251_/Q -> _93245_/D : -8.194657
[setup reg-reg] _93251_/Q -> _93254_/D : -8.192371
[setup reg-reg] _93171_/Q -> _93184_/D : -8.190308
[setup reg-reg] _93868_/Q -> _93870_/D : -8.189178
[setup reg-reg] _93251_/Q -> _93242_/D : -8.182614
[setup reg-reg] _93171_/Q -> _93183_/D : -8.182122
[setup reg-reg] _93998_/Q -> _93992_/D : -8.177713
[setup reg-reg] _93047_/Q -> _93419_/D : -8.175626
[setup reg-reg] _93998_/Q -> _93991_/D : -8.171545
[setup reg-reg] _93868_/Q -> _93867_/D : -8.171471
[setup reg-reg] _93382_/Q -> _93395_/D : -8.171016
[setup reg-reg] _93047_/Q -> _93420_/D : -8.170966
[setup reg-reg] _93382_/Q -> _93393_/D : -8.165381
[setup reg-reg] _94161_/Q -> _94161_/D : -8.164214
[setup reg-reg] _94161_/Q -> _94163_/D : -8.164076
[setup reg-reg] _92855_/Q -> _94262_/D : -8.163333
[setup reg-reg] _93382_/Q -> _93394_/D : -8.162950
[setup reg-reg] _93998_/Q -> _93993_/D : -8.161621
[setup reg-reg] _93251_/Q -> _93249_/D : -8.161364
[setup reg-reg] _94161_/Q -> _94164_/D : -8.161207
[setup reg-reg] _93047_/Q -> _93421_/D : -8.158928
[setup reg-reg] _93171_/Q -> _93182_/D : -8.158302
[setup reg-reg] _94161_/Q -> _94160_/D : -8.157562
[setup reg-reg] _93171_/Q -> _93181_/D : -8.156724
[setup reg-reg] _93047_/Q -> _93423_/D : -8.156308
[setup reg-reg] _94161_/Q -> _94162_/D : -8.154695
[setup reg-reg] _93382_/Q -> _93396_/D : -8.154313
[setup reg-reg] _93897_/Q -> _93893_/D : -8.151304
[setup reg-reg] _93998_/Q -> _93994_/D : -8.143724
[setup reg-reg] _92631_/Q -> _94390_/D : -8.138748
[setup reg-reg] _92631_/Q -> _94392_/D : -8.127566
[setup reg-reg] _92855_/Q -> _94261_/D : -8.127360
[setup reg-reg] _92855_/Q -> _94260_/D : -8.126967
[setup reg-reg] _94373_/Q -> _94371_/D : -8.119788
[setup reg-reg] _93674_/Q -> _93680_/D : -8.119424
[setup reg-reg] _94438_/Q -> _94445_/D : -8.119245
[setup reg-reg] _93897_/Q -> _93896_/D : -8.111638
[setup reg-reg] _93998_/Q -> _93996_/D : -8.106962
[setup reg-reg] _92783_/Q -> _93943_/D : -8.106039
[setup reg-reg] _93778_/Q -> _93777_/D : -8.104200
[setup reg-reg] _93897_/Q -> _93895_/D : -8.102182
[setup reg-reg] _93382_/Q -> _93389_/D : -8.099637
[setup reg-reg] _94027_/Q -> _94027_/D : -8.092259
[setup reg-reg] _93897_/Q -> _93897_/D : -8.091258
[setup reg-reg] _94757_/Q -> _94763_/D : -8.088390
[setup reg-reg] _93897_/Q -> _93899_/D : -8.083302
[setup reg-reg] _93647_/Q -> _93657_/D : -8.081303
[setup reg-reg] _93015_/Q -> _93575_/D : -8.079632
[setup reg-reg] _94474_/Q -> _94476_/D : -8.078411
[setup reg-reg] _94474_/Q -> _94474_/D : -8.071935
[setup reg-reg] _93897_/Q -> _93898_/D : -8.071348
[setup reg-reg] _93274_/Q -> _93264_/D : -8.062083
[setup reg-reg] _92631_/Q -> _94391_/D : -8.055185
[setup reg-reg] _94474_/Q -> _94475_/D : -8.052791
[setup reg-reg] _93778_/Q -> _93780_/D : -8.049410
[setup reg-reg] _94474_/Q -> _94477_/D : -8.046932
[setup reg-reg] _94027_/Q -> _94025_/D : -8.044481
[setup reg-reg] _94320_/Q -> _94314_/D : -8.044467
[setup reg-reg] _93924_/Q -> _93918_/D : -8.041807
[setup reg-reg] _94373_/Q -> _94361_/D : -8.039084
[setup reg-reg] _93274_/Q -> _93276_/D : -8.038267
[setup reg-reg] _94027_/Q -> _94017_/D : -8.037746
[setup reg-reg] _93924_/Q -> _93916_/D : -8.034693
[setup reg-reg] _94796_/Q -> _94793_/D : -8.034427
[setup reg-reg] _94027_/Q -> _94022_/D : -8.033979
[setup reg-reg] _93712_/Q -> _93710_/D : -8.031653
[setup reg-reg] _93778_/Q -> _93779_/D : -8.029155
[setup reg-reg] _93621_/Q -> _93627_/D : -8.028680
[setup reg-reg] _93778_/Q -> _93781_/D : -8.028115
[setup reg-reg] _93712_/Q -> _93708_/D : -8.024691
[setup reg-reg] _93760_/Q -> _93760_/D : -8.024588
[setup reg-reg] _92823_/Q -> _94108_/D : -8.023768
[setup reg-reg] _92823_/Q -> _94107_/D : -8.022428
[setup reg-reg] _93897_/Q -> _93885_/D : -8.022278
[setup reg-reg] _93778_/Q -> _93782_/D : -8.022113
[setup reg-reg] _93647_/Q -> _93658_/D : -8.020838
[setup reg-reg] _94027_/Q -> _94016_/D : -8.019612
[setup reg-reg] _93463_/Q -> _93471_/D : -8.019393
[setup reg-reg] _92607_/Q -> _94708_/D : -8.017072
[setup reg-reg] _94161_/Q -> _94150_/D : -8.016804
[setup reg-reg] _93778_/Q -> _93783_/D : -8.015474
[setup reg-reg] _94161_/Q -> _94154_/D : -8.012812
[setup reg-reg] _93171_/Q -> _93172_/D : -8.011846
[setup reg-reg] _93171_/Q -> _93171_/D : -8.010215
[setup reg-reg] _94027_/Q -> _94018_/D : -8.009253
[setup reg-reg] _93063_/Q -> _93369_/D : -8.009012
[setup reg-reg] _94027_/Q -> _94015_/D : -8.008563
[setup reg-reg] _93621_/Q -> _93629_/D : -8.007875
[setup reg-reg] _93171_/Q -> _93173_/D : -8.007298
[setup reg-reg] _94027_/Q -> _94019_/D : -8.005190
[setup reg-reg] _94027_/Q -> _94026_/D : -8.004472
[setup reg-reg] _93778_/Q -> _93778_/D : -8.004330
[setup reg-reg] _93712_/Q -> _93714_/D : -8.003786
[setup reg-reg] _93897_/Q -> _93887_/D : -8.003712
[setup reg-reg] _93924_/Q -> _93926_/D : -8.001772
[setup reg-reg] _93171_/Q -> _93174_/D : -8.001539
[setup reg-reg] _93171_/Q -> _93177_/D : -8.001393
[setup reg-reg] _93712_/Q -> _93713_/D : -8.001105
[setup reg-reg] _94757_/Q -> _94765_/D : -8.000889
[setup reg-reg] _93071_/Q -> _93316_/D : -7.999159
[setup reg-reg] _93712_/Q -> _93715_/D : -7.998377
[setup reg-reg] _93621_/Q -> _93632_/D : -7.997196
[setup reg-reg] _93712_/Q -> _93709_/D : -7.996080
[setup reg-reg] _93778_/Q -> _93785_/D : -7.995068
[setup reg-reg] _93621_/Q -> _93634_/D : -7.994388
[setup reg-reg] _93621_/Q -> _93624_/D : -7.993521
[setup reg-reg] _93924_/Q -> _93925_/D : -7.992688
[setup reg-reg] _93621_/Q -> _93628_/D : -7.991696
[setup reg-reg] _93382_/Q -> _93392_/D : -7.989655
[setup reg-reg] _94757_/Q -> _94766_/D : -7.987557
[setup reg-reg] _93063_/Q -> _93363_/D : -7.981822
[setup reg-reg] _92919_/Q -> _94525_/D : -7.980804
[setup reg-reg] _93621_/Q -> _93623_/D : -7.980745
[setup reg-reg] _93171_/Q -> _93175_/D : -7.978853
[setup reg-reg] _93778_/Q -> _93786_/D : -7.977425
[setup reg-reg] _94796_/Q -> _94786_/D : -7.976747
[setup reg-reg] _93621_/Q -> _93633_/D : -7.974150
[setup reg-reg] _94027_/Q -> _94029_/D : -7.972999
[setup reg-reg] _93924_/Q -> _93924_/D : -7.972379
[setup reg-reg] _93621_/Q -> _93631_/D : -7.970695
[setup reg-reg] _93924_/Q -> _93923_/D : -7.970547
[setup reg-reg] _94161_/Q -> _94153_/D : -7.968718
[setup reg-reg] _93760_/Q -> _93762_/D : -7.968451
[setup reg-reg] _94238_/Q -> _94229_/D : -7.967705
[setup reg-reg] _92607_/Q -> _94707_/D : -7.961833
[setup reg-reg] _92966_/Q -> _94738_/D : -7.959631
[setup reg-reg] _94161_/Q -> _94159_/D : -7.957667
[setup reg-reg] _93382_/Q -> _93382_/D : -7.957269
[setup reg-reg] _94373_/Q -> _94362_/D : -7.955263
[setup reg-reg] _94474_/Q -> _94478_/D : -7.955043
[setup reg-reg] _93382_/Q -> _93386_/D : -7.954251
[setup reg-reg] _94027_/Q -> _94023_/D : -7.953929
[setup reg-reg] _93897_/Q -> _93888_/D : -7.952990
[setup reg-reg] _94238_/Q -> _94228_/D : -7.952851
[setup reg-reg] _93712_/Q -> _93712_/D : -7.952806
[setup reg-reg] _93897_/Q -> _93890_/D : -7.950606
[setup reg-reg] _93924_/Q -> _93922_/D : -7.948647
[setup reg-reg] _93047_/Q -> _93413_/D : -7.947444
[setup reg-reg] _93047_/Q -> _93412_/D : -7.946225
[setup reg-reg] _93712_/Q -> _93711_/D : -7.945421
[setup reg-reg] _93924_/Q -> _93912_/D : -7.944396
[setup reg-reg] _93382_/Q -> _93383_/D : -7.943306
[setup reg-reg] _94373_/Q -> _94365_/D : -7.942527
[setup reg-reg] _94373_/Q -> _94363_/D : -7.940035
[setup reg-reg] _93071_/Q -> _93318_/D : -7.939653
[setup reg-reg] _94796_/Q -> _94794_/D : -7.938495
[setup reg-reg] _92823_/Q -> _94106_/D : -7.938230
[setup reg-reg] _93274_/Q -> _93262_/D : -7.938141
[setup reg-reg] _93868_/Q -> _93865_/D : -7.936429
[setup reg-reg] _94373_/Q -> _94364_/D : -7.935953
[setup reg-reg] _94027_/Q -> _94024_/D : -7.934579
[setup reg-reg] _93047_/Q -> _93410_/D : -7.934409
[setup reg-reg] _94796_/Q -> _94790_/D : -7.932396
[setup reg-reg] _94373_/Q -> _94367_/D : -7.930193
[setup reg-reg] _94438_/Q -> _94437_/D : -7.929824
[setup reg-reg] _94320_/Q -> _94315_/D : -7.929352
[setup reg-reg] _94796_/Q -> _94787_/D : -7.928186
[setup reg-reg] _93760_/Q -> _93763_/D : -7.927538
[setup reg-reg] _94373_/Q -> _94369_/D : -7.925685
[setup reg-reg] _94796_/Q -> _94792_/D : -7.925575
[setup reg-reg] _94161_/Q -> _94155_/D : -7.925444
[setup reg-reg] _93712_/Q -> _93701_/D : -7.924200
[setup reg-reg] _94373_/Q -> _94366_/D : -7.923666
[setup reg-reg] _93382_/Q -> _93384_/D : -7.922975
[setup reg-reg] _93047_/Q -> _93411_/D : -7.922534
[setup reg-reg] _94373_/Q -> _94370_/D : -7.922479
[setup reg-reg] _94438_/Q -> _94451_/D : -7.919690
[setup reg-reg] _93071_/Q -> _93317_/D : -7.919086
[setup reg-reg] _94161_/Q -> _94152_/D : -7.917518
[setup reg-reg] _93760_/Q -> _93761_/D : -7.915505
[setup reg-reg] _93897_/Q -> _93886_/D : -7.914396
[setup reg-reg] _93047_/Q -> _93418_/D : -7.913826
[setup reg-reg] _93071_/Q -> _93319_/D : -7.909375
[setup reg-reg] _94161_/Q -> _94156_/D : -7.907163
[setup reg-reg] _94796_/Q -> _94788_/D : -7.906620
[setup reg-reg] _93382_/Q -> _93391_/D : -7.906387
[setup reg-reg] _94438_/Q -> _94449_/D : -7.905030
[setup reg-reg] _93031_/Q -> _93503_/D : -7.904612
[setup reg-reg] _93219_/Q -> _93228_/D : -7.900239
[setup reg-reg] _94796_/Q -> _94791_/D : -7.900053
[setup reg-reg] _94796_/Q -> _94789_/D : -7.900029
[setup reg-reg] _94438_/Q -> _94447_/D : -7.898699
[setup reg-reg] _92966_/Q -> _94736_/D : -7.895968
[setup reg-reg] _93219_/Q -> _93230_/D : -7.895230
[setup reg-reg] _93674_/Q -> _93683_/D : -7.894452
[setup reg-reg] _94211_/Q -> _94213_/D : -7.893169
[setup reg-reg] _93079_/Q -> _93284_/D : -7.890547
[setup reg-reg] _92607_/Q -> _94715_/D : -7.888746
[setup reg-reg] _94161_/Q -> _94151_/D : -7.888136
[setup reg-reg] _94438_/Q -> _94438_/D : -7.887954
[setup reg-reg] _93974_/Q -> _93970_/D : -7.886920
[setup reg-reg] _94238_/Q -> _94233_/D : -7.886884
[setup reg-reg] _94796_/Q -> _94801_/D : -7.885373
[setup reg-reg] _94238_/Q -> _94234_/D : -7.883184
[setup reg-reg] _92607_/Q -> _94716_/D : -7.881516
[setup reg-reg] _93171_/Q -> _93170_/D : -7.880896
[setup reg-reg] _92631_/Q -> _94386_/D : -7.879294
[setup reg-reg] _93071_/Q -> _93320_/D : -7.877745
[setup reg-reg] _94211_/Q -> _94211_/D : -7.877180
[setup reg-reg] _94238_/Q -> _94235_/D : -7.876411
[setup reg-reg] _93674_/Q -> _93679_/D : -7.876350
[setup reg-reg] _93079_/Q -> _93292_/D : -7.876079
[setup reg-reg] _93712_/Q -> _93702_/D : -7.875718
[setup reg-reg] _93897_/Q -> _93891_/D : -7.875327
[setup reg-reg] _92607_/Q -> _94709_/D : -7.874583
[setup reg-reg] _92607_/Q -> _94713_/D : -7.873098
[setup reg-reg] _93924_/Q -> _93915_/D : -7.870019
[setup reg-reg] _93868_/Q -> _93863_/D : -7.869394
[setup reg-reg] _93712_/Q -> _93707_/D : -7.866158
[setup reg-reg] _93924_/Q -> _93917_/D : -7.866056
[setup reg-reg] _94757_/Q -> _94764_/D : -7.865897
[setup reg-reg] _92966_/Q -> _94744_/D : -7.864694
[setup reg-reg] _92631_/Q -> _94383_/D : -7.861870
[setup reg-reg] _93674_/Q -> _93675_/D : -7.860145
[setup reg-reg] _93079_/Q -> _93291_/D : -7.859978
[setup reg-reg] _94438_/Q -> _94450_/D : -7.859569
[setup reg-reg] _93924_/Q -> _93914_/D : -7.858745
[setup reg-reg] _93382_/Q -> _93388_/D : -7.858145
[setup reg-reg] _94438_/Q -> _94448_/D : -7.856526
[setup reg-reg] _93382_/Q -> _93387_/D : -7.852858
[setup reg-reg] _93712_/Q -> _93706_/D : -7.851240
[setup reg-reg] _92783_/Q -> _93947_/D : -7.850030
[setup reg-reg] _93712_/Q -> _93704_/D : -7.848849
[setup reg-reg] _94796_/Q -> _94798_/D : -7.848792
[setup reg-reg] _93382_/Q -> _93385_/D : -7.848114
[setup reg-reg] _92783_/Q -> _93946_/D : -7.848104
[setup reg-reg] _93924_/Q -> _93913_/D : -7.847337
[setup reg-reg] _93712_/Q -> _93703_/D : -7.847165
[setup reg-reg] _93274_/Q -> _93268_/D : -7.844999
[setup reg-reg] _94438_/Q -> _94440_/D : -7.844675
[setup reg-reg] _94211_/Q -> _94212_/D : -7.843544
[setup reg-reg] _93868_/Q -> _93859_/D : -7.843404
[setup reg-reg] _93674_/Q -> _93676_/D : -7.842253
[setup reg-reg] _94796_/Q -> _94800_/D : -7.842148
[setup reg-reg] _94757_/Q -> _94768_/D : -7.841882
[setup reg-reg] _92783_/Q -> _93942_/D : -7.838958
[setup reg-reg] _93079_/Q -> _93293_/D : -7.838114
[setup reg-reg] _92823_/Q -> _94103_/D : -7.837768
[setup reg-reg] _93219_/Q -> _93226_/D : -7.836006
[setup reg-reg] _92855_/Q -> _94254_/D : -7.834672
[setup reg-reg] _94438_/Q -> _94446_/D : -7.834658
[setup reg-reg] _92783_/Q -> _93948_/D : -7.832746
[setup reg-reg] _92647_/Q -> _94176_/D : -7.832483
[setup reg-reg] _93674_/Q -> _93681_/D : -7.826365
[setup reg-reg] _92631_/Q -> _94387_/D : -7.824832
[setup reg-reg] _92631_/Q -> _94384_/D : -7.824314
[setup reg-reg] _92783_/Q -> _93939_/D : -7.823134
[setup reg-reg] _93712_/Q -> _93705_/D : -7.822854
[setup reg-reg] _93274_/Q -> _93266_/D : -7.822422
[setup reg-reg] _94796_/Q -> _94799_/D : -7.819312
[setup reg-reg] _92631_/Q -> _94388_/D : -7.819077
[setup reg-reg] _92607_/Q -> _94714_/D : -7.818604
[setup reg-reg] _92855_/Q -> _94256_/D : -7.818166
[setup reg-reg] _92966_/Q -> _94729_/D : -7.817700
[setup reg-reg] _93015_/Q -> _93569_/D : -7.817663
[setup reg-reg] _93868_/Q -> _93864_/D : -7.817473
[setup reg-reg] _92631_/Q -> _94389_/D : -7.817152
[setup reg-reg] _93674_/Q -> _93677_/D : -7.816566
[setup reg-reg] _93674_/Q -> _93678_/D : -7.815919
[setup reg-reg] _93219_/Q -> _93229_/D : -7.814432
[setup reg-reg] _92855_/Q -> _94258_/D : -7.814435
[setup reg-reg] _93274_/Q -> _93267_/D : -7.813288
[setup reg-reg] _92855_/Q -> _94255_/D : -7.812446
[setup reg-reg] _92919_/Q -> _94518_/D : -7.811661
[setup reg-reg] _93015_/Q -> _93566_/D : -7.808806
[setup reg-reg] _94757_/Q -> _94770_/D : -7.807932
[setup reg-reg] _93674_/Q -> _93682_/D : -7.807850
[setup reg-reg] _94757_/Q -> _94769_/D : -7.805609
[setup reg-reg] _92783_/Q -> _93945_/D : -7.802728
[setup reg-reg] _93015_/Q -> _93568_/D : -7.802163
[setup reg-reg] _94757_/Q -> _94771_/D : -7.801818
[setup reg-reg] _92622_/Q -> _94500_/D : -7.801349
[setup reg-reg] _92607_/Q -> _94712_/D : -7.801028
[setup reg-reg] _93079_/Q -> _93290_/D : -7.800385
[setup reg-reg] _93015_/Q -> _93567_/D : -7.800159
[setup reg-reg] _92855_/Q -> _94253_/D : -7.799610
[setup reg-reg] _94757_/Q -> _94767_/D : -7.799100
[setup reg-reg] _92855_/Q -> _94257_/D : -7.797912
[setup reg-reg] _92631_/Q -> _94385_/D : -7.797265
[setup reg-reg] _94238_/Q -> _94237_/D : -7.795661
[setup reg-reg] _92855_/Q -> _94259_/D : -7.793299
[setup reg-reg] _92966_/Q -> _94737_/D : -7.790282
[setup reg-reg] _93171_/Q -> _93176_/D : -7.786275
[setup reg-reg] _93079_/Q -> _93286_/D : -7.782861
[setup reg-reg] _93079_/Q -> _93285_/D : -7.780072
[setup reg-reg] _93079_/Q -> _93287_/D : -7.779088
[setup reg-reg] _94757_/Q -> _94757_/D : -7.775984
[setup reg-reg] _94635_/Q -> _94628_/D : -7.774160
[setup reg-reg] _94027_/Q -> _94021_/D : -7.773846
[setup reg-reg] _92823_/Q -> _94100_/D : -7.773812
[setup reg-reg] _94238_/Q -> _94238_/D : -7.772089
[setup reg-reg] _94796_/Q -> _94796_/D : -7.768776
[setup reg-reg] _92823_/Q -> _94099_/D : -7.767833
[setup reg-reg] _93778_/Q -> _93788_/D : -7.766190
[setup reg-reg] _92823_/Q -> _94101_/D : -7.765962
[setup reg-reg] _93778_/Q -> _93791_/D : -7.765954
[setup reg-reg] _93079_/Q -> _93289_/D : -7.765555
[setup reg-reg] _94238_/Q -> _94240_/D : -7.764568
[setup reg-reg] _93079_/Q -> _93288_/D : -7.763369
[setup reg-reg] _94238_/Q -> _94239_/D : -7.762543
[setup reg-reg] _94027_/Q -> _94020_/D : -7.762459
[setup reg-reg] _93274_/Q -> _93272_/D : -7.759859
[setup reg-reg] _94238_/Q -> _94236_/D : -7.758741
[setup reg-reg] _94583_/Q -> _94581_/D : -7.758429
[setup reg-reg] _93778_/Q -> _93789_/D : -7.757434
[setup reg-reg] _92863_/Q -> _94344_/D : -7.756731
[setup reg-reg] _94320_/Q -> _94319_/D : -7.755699
[setup reg-reg] _93171_/Q -> _93179_/D : -7.754595
[setup reg-reg] _94474_/Q -> _94473_/D : -7.751867
[setup reg-reg] _94635_/Q -> _94629_/D : -7.751225
[setup reg-reg] _93171_/Q -> _93178_/D : -7.743655
[setup reg-reg] _94320_/Q -> _94310_/D : -7.736087
[setup reg-reg] _93674_/Q -> _93684_/D : -7.734286
[setup reg-reg] _94438_/Q -> _94441_/D : -7.733210
[setup reg-reg] _93621_/Q -> _93620_/D : -7.729945
[setup reg-reg] _92823_/Q -> _94109_/D : -7.728144
[setup reg-reg] _94373_/Q -> _94373_/D : -7.727788
[setup reg-reg] _92759_/Q -> _93845_/D : -7.727319
[setup reg-reg] _93063_/Q -> _93364_/D : -7.726884
[setup reg-reg] _94320_/Q -> _94308_/D : -7.726547
[setup reg-reg] _92823_/Q -> _94105_/D : -7.724735
[setup reg-reg] _93274_/Q -> _93265_/D : -7.724671
[setup reg-reg] _93621_/Q -> _93635_/D : -7.723806
[setup reg-reg] _92966_/Q -> _94731_/D : -7.723472
[setup reg-reg] _94474_/Q -> _94472_/D : -7.721132
[setup reg-reg] _92815_/Q -> _94130_/D : -7.720065
[setup reg-reg] _93071_/Q -> _93313_/D : -7.717811
[setup reg-reg] _94373_/Q -> _94374_/D : -7.716537
[setup reg-reg] _93274_/Q -> _93263_/D : -7.715102
[setup reg-reg] _94320_/Q -> _94309_/D : -7.713579
[setup reg-reg] _92631_/Q -> _94398_/D : -7.712466
[setup reg-reg] _93621_/Q -> _93625_/D : -7.712053
[setup reg-reg] _94320_/Q -> _94318_/D : -7.711823
[setup reg-reg] _94320_/Q -> _94321_/D : -7.711011
[setup reg-reg] _94757_/Q -> _94759_/D : -7.709483
[setup reg-reg] _94474_/Q -> _94471_/D : -7.707110
[setup reg-reg] _92919_/Q -> _94524_/D : -7.706336
[setup reg-reg] _93621_/Q -> _93622_/D : -7.706234
[setup reg-reg] _94438_/Q -> _94439_/D : -7.705531
[setup reg-reg] _92607_/Q -> _94705_/D : -7.703223
[setup reg-reg] _93621_/Q -> _93626_/D : -7.703088
[setup reg-reg] _92607_/Q -> _94702_/D : -7.702173
[setup reg-reg] _92631_/Q -> _94393_/D : -7.701630
[setup reg-reg] _92966_/Q -> _94730_/D : -7.700742
[setup reg-reg] _92919_/Q -> _94528_/D : -7.700624
[setup reg-reg] _92919_/Q -> _94529_/D : -7.700237
[setup reg-reg] _92631_/Q -> _94397_/D : -7.699921
[setup reg-reg] _94373_/Q -> _94372_/D : -7.699043
[setup reg-reg] _92823_/Q -> _94096_/D : -7.698903
[setup reg-reg] _93063_/Q -> _93359_/D : -7.698768
[setup reg-reg] _93621_/Q -> _93621_/D : -7.696759
[setup reg-reg] _93760_/Q -> _93758_/D : -7.694466
[setup reg-reg] _94238_/Q -> _94227_/D : -7.693684
[setup reg-reg] _93031_/Q -> _93498_/D : -7.692350
[setup reg-reg] _92815_/Q -> _94132_/D : -7.691773
[setup reg-reg] _94320_/Q -> _94317_/D : -7.691375
[setup reg-reg] _92631_/Q -> _94396_/D : -7.690892
[setup reg-reg] _93015_/Q -> _93574_/D : -7.690881
[setup reg-reg] _92919_/Q -> _94522_/D : -7.689803
[setup reg-reg] _94320_/Q -> _94320_/D : -7.689773
[setup reg-reg] _93047_/Q -> _93409_/D : -7.689756
[setup reg-reg] _93621_/Q -> _93630_/D : -7.689703
[setup reg-reg] _92919_/Q -> _94519_/D : -7.689618
[setup reg-reg] _92966_/Q -> _94732_/D : -7.689590
[setup reg-reg] _92631_/Q -> _94395_/D : -7.688256
[setup reg-reg] _92919_/Q -> _94530_/D : -7.687027
[setup reg-reg] _92647_/Q -> _94180_/D : -7.686920
[setup reg-reg] _92631_/Q -> _94394_/D : -7.686801
[setup reg-reg] _93219_/Q -> _93232_/D : -7.686618
[setup reg-reg] _92647_/Q -> _94179_/D : -7.686161
[setup reg-reg] _92607_/Q -> _94704_/D : -7.684350
[setup reg-reg] _94757_/Q -> _94762_/D : -7.683827
[setup reg-reg] _92919_/Q -> _94521_/D : -7.683174
[setup reg-reg] _92863_/Q -> _94342_/D : -7.682845
[setup reg-reg] _93274_/Q -> _93270_/D : -7.682758
[setup reg-reg] _93924_/Q -> _93927_/D : -7.682165
[setup reg-reg] _92966_/Q -> _94734_/D : -7.680962
[setup reg-reg] _92919_/Q -> _94520_/D : -7.680505
[setup reg-reg] _93071_/Q -> _93307_/D : -7.678459
[setup reg-reg] _94757_/Q -> _94760_/D : -7.678287
[setup reg-reg] _92647_/Q -> _94181_/D : -7.678054
[setup reg-reg] _93063_/Q -> _93361_/D : -7.677999
[setup reg-reg] _93015_/Q -> _93579_/D : -7.677835
[setup reg-reg] _92919_/Q -> _94527_/D : -7.677651
[setup reg-reg] _92815_/Q -> _94131_/D : -7.677127
[setup reg-reg] _92919_/Q -> _94523_/D : -7.677068
[setup reg-reg] _92919_/Q -> _94531_/D : -7.676594
[setup reg-reg] _93998_/Q -> _93995_/D : -7.675879
[setup reg-reg] _93071_/Q -> _93315_/D : -7.674171
[setup reg-reg] _93015_/Q -> _93576_/D : -7.674125
[setup reg-reg] _92919_/Q -> _94532_/D : -7.673277
[setup reg-reg] _92863_/Q -> _94343_/D : -7.672039
[setup reg-reg] _93071_/Q -> _93308_/D : -7.670309
[setup reg-reg] _93998_/Q -> _93990_/D : -7.669382
[setup reg-reg] _93274_/Q -> _93269_/D : -7.669146
[setup reg-reg] _92607_/Q -> _94706_/D : -7.668918
[setup reg-reg] _93031_/Q -> _93504_/D : -7.668092
[setup reg-reg] _94757_/Q -> _94761_/D : -7.667618
[setup reg-reg] _93031_/Q -> _93501_/D : -7.667358
[setup reg-reg] _94238_/Q -> _94231_/D : -7.666172
[setup reg-reg] _92695_/Q -> _93548_/D : -7.665971
[setup reg-reg] _92783_/Q -> _93940_/D : -7.665927
[setup reg-reg] _94757_/Q -> _94758_/D : -7.665678
[setup reg-reg] _92966_/Q -> _94733_/D : -7.664872
[setup reg-reg] _94320_/Q -> _94307_/D : -7.664479
[setup reg-reg] _93015_/Q -> _93578_/D : -7.662960
[setup reg-reg] _93063_/Q -> _93366_/D : -7.661855
[setup reg-reg] _93015_/Q -> _93577_/D : -7.660013
[setup reg-reg] _93159_/Q -> _93158_/D : -7.658875
[setup reg-reg] _92966_/Q -> _94735_/D : -7.658629
[setup reg-reg] _93674_/Q -> _93688_/D : -7.654475
[setup reg-reg] _92783_/Q -> _93941_/D : -7.652055
[setup reg-reg] _93015_/Q -> _93580_/D : -7.649425
[setup reg-reg] _92815_/Q -> _94133_/D : -7.642744
[setup reg-reg] _94238_/Q -> _94232_/D : -7.642276
[setup reg-reg] _92783_/Q -> _93944_/D : -7.641983
[setup reg-reg] _92695_/Q -> _93543_/D : -7.641857
[setup reg-reg] _94320_/Q -> _94316_/D : -7.641679
[setup reg-reg] _92695_/Q -> _93542_/D : -7.641287
[setup reg-reg] _94583_/Q -> _94580_/D : -7.640825
[setup reg-reg] _93063_/Q -> _93362_/D : -7.636881
[setup reg-reg] _93778_/Q -> _93784_/D : -7.636731
[setup reg-reg] _93674_/Q -> _93687_/D : -7.636486
[setup reg-reg] _94238_/Q -> _94226_/D : -7.636027
[setup reg-reg] _92695_/Q -> _93541_/D : -7.635697
[setup reg-reg] _92622_/Q -> _94498_/D : -7.634970
[setup reg-reg] _92966_/Q -> _94739_/D : -7.632529
[setup reg-reg] _93674_/Q -> _93686_/D : -7.631862
[setup reg-reg] _92695_/Q -> _93540_/D : -7.629085
[setup reg-reg] _93071_/Q -> _93314_/D : -7.626739
[setup reg-reg] _93760_/Q -> _93757_/D : -7.626398
[setup reg-reg] _93974_/Q -> _93972_/D : -7.623026
[setup reg-reg] _92823_/Q -> _94097_/D : -7.622605
[setup reg-reg] _93998_/Q -> _93989_/D : -7.619401
[setup reg-reg] _93998_/Q -> _93998_/D : -7.619326
[setup reg-reg] _94438_/Q -> _94444_/D : -7.618336
[setup reg-reg] _94320_/Q -> _94312_/D : -7.618182
[setup reg-reg] _94238_/Q -> _94230_/D : -7.617777
[setup reg-reg] _93219_/Q -> _93225_/D : -7.616871
[setup reg-reg] _93897_/Q -> _93889_/D : -7.609167
[setup reg-reg] _94373_/Q -> _94368_/D : -7.607726
[setup reg-reg] _94320_/Q -> _94313_/D : -7.605865
[setup reg-reg] _92607_/Q -> _94703_/D : -7.605483
[setup reg-reg] _92622_/Q -> _94496_/D : -7.603790
[setup reg-reg] _92695_/Q -> _93539_/D : -7.602747
[setup reg-reg] _93071_/Q -> _93312_/D : -7.602687
[setup reg-reg] _93219_/Q -> _93231_/D : -7.602396
[setup reg-reg] _93998_/Q -> _94001_/D : -7.601610
[setup reg-reg] _93974_/Q -> _93968_/D : -7.600713
[setup reg-reg] _93517_/Q -> _93517_/D : -7.596862
[setup reg-reg] _93778_/Q -> _93787_/D : -7.595965
[setup reg-reg] _93063_/Q -> _93355_/D : -7.595715
[setup reg-reg] _93998_/Q -> _94002_/D : -7.593730
[setup reg-reg] _93998_/Q -> _93999_/D : -7.593467
[setup reg-reg] _93998_/Q -> _94000_/D : -7.592546
[setup reg-reg] _92622_/Q -> _94493_/D : -7.592222
[setup reg-reg] _92622_/Q -> _94494_/D : -7.591405
[setup reg-reg] _92823_/Q -> _94110_/D : -7.589766
[setup reg-reg] _93463_/Q -> _93473_/D : -7.589396
[setup reg-reg] _93047_/Q -> _93415_/D : -7.588392
[setup reg-reg] _92966_/Q -> _94740_/D : -7.588163
[setup reg-reg] _92622_/Q -> _94495_/D : -7.586781
[setup reg-reg] _93071_/Q -> _93306_/D : -7.584170
[setup reg-reg] _92966_/Q -> _94742_/D : -7.583515
[setup reg-reg] _93778_/Q -> _93790_/D : -7.582264
[setup reg-reg] _93047_/Q -> _93414_/D : -7.581926
[setup reg-reg] _92823_/Q -> _94104_/D : -7.576972
[setup reg-reg] _92966_/Q -> _94741_/D : -7.574613
[setup reg-reg] _92622_/Q -> _94499_/D : -7.574378
[setup reg-reg] _93974_/Q -> _93971_/D : -7.574178
[setup reg-reg] _93251_/Q -> _93255_/D : -7.573807
[setup reg-reg] _93274_/Q -> _93273_/D : -7.569869
[setup reg-reg] _93063_/Q -> _93368_/D : -7.567058
[setup reg-reg] _94320_/Q -> _94311_/D : -7.562447
[setup reg-reg] _92622_/Q -> _94492_/D : -7.559098
[setup reg-reg] _93463_/Q -> _93474_/D : -7.555037
[setup reg-reg] _92647_/Q -> _94182_/D : -7.553195
[setup reg-reg] _92622_/Q -> _94503_/D : -7.546524
[setup reg-reg] _93974_/Q -> _93973_/D : -7.544319
[setup reg-reg] _92647_/Q -> _94185_/D : -7.542665
[setup reg-reg] _92647_/Q -> _94186_/D : -7.542434
[setup reg-reg] _93868_/Q -> _93873_/D : -7.540599
[setup reg-reg] _92759_/Q -> _93838_/D : -7.540494
[setup reg-reg] _92966_/Q -> _94743_/D : -7.538873
[setup reg-reg] _92647_/Q -> _94183_/D : -7.537823
[setup reg-reg] _93974_/Q -> _93975_/D : -7.537299
[setup reg-reg] _93063_/Q -> _93365_/D : -7.535528
[setup reg-reg] _92647_/Q -> _94172_/D : -7.535224
[setup reg-reg] _93274_/Q -> _93274_/D : -7.533595
[setup reg-reg] _93274_/Q -> _93275_/D : -7.532942
[setup reg-reg] _92759_/Q -> _93839_/D : -7.531044
[setup reg-reg] _93974_/Q -> _93974_/D : -7.529293
[setup reg-reg] _92622_/Q -> _94497_/D : -7.528483
[setup reg-reg] _92622_/Q -> _94491_/D : -7.526895
[setup reg-reg] _93079_/Q -> _93294_/D : -7.526289
[setup reg-reg] _93071_/Q -> _93311_/D : -7.524833
[setup reg-reg] _94648_/Q -> _94655_/D : -7.524756
[setup reg-reg] _93647_/Q -> _93654_/D : -7.524424
[setup reg-reg] _92647_/Q -> _94184_/D : -7.523705
[setup reg-reg] _93063_/Q -> _93367_/D : -7.521447
[setup reg-reg] _92647_/Q -> _94177_/D : -7.521072
[setup reg-reg] _92647_/Q -> _94178_/D : -7.517786
[setup reg-reg] _92855_/Q -> _94267_/D : -7.513423
[setup reg-reg] _93517_/Q -> _93522_/D : -7.512638
[setup reg-reg] _93517_/Q -> _93520_/D : -7.512497
[setup reg-reg] _92622_/Q -> _94501_/D : -7.510704
[setup reg-reg] _93517_/Q -> _93523_/D : -7.510638
[setup reg-reg] _93079_/Q -> _93296_/D : -7.510178
[setup reg-reg] _93463_/Q -> _93463_/D : -7.509034
[setup reg-reg] _93760_/Q -> _93759_/D : -7.508245
[setup reg-reg] _92622_/Q -> _94502_/D : -7.507989
[setup reg-reg] _93517_/Q -> _93519_/D : -7.505318
[setup reg-reg] _92695_/Q -> _93544_/D : -7.504742
[setup reg-reg] _92695_/Q -> _93545_/D : -7.503028
[setup reg-reg] _93063_/Q -> _93356_/D : -7.502550
[setup reg-reg] _92622_/Q -> _94504_/D : -7.501898
[setup reg-reg] _92695_/Q -> _93547_/D : -7.501232
[setup reg-reg] _92759_/Q -> _93842_/D : -7.500788
[setup reg-reg] _92863_/Q -> _94341_/D : -7.500369
[setup reg-reg] _92622_/Q -> _94505_/D : -7.500161
[setup reg-reg] _92743_/Q -> _93814_/D : -7.499237
[setup reg-reg] _93517_/Q -> _93528_/D : -7.498555
[setup reg-reg] _93897_/Q -> _93892_/D : -7.496706
[setup reg-reg] _92806_/Q -> _94048_/D : -7.496531
[setup reg-reg] _92863_/Q -> _94348_/D : -7.495054
[setup reg-reg] _93015_/Q -> _93573_/D : -7.494594
[setup reg-reg] _93079_/Q -> _93295_/D : -7.494123
[setup reg-reg] _93079_/Q -> _93297_/D : -7.491919
[setup reg-reg] _92759_/Q -> _93844_/D : -7.491080
[setup reg-reg] _93063_/Q -> _93357_/D : -7.490590
[setup reg-reg] _92759_/Q -> _93843_/D : -7.490481
[setup reg-reg] _93998_/Q -> _93997_/D : -7.487039
[setup reg-reg] _92655_/Q -> _94074_/D : -7.485277
[setup reg-reg] _93071_/Q -> _93310_/D : -7.484536
[setup reg-reg] _92695_/Q -> _93546_/D : -7.484373
[setup reg-reg] _92647_/Q -> _94173_/D : -7.482440
[setup reg-reg] _94583_/Q -> _94577_/D : -7.480443
[setup reg-reg] _93071_/Q -> _93309_/D : -7.480361
[setup reg-reg] _92759_/Q -> _93841_/D : -7.480058
[setup reg-reg] _92607_/Q -> _94717_/D : -7.479132
[setup reg-reg] _92655_/Q -> _94072_/D : -7.478919
[setup reg-reg] _93031_/Q -> _93490_/D : -7.478796
[setup reg-reg] _92863_/Q -> _94346_/D : -7.477956
[setup reg-reg] _93219_/Q -> _93218_/D : -7.476548
[setup reg-reg] _92647_/Q -> _94175_/D : -7.475784
[setup reg-reg] _93063_/Q -> _93360_/D : -7.475327
[setup reg-reg] _94583_/Q -> _94575_/D : -7.474156
[setup reg-reg] _94583_/Q -> _94576_/D : -7.474057
[setup reg-reg] _92855_/Q -> _94265_/D : -7.473613
[setup reg-reg] _92855_/Q -> _94264_/D : -7.472810
[setup reg-reg] _92647_/Q -> _94174_/D : -7.472398
[setup reg-reg] _93463_/Q -> _93466_/D : -7.472373
[setup reg-reg] _94583_/Q -> _94574_/D : -7.472035
[setup reg-reg] _93063_/Q -> _93358_/D : -7.471376
[setup reg-reg] _92743_/Q -> _93817_/D : -7.467492
[setup reg-reg] _93647_/Q -> _93661_/D : -7.466188
[setup reg-reg] _93647_/Q -> _93660_/D : -7.465039
[setup reg-reg] _93647_/Q -> _93659_/D : -7.462628
[setup reg-reg] _94373_/Q -> _94375_/D : -7.461134
[setup reg-reg] _93760_/Q -> _93752_/D : -7.458508
[setup reg-reg] _92919_/Q -> _94526_/D : -7.456805
[setup reg-reg] _93760_/Q -> _93755_/D : -7.456700
[setup reg-reg] _92919_/Q -> _94533_/D : -7.456571
[setup reg-reg] _92743_/Q -> _93815_/D : -7.455786
[setup reg-reg] _93760_/Q -> _93751_/D : -7.455640
[setup reg-reg] _92863_/Q -> _94345_/D : -7.455013
[setup reg-reg] _92655_/Q -> _94078_/D : -7.453911
[setup reg-reg] _92855_/Q -> _94266_/D : -7.451977
[setup reg-reg] _94635_/Q -> _94632_/D : -7.451700
[setup reg-reg] _93463_/Q -> _93465_/D : -7.451229
[setup reg-reg] _93974_/Q -> _93969_/D : -7.447218
[setup reg-reg] _92855_/Q -> _94263_/D : -7.446154
[setup reg-reg] _94635_/Q -> _94635_/D : -7.445248
[setup reg-reg] _94635_/Q -> _94621_/D : -7.444845
[setup reg-reg] _92783_/Q -> _93951_/D : -7.444307
[setup reg-reg] _94438_/Q -> _94443_/D : -7.443738
[setup reg-reg] _92863_/Q -> _94347_/D : -7.443675
[setup reg-reg] _92806_/Q -> _94050_/D : -7.443658
[setup reg-reg] _94635_/Q -> _94623_/D : -7.443179
[setup reg-reg] _92806_/Q -> _94051_/D : -7.442337
[setup reg-reg] _94438_/Q -> _94442_/D : -7.441773
[setup reg-reg] _93463_/Q -> _93464_/D : -7.441653
[setup reg-reg] _92783_/Q -> _93950_/D : -7.441424
[setup reg-reg] _93760_/Q -> _93750_/D : -7.439669
[setup reg-reg] _93674_/Q -> _93685_/D : -7.437651
[setup reg-reg] _93031_/Q -> _93495_/D : -7.437558
[setup reg-reg] _94635_/Q -> _94631_/D : -7.436421
[setup reg-reg] _93031_/Q -> _93492_/D : -7.435946
[setup reg-reg] _93463_/Q -> _93467_/D : -7.435352
[setup reg-reg] _94635_/Q -> _94626_/D : -7.432982
[setup reg-reg] _93760_/Q -> _93753_/D : -7.432295
[setup reg-reg] _92815_/Q -> _94129_/D : -7.431677
[setup reg-reg] _93031_/Q -> _93494_/D : -7.429979
[setup reg-reg] _93015_/Q -> _93570_/D : -7.429488
[setup reg-reg] _94635_/Q -> _94634_/D : -7.429426
[setup reg-reg] _94635_/Q -> _94627_/D : -7.428231
[setup reg-reg] _93079_/Q -> _93298_/D : -7.428123
[setup reg-reg] _94635_/Q -> _94622_/D : -7.427481
[setup reg-reg] _94583_/Q -> _94572_/D : -7.427252
[setup reg-reg] _92783_/Q -> _93953_/D : -7.425591
[setup reg-reg] _93031_/Q -> _93493_/D : -7.425118
[setup reg-reg] _93998_/Q -> _94003_/D : -7.423463
[setup reg-reg] _92783_/Q -> _93949_/D : -7.417548
[setup reg-reg] _92815_/Q -> _94127_/D : -7.414702
[setup reg-reg] _94635_/Q -> _94633_/D : -7.414592
[setup reg-reg] _93463_/Q -> _93469_/D : -7.413910
[setup reg-reg] _93219_/Q -> _93220_/D : -7.413877
[setup reg-reg] _94635_/Q -> _94624_/D : -7.413350
[setup reg-reg] _94474_/Q -> _94464_/D : -7.410723
[setup reg-reg] _92815_/Q -> _94123_/D : -7.408714
[setup reg-reg] _93338_/Q -> _93335_/D : -7.408648
[setup reg-reg] _93463_/Q -> _93468_/D : -7.406240
[setup reg-reg] _93031_/Q -> _93496_/D : -7.403944
[setup reg-reg] _93219_/Q -> _93224_/D : -7.402662
[setup reg-reg] _94605_/Q -> _94601_/D : -7.401983
[setup reg-reg] _92815_/Q -> _94125_/D : -7.400315
[setup reg-reg] _92815_/Q -> _94126_/D : -7.397830
[setup reg-reg] _92823_/Q -> _94102_/D : -7.397642
[setup reg-reg] _92815_/Q -> _94128_/D : -7.397285
[setup reg-reg] _94583_/Q -> _94579_/D : -7.396665
[setup reg-reg] _94583_/Q -> _94578_/D : -7.393233
[setup reg-reg] _92815_/Q -> _94124_/D : -7.388888
[setup reg-reg] _93219_/Q -> _93223_/D : -7.384259
[setup reg-reg] _93047_/Q -> _93424_/D : -7.383065
[setup reg-reg] _93031_/Q -> _93502_/D : -7.382674
[setup reg-reg] _94161_/Q -> _94165_/D : -7.382397
[setup reg-reg] _93031_/Q -> _93491_/D : -7.381966
[setup reg-reg] _93219_/Q -> _93219_/D : -7.379699
[setup reg-reg] _93219_/Q -> _93222_/D : -7.377208
[setup reg-reg] _93974_/Q -> _93964_/D : -7.373705
[setup reg-reg] _94635_/Q -> _94630_/D : -7.373439
[setup reg-reg] _92823_/Q -> _94098_/D : -7.372654
[setup reg-reg] _93338_/Q -> _93336_/D : -7.370984
[setup reg-reg] _94238_/Q -> _94241_/D : -7.369781
[setup reg-reg] _93897_/Q -> _93900_/D : -7.369707
[setup reg-reg] _93974_/Q -> _93965_/D : -7.369351
[setup reg-reg] _94635_/Q -> _94625_/D : -7.369286
[setup reg-reg] _93079_/Q -> _93299_/D : -7.369096
[setup reg-reg] _92783_/Q -> _93954_/D : -7.367460
[setup reg-reg] _94757_/Q -> _94772_/D : -7.365074
[setup reg-reg] _92655_/Q -> _94080_/D : -7.363477
[setup reg-reg] _93974_/Q -> _93962_/D : -7.361427
[setup reg-reg] _94605_/Q -> _94603_/D : -7.357878
[setup reg-reg] _92702_/Q -> _93436_/D : -7.357702
[setup reg-reg] _94211_/Q -> _94200_/D : -7.348529
[setup reg-reg] _94211_/Q -> _94199_/D : -7.346992
[setup reg-reg] _94583_/Q -> _94573_/D : -7.345998
[setup reg-reg] _92783_/Q -> _93952_/D : -7.344388
[setup reg-reg] _93868_/Q -> _93868_/D : -7.340304
[setup reg-reg] _93219_/Q -> _93221_/D : -7.336294
[setup reg-reg] _92702_/Q -> _93439_/D : -7.335480
[setup reg-reg] _93338_/Q -> _93338_/D : -7.330909
[setup reg-reg] _93015_/Q -> _93571_/D : -7.322449
[setup reg-reg] _94474_/Q -> _94468_/D : -7.320923
[setup reg-reg] _93740_/Q -> _93740_/D : -7.319916
[setup reg-reg] _93015_/Q -> _93572_/D : -7.315215
[setup reg-reg] _92622_/Q -> _94506_/D : -7.314647
[setup reg-reg] _92815_/Q -> _94136_/D : -7.312118
[setup reg-reg] _92655_/Q -> _94082_/D : -7.310012
[setup reg-reg] _93338_/Q -> _93339_/D : -7.301454
[setup reg-reg] _92806_/Q -> _94046_/D : -7.299921
[setup reg-reg] _94211_/Q -> _94202_/D : -7.298752
[setup reg-reg] _92815_/Q -> _94137_/D : -7.297374
[setup reg-reg] _93338_/Q -> _93341_/D : -7.295414
[setup reg-reg] _93338_/Q -> _93340_/D : -7.295267
[setup reg-reg] _92759_/Q -> _93834_/D : -7.294613
[setup reg-reg] _93712_/Q -> _93716_/D : -7.293453
[setup reg-reg] _92815_/Q -> _94135_/D : -7.291789
[setup reg-reg] _93338_/Q -> _93342_/D : -7.291190
[setup reg-reg] _93647_/Q -> _93647_/D : -7.289407
[setup reg-reg] _93219_/Q -> _93227_/D : -7.287309
[setup reg-reg] _92759_/Q -> _93835_/D : -7.285531
[setup reg-reg] _93760_/Q -> _93756_/D : -7.285007
[setup reg-reg] _92815_/Q -> _94134_/D : -7.284973
[setup reg-reg] _92655_/Q -> _94081_/D : -7.281514
[setup reg-reg] _93760_/Q -> _93754_/D : -7.281379
[setup reg-reg] _92863_/Q -> _94334_/D : -7.279535
[setup reg-reg] _93463_/Q -> _93478_/D : -7.277235
[setup reg-reg] _92655_/Q -> _94077_/D : -7.276315
[setup reg-reg] _93740_/Q -> _93738_/D : -7.275583
[setup reg-reg] _92655_/Q -> _94076_/D : -7.275087
[setup reg-reg] _93031_/Q -> _93500_/D : -7.274750
[setup reg-reg] _93674_/Q -> _93689_/D : -7.274585
[setup reg-reg] _93647_/Q -> _93651_/D : -7.269595
[setup reg-reg] _92655_/Q -> _94083_/D : -7.269297
[setup reg-reg] _93463_/Q -> _93477_/D : -7.269023
[setup reg-reg] _94211_/Q -> _94207_/D : -7.267674
[setup reg-reg] _94474_/Q -> _94470_/D : -7.266268
[setup reg-reg] _92702_/Q -> _93445_/D : -7.262909
[setup reg-reg] _92655_/Q -> _94079_/D : -7.262635
[setup reg-reg] _93593_/Q -> _93602_/D : -7.262172
[setup reg-reg] _92702_/Q -> _93437_/D : -7.260919
[setup reg-reg] _94211_/Q -> _94201_/D : -7.260571
[setup reg-reg] _94211_/Q -> _94204_/D : -7.259623
[setup reg-reg] _93159_/Q -> _93152_/D : -7.259356
[setup reg-reg] _93740_/Q -> _93736_/D : -7.258732
[setup reg-reg] _94474_/Q -> _94469_/D : -7.257125
[setup reg-reg] _94605_/Q -> _94600_/D : -7.254917
[setup reg-reg] _94605_/Q -> _94599_/D : -7.254265
[setup reg-reg] _92759_/Q -> _93840_/D : -7.252648
[setup reg-reg] _93647_/Q -> _93650_/D : -7.252203
[setup reg-reg] _94373_/Q -> _94376_/D : -7.250934
[setup reg-reg] _93647_/Q -> _93653_/D : -7.249840
[setup reg-reg] _94676_/Q -> _94683_/D : -7.248947
[setup reg-reg] _93760_/Q -> _93765_/D : -7.248172
[setup reg-reg] _93760_/Q -> _93764_/D : -7.247490
[setup reg-reg] _94605_/Q -> _94607_/D : -7.247204
[setup reg-reg] _94605_/Q -> _94597_/D : -7.244207
[setup reg-reg] _94211_/Q -> _94205_/D : -7.243335
[setup reg-reg] _94605_/Q -> _94594_/D : -7.240767
[setup reg-reg] _94474_/Q -> _94466_/D : -7.238219
[setup reg-reg] _92702_/Q -> _93442_/D : -7.237871
[setup reg-reg] _94474_/Q -> _94467_/D : -7.235499
[setup reg-reg] _94605_/Q -> _94596_/D : -7.235405
[setup reg-reg] _93338_/Q -> _93328_/D : -7.233947
[setup reg-reg] _94211_/Q -> _94203_/D : -7.231252
[setup reg-reg] _94474_/Q -> _94465_/D : -7.225248
[setup reg-reg] _94676_/Q -> _94684_/D : -7.223351
[setup reg-reg] _92702_/Q -> _93438_/D : -7.222328
[setup reg-reg] _94676_/Q -> _94678_/D : -7.222301
[setup reg-reg] _94211_/Q -> _94208_/D : -7.222021
[setup reg-reg] _93647_/Q -> _93649_/D : -7.221751
[setup reg-reg] _93463_/Q -> _93476_/D : -7.221594
[setup reg-reg] _94605_/Q -> _94595_/D : -7.221509
[setup reg-reg] _94676_/Q -> _94682_/D : -7.220141
[setup reg-reg] _93063_/Q -> _93370_/D : -7.217290
[setup reg-reg] _92647_/Q -> _94187_/D : -7.217274
[setup reg-reg] _93517_/Q -> _93521_/D : -7.216794
[setup reg-reg] _93647_/Q -> _93656_/D : -7.215345
[setup reg-reg] _93171_/Q -> _93185_/D : -7.215220
[setup reg-reg] _94605_/Q -> _94598_/D : -7.212185
[setup reg-reg] _93274_/Q -> _93271_/D : -7.210696
[setup reg-reg] _93517_/Q -> _93518_/D : -7.208614
[setup reg-reg] _93382_/Q -> _93397_/D : -7.201527
[setup reg-reg] _94438_/Q -> _94452_/D : -7.201504
[setup reg-reg] _93647_/Q -> _93652_/D : -7.201356
[setup reg-reg] _93463_/Q -> _93475_/D : -7.200541
[setup reg-reg] _94583_/Q -> _94587_/D : -7.200370
[setup reg-reg] _94583_/Q -> _94586_/D : -7.198459
[setup reg-reg] _93647_/Q -> _93648_/D : -7.195556
[setup reg-reg] _94583_/Q -> _94582_/D : -7.194917
[setup reg-reg] _94605_/Q -> _94602_/D : -7.187424
[setup reg-reg] _94583_/Q -> _94584_/D : -7.182292
[setup reg-reg] _94605_/Q -> _94608_/D : -7.178672
[setup reg-reg] _93647_/Q -> _93655_/D : -7.176553
[setup reg-reg] _94583_/Q -> _94585_/D : -7.169430
[setup reg-reg] _93159_/Q -> _93154_/D : -7.166950
[setup reg-reg] _92863_/Q -> _94340_/D : -7.166564
[setup reg-reg] _94583_/Q -> _94583_/D : -7.163683
[setup reg-reg] _92743_/Q -> _93811_/D : -7.161623
[setup reg-reg] _92743_/Q -> _93812_/D : -7.156868
[setup reg-reg] _92759_/Q -> _93836_/D : -7.150434
[setup reg-reg] _92655_/Q -> _94070_/D : -7.143586
[setup reg-reg] _93338_/Q -> _93334_/D : -7.142519
[setup reg-reg] _92743_/Q -> _93807_/D : -7.140747
[setup reg-reg] _94605_/Q -> _94604_/D : -7.135707
[setup reg-reg] _94648_/Q -> _94648_/D : -7.133407
[setup reg-reg] _94605_/Q -> _94606_/D : -7.132360
[setup reg-reg] _92759_/Q -> _93831_/D : -7.132222
[setup reg-reg] _92702_/Q -> _93440_/D : -7.131716
[setup reg-reg] _93338_/Q -> _93330_/D : -7.126584
[setup reg-reg] _93338_/Q -> _93329_/D : -7.125801
[setup reg-reg] _94605_/Q -> _94605_/D : -7.122705
[setup reg-reg] _93338_/Q -> _93332_/D : -7.118208
[setup reg-reg] _92759_/Q -> _93833_/D : -7.116462
[setup reg-reg] _93338_/Q -> _93333_/D : -7.113835
[setup reg-reg] _94648_/Q -> _94661_/D : -7.109655
[setup reg-reg] _92695_/Q -> _93552_/D : -7.109161
[setup reg-reg] _94648_/Q -> _94662_/D : -7.107993
[setup reg-reg] _93071_/Q -> _93321_/D : -7.107025
[setup reg-reg] _94648_/Q -> _94658_/D : -7.105836
[setup reg-reg] _93740_/Q -> _93729_/D : -7.102648
[setup reg-reg] _93338_/Q -> _93331_/D : -7.101576
[setup reg-reg] _93338_/Q -> _93337_/D : -7.093647
[setup reg-reg] _93274_/Q -> _93277_/D : -7.092010
[setup reg-reg] _92695_/Q -> _93551_/D : -7.090510
[setup reg-reg] _92759_/Q -> _93832_/D : -7.088035
[setup reg-reg] _92655_/Q -> _94069_/D : -7.086982
[setup reg-reg] _92806_/Q -> _94044_/D : -7.080470
[setup reg-reg] _92759_/Q -> _93837_/D : -7.078850
[setup reg-reg] _93517_/Q -> _93526_/D : -7.078201
[setup reg-reg] _93974_/Q -> _93961_/D : -7.078001
[setup reg-reg] _94648_/Q -> _94660_/D : -7.077397
[setup reg-reg] _92806_/Q -> _94042_/D : -7.076768
[setup reg-reg] _92806_/Q -> _94047_/D : -7.076009
[setup reg-reg] _92702_/Q -> _93441_/D : -7.075027
[setup reg-reg] _92806_/Q -> _94049_/D : -7.074150
[setup reg-reg] _93105_/Q -> _93206_/D : -7.071295
[setup reg-reg] _94648_/Q -> _94651_/D : -7.069007
[setup reg-reg] _92806_/Q -> _94045_/D : -7.068987
[setup reg-reg] _92806_/Q -> _94043_/D : -7.066783
[setup reg-reg] _94648_/Q -> _94659_/D : -7.065451
[setup reg-reg] _92695_/Q -> _93549_/D : -7.064339
[setup reg-reg] _92695_/Q -> _93550_/D : -7.063619
[setup reg-reg] _94648_/Q -> _94649_/D : -7.061912
[setup reg-reg] _93517_/Q -> _93525_/D : -7.060971
[setup reg-reg] _93517_/Q -> _93524_/D : -7.055840
[setup reg-reg] _92702_/Q -> _93444_/D : -7.050590
[setup reg-reg] _93517_/Q -> _93532_/D : -7.050451
[setup reg-reg] _92695_/Q -> _93553_/D : -7.047325
[setup reg-reg] _93740_/Q -> _93741_/D : -7.045762
[setup reg-reg] _93740_/Q -> _93730_/D : -7.041825
[setup reg-reg] _93740_/Q -> _93737_/D : -7.037834
[setup reg-reg] _93740_/Q -> _93728_/D : -7.032093
[setup reg-reg] _92806_/Q -> _94054_/D : -7.031993
[setup reg-reg] _93031_/Q -> _93499_/D : -7.030286
[setup reg-reg] _93740_/Q -> _93742_/D : -7.029611
[setup reg-reg] _93593_/Q -> _93600_/D : -7.025788
[setup reg-reg] _92806_/Q -> _94055_/D : -7.023397
[setup reg-reg] _92702_/Q -> _93447_/D : -7.021500
[setup reg-reg] _92806_/Q -> _94053_/D : -7.019935
[setup reg-reg] _93105_/Q -> _93208_/D : -7.018635
[setup reg-reg] _92702_/Q -> _93448_/D : -7.014366
[setup reg-reg] _92806_/Q -> _94052_/D : -7.011332
[setup reg-reg] _94648_/Q -> _94657_/D : -7.009215
[setup reg-reg] _92806_/Q -> _94056_/D : -7.007609
[setup reg-reg] _94280_/Q -> _94288_/D : -7.005996
[setup reg-reg] _93974_/Q -> _93967_/D : -7.005826
[setup reg-reg] _93740_/Q -> _93739_/D : -6.993945
[setup reg-reg] _92655_/Q -> _94073_/D : -6.992220
[setup reg-reg] _93031_/Q -> _93505_/D : -6.992133
[setup reg-reg] _92655_/Q -> _94075_/D : -6.991922
[setup reg-reg] _92655_/Q -> _94071_/D : -6.991778
[setup reg-reg] _94635_/Q -> _94636_/D : -6.991775
[setup reg-reg] _94280_/Q -> _94291_/D : -6.989755
[setup reg-reg] _94280_/Q -> _94287_/D : -6.987731
[setup reg-reg] _92702_/Q -> _93450_/D : -6.987463
[setup reg-reg] _92702_/Q -> _93446_/D : -6.981239
[setup reg-reg] _93159_/Q -> _93149_/D : -6.980061
[setup reg-reg] _93974_/Q -> _93963_/D : -6.975043
[setup reg-reg] _94648_/Q -> _94654_/D : -6.974002
[setup reg-reg] _92702_/Q -> _93449_/D : -6.973666
[setup reg-reg] _93159_/Q -> _93147_/D : -6.971602
[setup reg-reg] _94676_/Q -> _94677_/D : -6.970771
[setup reg-reg] _93159_/Q -> _93153_/D : -6.968170
[setup reg-reg] _93974_/Q -> _93966_/D : -6.963255
[setup reg-reg] _93159_/Q -> _93148_/D : -6.962795
[setup reg-reg] _92823_/Q -> _94111_/D : -6.958475
[setup reg-reg] _92702_/Q -> _93443_/D : -6.958209
[setup reg-reg] _94648_/Q -> _94656_/D : -6.953203
[setup reg-reg] _93031_/Q -> _93497_/D : -6.953009
[setup reg-reg] _93159_/Q -> _93150_/D : -6.947865
[setup reg-reg] _94280_/Q -> _94294_/D : -6.941868
[setup reg-reg] _93159_/Q -> _93151_/D : -6.939292
[setup reg-reg] _92894_/Q -> _94424_/D : -6.930135
[setup reg-reg] _94280_/Q -> _94293_/D : -6.925420
[setup reg-reg] _93778_/Q -> _93792_/D : -6.925351
[setup reg-reg] _93593_/Q -> _93593_/D : -6.924540
[setup reg-reg] _94648_/Q -> _94650_/D : -6.924242
[setup reg-reg] _92863_/Q -> _94337_/D : -6.922925
[setup reg-reg] _93593_/Q -> _93605_/D : -6.919601
[setup reg-reg] _93159_/Q -> _93155_/D : -6.917530
[setup reg-reg] _92759_/Q -> _93846_/D : -6.916128
[setup reg-reg] _93463_/Q -> _93472_/D : -6.916039
[setup reg-reg] _94280_/Q -> _94290_/D : -6.914976
[setup reg-reg] _94211_/Q -> _94210_/D : -6.912732
[setup reg-reg] _93463_/Q -> _93470_/D : -6.912387
[setup reg-reg] _94280_/Q -> _94292_/D : -6.911405
[setup reg-reg] _93159_/Q -> _93156_/D : -6.906461
[setup reg-reg] _94648_/Q -> _94652_/D : -6.902427
[setup reg-reg] _94676_/Q -> _94675_/D : -6.902148
[setup reg-reg] _93593_/Q -> _93604_/D : -6.890234
[setup reg-reg] _92863_/Q -> _94339_/D : -6.887291
[setup reg-reg] _93593_/Q -> _93607_/D : -6.874510
[setup reg-reg] _93593_/Q -> _93606_/D : -6.863760
[setup reg-reg] _93593_/Q -> _93603_/D : -6.860955
[setup reg-reg] _94211_/Q -> _94209_/D : -6.857450
[setup reg-reg] _94676_/Q -> _94685_/D : -6.851781
[setup reg-reg] _93740_/Q -> _93733_/D : -6.851391
[setup reg-reg] _94676_/Q -> _94687_/D : -6.850996
[setup reg-reg] _94320_/Q -> _94322_/D : -6.843120
[setup reg-reg] _93740_/Q -> _93734_/D : -6.839572
[setup reg-reg] _92743_/Q -> _93809_/D : -6.838700
[setup reg-reg] _93740_/Q -> _93731_/D : -6.838660
[setup reg-reg] _92863_/Q -> _94338_/D : -6.836876
[setup reg-reg] _94676_/Q -> _94689_/D : -6.834899
[setup reg-reg] _93740_/Q -> _93732_/D : -6.832425
[setup reg-reg] _92863_/Q -> _94336_/D : -6.824987
[setup reg-reg] _94676_/Q -> _94686_/D : -6.819427
[setup reg-reg] _94676_/Q -> _94688_/D : -6.819271
[setup reg-reg] _92743_/Q -> _93813_/D : -6.817732
[setup reg-reg] _93219_/Q -> _93233_/D : -6.817718
[setup reg-reg] _92743_/Q -> _93805_/D : -6.816729
[setup reg-reg] _93159_/Q -> _93160_/D : -6.816217
[setup reg-reg] _92743_/Q -> _93806_/D : -6.813314
[setup reg-reg] _93159_/Q -> _93157_/D : -6.812687
[setup reg-reg] _93159_/Q -> _93159_/D : -6.812176
[setup reg-reg] _93159_/Q -> _93161_/D : -6.811245
[setup reg-reg] _94280_/Q -> _94280_/D : -6.808300
[setup reg-reg] _92863_/Q -> _94335_/D : -6.807588
[setup reg-reg] _93593_/Q -> _93598_/D : -6.803395
[setup reg-reg] _93593_/Q -> _93599_/D : -6.802537
[setup reg-reg] _92743_/Q -> _93804_/D : -6.801967
[setup reg-reg] _92743_/Q -> _93808_/D : -6.800169
[setup reg-reg] _93593_/Q -> _93595_/D : -6.795650
[setup reg-reg] _92743_/Q -> _93810_/D : -6.789129
[setup reg-reg] _93593_/Q -> _93597_/D : -6.787229
[setup reg-reg] _93593_/Q -> _93596_/D : -6.782319
[setup reg-reg] _93740_/Q -> _93735_/D : -6.779406
[setup reg-reg] _93593_/Q -> _93594_/D : -6.775080
[setup reg-reg] _93593_/Q -> _93601_/D : -6.757564
[setup reg-reg] _93105_/Q -> _93203_/D : -6.757258
[setup reg-reg] _94211_/Q -> _94206_/D : -6.752391
[setup reg-reg] _94280_/Q -> _94281_/D : -6.747822
[setup reg-reg] _93974_/Q -> _93976_/D : -6.747259
[setup reg-reg] _92743_/Q -> _93816_/D : -6.736546
[setup reg-reg] _93338_/Q -> _93343_/D : -6.728712
[setup reg-reg] _92743_/Q -> _93818_/D : -6.727321
[setup reg-reg] _94676_/Q -> _94681_/D : -6.714496
[setup reg-reg] _94280_/Q -> _94282_/D : -6.707660
[setup reg-reg] _94027_/Q -> _94030_/D : -6.698123
[setup reg-reg] _94648_/Q -> _94653_/D : -6.678596
[setup reg-reg] _94676_/Q -> _94680_/D : -6.670323
[setup reg-reg] _94474_/Q -> _94479_/D : -6.669275
[setup reg-reg] _94676_/Q -> _94676_/D : -6.668938
[setup reg-reg] _94676_/Q -> _94679_/D : -6.664232
[setup reg-reg] _92894_/Q -> _94417_/D : -6.636686
[setup reg-reg] _93159_/Q -> _93162_/D : -6.616364
[setup reg-reg] _92894_/Q -> _94422_/D : -6.590632
[setup reg-reg] _92894_/Q -> _94423_/D : -6.580958
[setup reg-reg] _92806_/Q -> _94057_/D : -6.565459
[setup reg-reg] _92894_/Q -> _94421_/D : -6.562615
[setup reg-reg] _93105_/Q -> _93202_/D : -6.547477
[setup reg-reg] _92894_/Q -> _94420_/D : -6.517809
[setup reg-reg] _93105_/Q -> _93198_/D : -6.515281
[setup reg-reg] _92894_/Q -> _94410_/D : -6.499139
[setup reg-reg] _92743_/Q -> _93819_/D : -6.457747
[setup reg-reg] _93105_/Q -> _93207_/D : -6.448930
[setup reg-reg] _94280_/Q -> _94295_/D : -6.448495
[setup reg-reg] _93105_/Q -> _93195_/D : -6.439246
[setup reg-reg] _94648_/Q -> _94663_/D : -6.434965
[setup reg-reg] _93105_/Q -> _93197_/D : -6.419118
[setup reg-reg] _93740_/Q -> _93743_/D : -6.416132
[setup reg-reg] _93105_/Q -> _93196_/D : -6.405184
[setup reg-reg] _93105_/Q -> _93199_/D : -6.404083
[setup reg-reg] _92894_/Q -> _94418_/D : -6.398954
[setup reg-reg] _93105_/Q -> _93194_/D : -6.397505
[setup reg-reg] _92894_/Q -> _94413_/D : -6.387857
[setup reg-reg] _94605_/Q -> _94609_/D : -6.385369
[setup reg-reg] _94280_/Q -> _94286_/D : -6.384616
[setup reg-reg] _93647_/Q -> _93662_/D : -6.382663
[setup reg-reg] _92894_/Q -> _94419_/D : -6.363228
[setup reg-reg] _92863_/Q -> _94349_/D : -6.359800
[setup reg-reg] _92655_/Q -> _94084_/D : -6.355143
[setup reg-reg] _94557_/Q -> _94554_/D : -6.354796
[setup reg-reg] _94557_/Q -> _94552_/D : -6.344612
[setup reg-reg] _94557_/Q -> _94556_/D : -6.343344
[setup reg-reg] _94280_/Q -> _94284_/D : -6.339669
[setup reg-reg] _94557_/Q -> _94559_/D : -6.324069
[setup reg-reg] _94557_/Q -> _94557_/D : -6.316979
[setup reg-reg] _94280_/Q -> _94285_/D : -6.313231
[setup reg-reg] _94280_/Q -> _94283_/D : -6.304770
[setup reg-reg] _94211_/Q -> _94214_/D : -6.300647
[setup reg-reg] _94557_/Q -> _94558_/D : -6.283576
[setup reg-reg] _94557_/Q -> _94555_/D : -6.260050
[setup reg-reg] _94280_/Q -> _94289_/D : -6.239589
[setup reg-reg] _94557_/Q -> _94545_/D : -6.201409
[setup reg-reg] _94557_/Q -> _94549_/D : -6.169062
[setup reg-reg] _93593_/Q -> _93608_/D : -6.160615
[setup reg-reg] _92894_/Q -> _94414_/D : -6.126559
[setup reg-reg] _94557_/Q -> _94548_/D : -6.109920
[setup reg-reg] _94557_/Q -> _94550_/D : -6.107268
[setup reg-reg] _94557_/Q -> _94547_/D : -6.097892
[setup reg-reg] _94557_/Q -> _94551_/D : -6.092433
[setup reg-reg] _94557_/Q -> _94546_/D : -6.084373
[setup reg-reg] _94557_/Q -> _94553_/D : -6.079423
[setup reg-reg] _92894_/Q -> _94416_/D : -6.055707
[setup reg-reg] _92894_/Q -> _94412_/D : -6.052963
[setup reg-reg] _92894_/Q -> _94415_/D : -6.052131
[setup reg-reg] _92702_/Q -> _93451_/D : -6.051876
[setup reg-reg] _92894_/Q -> _94411_/D : -6.044457
[setup reg-reg] _93105_/Q -> _93200_/D : -5.995835
[setup reg-reg] _93105_/Q -> _93205_/D : -5.914450
[setup reg-reg] _92695_/Q -> _93554_/D : -5.881372
[setup reg-reg] _92894_/Q -> _94425_/D : -5.880992
[setup reg-reg] _93105_/Q -> _93204_/D : -5.880173
[setup reg-reg] _94676_/Q -> _94690_/D : -5.767667
[setup reg-reg] _92855_/Q -> _94268_/D : -5.761553
[setup reg-reg] _93105_/Q -> _93201_/D : -5.738798
[setup reg-reg] _92815_/Q -> _94138_/D : -5.699951
[setup reg-reg] _93015_/Q -> _93581_/D : -5.683122
[setup reg-reg] _94557_/Q -> _94560_/D : -5.371478
[setup reg-reg] _93105_/Q -> _93209_/D : -5.242164
[setup reg-reg] _91938_/Q -> _94805_/D : -4.211275
[setup reg-reg] _91937_/Q -> _92044_/D : -4.025582
[setup reg-reg] _91937_/Q -> _92043_/D : -4.007271
[setup reg-reg] _91937_/Q -> _92045_/D : -3.973241
[setup reg-reg] _91938_/Q -> _94807_/D : -3.860015
[setup reg-reg] _91936_/Q -> _92048_/D : -3.626719
[setup reg-reg] _91938_/Q -> _94746_/D : -3.604974
[setup reg-reg] _91938_/Q -> _94804_/D : -3.483329
[setup reg-reg] _91938_/Q -> _93212_/D : -3.428006
[setup reg-reg] _91935_/Q -> _93164_/D : -3.262969
[setup reg-reg] _91938_/Q -> _94803_/D : -3.258901
[setup reg-reg] _91938_/Q -> _93211_/D : -3.230925
[setup reg-reg] _91936_/Q -> _92047_/D : -3.141754
[setup reg-reg] _91936_/Q -> _92046_/D : -3.124463
[setup reg-reg] _91938_/Q -> _94812_/D : -3.091259
[setup reg-reg] _91938_/Q -> _94810_/D : -3.091035
[setup reg-reg] _91938_/Q -> _94811_/D : -3.064033
[setup reg-reg] _91932_/Q -> _94808_/D : -2.855348
[setup reg-reg] _91932_/Q -> _94806_/D : -2.849790
[setup reg-reg] _91932_/Q -> _94809_/D : -2.836636
[setup reg-reg] _91935_/Q -> _93187_/D : -2.601944
[setup reg-reg] _91935_/Q -> _93188_/D : -2.586361
[setup reg-reg] _91938_/Q -> _94813_/D : -2.399725
[setup reg-reg] _91938_/Q -> _94814_/D : -2.394982
