
===========================================================================
Violator List
============================================================================
[setup reg-reg] _100498_/Q -> _099648_/D : -2.919339
[setup reg-reg] _100498_/Q -> _099650_/D : -2.876327
[setup reg-reg] _100498_/Q -> _099080_/D : -2.848749
[setup reg-reg] _100498_/Q -> _099071_/D : -2.819988
[setup reg-reg] _100498_/Q -> _099073_/D : -2.771339
[setup reg-reg] _100498_/Q -> _099289_/D : -2.749793
[setup reg-reg] _100498_/Q -> _099647_/D : -2.735398
[setup reg-reg] _100498_/Q -> _099646_/D : -2.733872
[setup reg-reg] _100498_/Q -> _099644_/D : -2.728754
[setup reg-reg] _100498_/Q -> _099123_/D : -2.722912
[setup reg-reg] _100498_/Q -> _099649_/D : -2.717469
[setup reg-reg] _100498_/Q -> _099642_/D : -2.700174
[setup reg-reg] _100498_/Q -> _099645_/D : -2.693875
[setup reg-reg] _100498_/Q -> _099641_/D : -2.693515
[setup reg-reg] _100498_/Q -> _099643_/D : -2.685642
[setup reg-reg] _100498_/Q -> _099078_/D : -2.682679
[setup reg-reg] _100498_/Q -> _099283_/D : -2.660762
[setup reg-reg] _100498_/Q -> _099075_/D : -2.658384
[setup reg-reg] _100498_/Q -> _099076_/D : -2.648973
[setup reg-reg] _100498_/Q -> _099125_/D : -2.635623
[setup reg-reg] _100481_/Q -> _099198_/D : -2.634611
[setup reg-reg] _100498_/Q -> _099079_/D : -2.623286
[setup reg-reg] _100498_/Q -> _099285_/D : -2.619096
[setup reg-reg] _100498_/Q -> _099286_/D : -2.617881
[setup reg-reg] _100498_/Q -> _099077_/D : -2.616739
[setup reg-reg] _100498_/Q -> _099074_/D : -2.605889
[setup reg-reg] _100498_/Q -> _099282_/D : -2.601015
[setup reg-reg] _100498_/Q -> _100320_/D : -2.594453
[setup reg-reg] _100498_/Q -> _099072_/D : -2.573154
[setup reg-reg] _100498_/Q -> _099063_/D : -2.568356
[setup reg-reg] _100481_/Q -> _099191_/D : -2.563324
[setup reg-reg] _100498_/Q -> _099287_/D : -2.545436
[setup reg-reg] _100498_/Q -> _099284_/D : -2.543963
[setup reg-reg] _100498_/Q -> _100475_/D : -2.543787
[setup reg-reg] _100481_/Q -> _099200_/D : -2.535117
[setup reg-reg] _100498_/Q -> _099290_/D : -2.535106
[setup reg-reg] _100498_/Q -> _099288_/D : -2.531904
[setup reg-reg] _100481_/Q -> _099195_/D : -2.524784
[setup reg-reg] _100481_/Q -> _099193_/D : -2.521580
[setup reg-reg] _100481_/Q -> _099196_/D : -2.514758
[setup reg-reg] _100481_/Q -> _099199_/D : -2.502299
[setup reg-reg] _100498_/Q -> _099121_/D : -2.493980
[setup reg-reg] _100481_/Q -> _099197_/D : -2.485221
[setup reg-reg] _100498_/Q -> _099122_/D : -2.478966
[setup reg-reg] _100498_/Q -> _099116_/D : -2.463954
[setup reg-reg] _100498_/Q -> _099139_/D : -2.459778
[setup reg-reg] _100209_/Q -> _099483_/D : -2.454861
[setup reg-reg] _100498_/Q -> _099140_/D : -2.454355
[setup reg-reg] _100209_/Q -> _099485_/D : -2.449147
[setup reg-reg] _100498_/Q -> _099120_/D : -2.443704
[setup reg-reg] _100498_/Q -> _099138_/D : -2.437247
[setup reg-reg] _100481_/Q -> _099192_/D : -2.428118
[setup reg-reg] _100498_/Q -> _099119_/D : -2.424429
[setup reg-reg] _100498_/Q -> _099082_/D : -2.419402
[setup reg-reg] _100498_/Q -> _099103_/D : -2.418361
[setup reg-reg] _100498_/Q -> _099110_/D : -2.412923
[setup reg-reg] _100481_/Q -> _099194_/D : -2.406905
[setup reg-reg] _100498_/Q -> _099281_/D : -2.403965
[setup reg-reg] _100498_/Q -> _099104_/D : -2.401739
[setup reg-reg] _100498_/Q -> _099108_/D : -2.386793
[setup reg-reg] _100498_/Q -> _099410_/D : -2.380256
[setup reg-reg] _100498_/Q -> _099170_/D : -2.378739
[setup reg-reg] _099949_/Q -> _099858_/D : -2.369554
[setup reg-reg] _100498_/Q -> _099408_/D : -2.365942
[setup reg-reg] _100498_/Q -> _099134_/D : -2.351820
[setup reg-reg] _100498_/Q -> _099065_/D : -2.350147
[setup reg-reg] _100498_/Q -> _099136_/D : -2.344656
[setup reg-reg] _100498_/Q -> _099405_/D : -2.344553
[setup reg-reg] _100498_/Q -> _099106_/D : -2.343645
[setup reg-reg] _100498_/Q -> _099101_/D : -2.340322
[setup reg-reg] _100281_/Q -> _099380_/D : -2.338252
[setup reg-reg] _100281_/Q -> _099378_/D : -2.338115
[setup reg-reg] _100498_/Q -> _099057_/D : -2.337101
[setup reg-reg] _100498_/Q -> _099132_/D : -2.333037
[setup reg-reg] _100498_/Q -> _099131_/D : -2.328163
[setup reg-reg] _100498_/Q -> _099168_/D : -2.322700
[setup reg-reg] _100498_/Q -> _099135_/D : -2.308054
[setup reg-reg] _100481_/Q -> _099201_/D : -2.304754
[setup reg-reg] _100498_/Q -> _099137_/D : -2.300141
[setup reg-reg] _100498_/Q -> _099050_/D : -2.292909
[setup reg-reg] _100498_/Q -> _099083_/D : -2.279160
[setup reg-reg] _099949_/Q -> _099860_/D : -2.275836
[setup reg-reg] _100498_/Q -> _099770_/D : -2.255982
[setup reg-reg] _100498_/Q -> _099133_/D : -2.253479
[setup reg-reg] _100498_/Q -> _099768_/D : -2.247070
[setup reg-reg] _100326_/Q -> _099425_/D : -2.239581
[setup reg-reg] _100498_/Q -> _099084_/D : -2.237210
[setup reg-reg] _100149_/Q -> _099678_/D : -2.235101
[setup reg-reg] _100498_/Q -> _099058_/D : -2.228971
[setup reg-reg] _100498_/Q -> _099118_/D : -2.227624
[setup reg-reg] _100437_/Q -> _099260_/D : -2.226830
[setup reg-reg] _100264_/Q -> _099515_/D : -2.222789
[setup reg-reg] _100032_/Q -> _099738_/D : -2.222741
[setup reg-reg] _100498_/Q -> _099059_/D : -2.221869
[setup reg-reg] _100437_/Q -> _099258_/D : -2.219375
[setup reg-reg] _100498_/Q -> _099105_/D : -2.214298
[setup reg-reg] _100198_/Q -> _099498_/D : -2.213820
[setup reg-reg] _100498_/Q -> _099107_/D : -2.209758
[setup reg-reg] _100198_/Q -> _099500_/D : -2.209061
[setup reg-reg] _100498_/Q -> _099056_/D : -2.208630
[setup reg-reg] _100498_/Q -> _100403_/D : -2.204848
[setup reg-reg] _100498_/Q -> _099401_/D : -2.204447
[setup reg-reg] _099892_/Q -> _098205_/D : -2.201242
[setup reg-reg] _100498_/Q -> _099064_/D : -2.196190
[setup reg-reg] _100149_/Q -> _099676_/D : -2.193696
[setup reg-reg] _100498_/Q -> _099409_/D : -2.193678
[setup reg-reg] _100498_/Q -> _099060_/D : -2.193334
[setup reg-reg] _100498_/Q -> _099061_/D : -2.190701
[setup reg-reg] _100498_/Q -> _099652_/D : -2.186034
[setup reg-reg] _100032_/Q -> _099740_/D : -2.185752
[setup reg-reg] _100498_/Q -> _099403_/D : -2.184310
[setup reg-reg] _100326_/Q -> _099423_/D : -2.182100
[setup reg-reg] _100498_/Q -> _099117_/D : -2.181121
[setup reg-reg] _100498_/Q -> _099654_/D : -2.180768
[setup reg-reg] _100481_/Q -> _100381_/D : -2.180739
[setup reg-reg] _100149_/Q -> _099672_/D : -2.178648
[setup reg-reg] _100149_/Q -> _099679_/D : -2.177725
[setup reg-reg] _100209_/Q -> _099479_/D : -2.177437
[setup reg-reg] _100325_/Q -> _099320_/D : -2.176593
[setup reg-reg] _100181_/Q -> _099632_/D : -2.171221
[setup reg-reg] _100498_/Q -> _100425_/D : -2.170555
[setup reg-reg] _100046_/Q -> _099725_/D : -2.167159
[setup reg-reg] _100325_/Q -> _099318_/D : -2.164388
[setup reg-reg] _100498_/Q -> _100431_/D : -2.160405
[setup reg-reg] _100046_/Q -> _099723_/D : -2.153412
[setup reg-reg] _100498_/Q -> _099765_/D : -2.152882
[setup reg-reg] _100149_/Q -> _099675_/D : -2.151486
[setup reg-reg] _100209_/Q -> _099484_/D : -2.148694
[setup reg-reg] _100498_/Q -> _099404_/D : -2.146980
[setup reg-reg] _100149_/Q -> _099680_/D : -2.143050
[setup reg-reg] _100498_/Q -> _099530_/D : -2.142620
[setup reg-reg] _100498_/Q -> _099048_/D : -2.140526
[setup reg-reg] _100033_/Q -> _099843_/D : -2.134419
[setup reg-reg] _100498_/Q -> _099762_/D : -2.128100
[setup reg-reg] _100149_/Q -> _099674_/D : -2.127608
[setup reg-reg] _100325_/Q -> _099313_/D : -2.126484
[setup reg-reg] _100149_/Q -> _099671_/D : -2.125772
[setup reg-reg] _100032_/Q -> _099734_/D : -2.124915
[setup reg-reg] _100209_/Q -> _099482_/D : -2.123508
[setup reg-reg] _100498_/Q -> _099761_/D : -2.123086
[setup reg-reg] _100498_/Q -> _099406_/D : -2.122295
[setup reg-reg] _100498_/Q -> _099402_/D : -2.121784
[setup reg-reg] _100032_/Q -> _099735_/D : -2.121748
[setup reg-reg] _100498_/Q -> _099124_/D : -2.120633
[setup reg-reg] _100498_/Q -> _099407_/D : -2.119915
[setup reg-reg] _100032_/Q -> _099732_/D : -2.119235
[setup reg-reg] _100498_/Q -> _099764_/D : -2.115762
[setup reg-reg] _100498_/Q -> _100442_/D : -2.115179
[setup reg-reg] _100325_/Q -> _099317_/D : -2.113730
[setup reg-reg] _100325_/Q -> _099316_/D : -2.113062
[setup reg-reg] _100325_/Q -> _099311_/D : -2.111952
[setup reg-reg] _100498_/Q -> _099155_/D : -2.109331
[setup reg-reg] _100209_/Q -> _099481_/D : -2.104180
[setup reg-reg] _100325_/Q -> _099314_/D : -2.102164
[setup reg-reg] _100498_/Q -> _099162_/D : -2.100821
[setup reg-reg] _100209_/Q -> _099480_/D : -2.098202
[setup reg-reg] _100314_/Q -> _099330_/D : -2.097419
[setup reg-reg] _100209_/Q -> _099477_/D : -2.096208
[setup reg-reg] _100209_/Q -> _099478_/D : -2.095478
[setup reg-reg] _100498_/Q -> _099769_/D : -2.088504
[setup reg-reg] _100281_/Q -> _099372_/D : -2.087910
[setup reg-reg] _100498_/Q -> _099767_/D : -2.087234
[setup reg-reg] _100032_/Q -> _099739_/D : -2.085608
[setup reg-reg] _100498_/Q -> _099163_/D : -2.085514
[setup reg-reg] _100170_/Q -> _099543_/D : -2.084372
[setup reg-reg] _100498_/Q -> _099042_/D : -2.082443
[setup reg-reg] _100325_/Q -> _099312_/D : -2.079357
[setup reg-reg] _100242_/Q -> _099436_/D : -2.077917
[setup reg-reg] _100032_/Q -> _099737_/D : -2.074669
[setup reg-reg] _100498_/Q -> _099528_/D : -2.074126
[setup reg-reg] _100149_/Q -> _099677_/D : -2.072051
[setup reg-reg] _100149_/Q -> _099673_/D : -2.070022
[setup reg-reg] _100498_/Q -> _099164_/D : -2.069443
[setup reg-reg] _100498_/Q -> _099651_/D : -2.068925
[setup reg-reg] _100498_/Q -> _099047_/D : -2.066862
[setup reg-reg] _100325_/Q -> _099315_/D : -2.066001
[setup reg-reg] _100032_/Q -> _099733_/D : -2.064017
[setup reg-reg] _100409_/Q -> _099305_/D : -2.061951
[setup reg-reg] _100498_/Q -> _099167_/D : -2.061480
[setup reg-reg] _100242_/Q -> _099440_/D : -2.059995
[setup reg-reg] _100209_/Q -> _099476_/D : -2.058023
[setup reg-reg] _100325_/Q -> _099319_/D : -2.057137
[setup reg-reg] _100077_/Q -> _099782_/D : -2.057032
[setup reg-reg] _100498_/Q -> _099044_/D : -2.055355
[setup reg-reg] _099949_/Q -> _099852_/D : -2.051548
[setup reg-reg] _100032_/Q -> _099731_/D : -2.050486
[setup reg-reg] _100046_/Q -> _099720_/D : -2.049545
[setup reg-reg] _100170_/Q -> _099545_/D : -2.049220
[setup reg-reg] _100032_/Q -> _099736_/D : -2.048685
[setup reg-reg] _100170_/Q -> _099544_/D : -2.047365
[setup reg-reg] _100498_/Q -> _099045_/D : -2.047050
[setup reg-reg] _100498_/Q -> _100486_/D : -2.045324
[setup reg-reg] _099949_/Q -> _099855_/D : -2.044708
[setup reg-reg] _100077_/Q -> _099778_/D : -2.044450
[setup reg-reg] _100498_/Q -> _099763_/D : -2.043404
[setup reg-reg] _100498_/Q -> _099174_/D : -2.038434
[setup reg-reg] _100498_/Q -> _099081_/D : -2.038418
[setup reg-reg] _100498_/Q -> _099046_/D : -2.037181
[setup reg-reg] _100314_/Q -> _099334_/D : -2.034845
[setup reg-reg] _100409_/Q -> _099303_/D : -2.033358
[setup reg-reg] _099949_/Q -> _099857_/D : -2.032754
[setup reg-reg] _100419_/Q -> _099183_/D : -2.031381
[setup reg-reg] _100498_/Q -> _099102_/D : -2.030920
[setup reg-reg] _100498_/Q -> _099166_/D : -2.025079
[setup reg-reg] _100498_/Q -> _099041_/D : -2.024343
[setup reg-reg] _100498_/Q -> _099766_/D : -2.021354
[setup reg-reg] _100498_/Q -> _099109_/D : -2.021068
[setup reg-reg] _100498_/Q -> _099049_/D : -2.020629
[setup reg-reg] _100498_/Q -> _099165_/D : -2.020428
[setup reg-reg] _100181_/Q -> _099627_/D : -2.014891
[setup reg-reg] _100181_/Q -> _099626_/D : -2.013708
[setup reg-reg] _100314_/Q -> _099331_/D : -2.012049
[setup reg-reg] _099949_/Q -> _099851_/D : -2.011639
[setup reg-reg] _100046_/Q -> _099718_/D : -2.009886
[setup reg-reg] _100033_/Q -> _099845_/D : -2.007527
[setup reg-reg] _099922_/Q -> _098282_/D : -2.007514
[setup reg-reg] _100209_/Q -> _099489_/D : -2.007143
[setup reg-reg] _099922_/Q -> _098280_/D : -2.005386
[setup reg-reg] _100115_/Q -> _099618_/D : -2.003933
[setup reg-reg] _099922_/Q -> _098273_/D : -2.002812
[setup reg-reg] _099922_/Q -> _098286_/D : -2.001038
[setup reg-reg] _100181_/Q -> _099630_/D : -1.999247
[setup reg-reg] _100181_/Q -> _099631_/D : -1.998814
[setup reg-reg] _100181_/Q -> _099628_/D : -1.998133
[setup reg-reg] _100077_/Q -> _099779_/D : -1.997067
[setup reg-reg] _100046_/Q -> _099716_/D : -1.995472
[setup reg-reg] _100314_/Q -> _099333_/D : -1.993593
[setup reg-reg] _100242_/Q -> _099432_/D : -1.992198
[setup reg-reg] _100170_/Q -> _099541_/D : -1.990937
[setup reg-reg] _099922_/Q -> _098275_/D : -1.990017
[setup reg-reg] _099922_/Q -> _098274_/D : -1.987402
[setup reg-reg] _100181_/Q -> _099635_/D : -1.986745
[setup reg-reg] _100181_/Q -> _099629_/D : -1.986145
[setup reg-reg] _100115_/Q -> _099620_/D : -1.982908
[setup reg-reg] _100498_/Q -> _099653_/D : -1.979004
[setup reg-reg] _100242_/Q -> _099433_/D : -1.978501
[setup reg-reg] _100209_/Q -> _099486_/D : -1.978036
[setup reg-reg] _100498_/Q -> _099043_/D : -1.976211
[setup reg-reg] _100325_/Q -> _100298_/D : -1.975346
[setup reg-reg] _100498_/Q -> _099062_/D : -1.973916
[setup reg-reg] _100077_/Q -> _099781_/D : -1.972071
[setup reg-reg] _100148_/Q -> _099575_/D : -1.968518
[setup reg-reg] _100281_/Q -> _099371_/D : -1.968189
[setup reg-reg] _100181_/Q -> _099634_/D : -1.967203
[setup reg-reg] _100242_/Q -> _099434_/D : -1.967091
[setup reg-reg] _100170_/Q -> _099537_/D : -1.966557
[setup reg-reg] _100419_/Q -> _099177_/D : -1.965530
[setup reg-reg] _099949_/Q -> _099853_/D : -1.964919
[setup reg-reg] _100498_/Q -> _099128_/D : -1.964411
[setup reg-reg] _099922_/Q -> _098277_/D : -1.964331
[setup reg-reg] _099922_/Q -> _098276_/D : -1.964057
[setup reg-reg] _100281_/Q -> _099375_/D : -1.963237
[setup reg-reg] _100314_/Q -> _099329_/D : -1.961304
[setup reg-reg] _100498_/Q -> _099129_/D : -1.961130
[setup reg-reg] _099949_/Q -> _099854_/D : -1.959595
[setup reg-reg] _100419_/Q -> _099184_/D : -1.958922
[setup reg-reg] _100419_/Q -> _099185_/D : -1.956380
[setup reg-reg] _100314_/Q -> _099335_/D : -1.953177
[setup reg-reg] _100046_/Q -> _099717_/D : -1.952826
[setup reg-reg] _099922_/Q -> _099909_/D : -1.951907
[setup reg-reg] _099892_/Q -> _098207_/D : -1.951841
[setup reg-reg] _099922_/Q -> _098279_/D : -1.950612
[setup reg-reg] _100242_/Q -> _099431_/D : -1.950522
[setup reg-reg] _100242_/Q -> _099439_/D : -1.948976
[setup reg-reg] _100281_/Q -> _099373_/D : -1.947710
[setup reg-reg] _100281_/Q -> _099377_/D : -1.946919
[setup reg-reg] _099922_/Q -> _098278_/D : -1.945994
[setup reg-reg] _100281_/Q -> _099379_/D : -1.944214
[setup reg-reg] _100498_/Q -> _099534_/D : -1.940030
[setup reg-reg] _100498_/Q -> _099161_/D : -1.939187
[setup reg-reg] _100170_/Q -> _099539_/D : -1.938434
[setup reg-reg] _100437_/Q -> _099254_/D : -1.937835
[setup reg-reg] _100281_/Q -> _099376_/D : -1.937362
[setup reg-reg] _100498_/Q -> _099521_/D : -1.935195
[setup reg-reg] _100170_/Q -> _099538_/D : -1.935021
[setup reg-reg] _100498_/Q -> _099153_/D : -1.934858
[setup reg-reg] _100498_/Q -> _099524_/D : -1.931349
[setup reg-reg] _100181_/Q -> _099633_/D : -1.930774
[setup reg-reg] _100046_/Q -> _099722_/D : -1.930463
[setup reg-reg] _100046_/Q -> _099721_/D : -1.929204
[setup reg-reg] _100498_/Q -> _099526_/D : -1.928376
[setup reg-reg] _100498_/Q -> _099157_/D : -1.927534
[setup reg-reg] _100242_/Q -> _099437_/D : -1.923578
[setup reg-reg] _100264_/Q -> _099513_/D : -1.921318
[setup reg-reg] _100242_/Q -> _099435_/D : -1.919124
[setup reg-reg] _100326_/Q -> _099419_/D : -1.917144
[setup reg-reg] _100303_/Q -> _099350_/D : -1.915524
[setup reg-reg] _100498_/Q -> _100453_/D : -1.913358
[setup reg-reg] _100198_/Q -> _099492_/D : -1.912520
[setup reg-reg] _100198_/Q -> _099499_/D : -1.911024
[setup reg-reg] _100198_/Q -> _099495_/D : -1.910749
[setup reg-reg] _100326_/Q -> _099416_/D : -1.909731
[setup reg-reg] _100033_/Q -> _099838_/D : -1.909296
[setup reg-reg] _100077_/Q -> _099785_/D : -1.907754
[setup reg-reg] _100077_/Q -> _099780_/D : -1.906855
[setup reg-reg] _100198_/Q -> _099491_/D : -1.906075
[setup reg-reg] _100170_/Q -> _099536_/D : -1.905178
[setup reg-reg] _100198_/Q -> _099494_/D : -1.902631
[setup reg-reg] _100409_/Q -> _099301_/D : -1.902086
[setup reg-reg] _100498_/Q -> _099086_/D : -1.901467
[setup reg-reg] _100437_/Q -> _099259_/D : -1.898307
[setup reg-reg] _100148_/Q -> _099570_/D : -1.896948
[setup reg-reg] _100303_/Q -> _099348_/D : -1.895181
[setup reg-reg] _099910_/Q -> _098250_/D : -1.894929
[setup reg-reg] _100281_/Q -> _099374_/D : -1.889655
[setup reg-reg] _100498_/Q -> _099127_/D : -1.886292
[setup reg-reg] _100498_/Q -> _099529_/D : -1.884837
[setup reg-reg] _100498_/Q -> _099088_/D : -1.883276
[setup reg-reg] _100046_/Q -> _099719_/D : -1.882881
[setup reg-reg] _099910_/Q -> _098245_/D : -1.882368
[setup reg-reg] _100448_/Q -> _099243_/D : -1.878958
[setup reg-reg] _100498_/Q -> _099089_/D : -1.878201
[setup reg-reg] _099910_/Q -> _098244_/D : -1.877419
[setup reg-reg] _100498_/Q -> _099094_/D : -1.876677
[setup reg-reg] _100326_/Q -> _099421_/D : -1.876298
[setup reg-reg] _100303_/Q -> _099342_/D : -1.875691
[setup reg-reg] _100498_/Q -> _099169_/D : -1.874396
[setup reg-reg] _100437_/Q -> _099253_/D : -1.874229
[setup reg-reg] _100170_/Q -> _099542_/D : -1.873747
[setup reg-reg] _100498_/Q -> _099150_/D : -1.873383
[setup reg-reg] _100170_/Q -> _099540_/D : -1.872461
[setup reg-reg] _099892_/Q -> _098201_/D : -1.872310
[setup reg-reg] _099910_/Q -> _098248_/D : -1.872186
[setup reg-reg] _100498_/Q -> _099527_/D : -1.871488
[setup reg-reg] _100498_/Q -> _099293_/D : -1.869761
[setup reg-reg] _099910_/Q -> _098246_/D : -1.867813
[setup reg-reg] _099910_/Q -> _098243_/D : -1.866628
[setup reg-reg] _100198_/Q -> _099496_/D : -1.865125
[setup reg-reg] _099892_/Q -> _098199_/D : -1.864731
[setup reg-reg] _099892_/Q -> _098200_/D : -1.863914
[setup reg-reg] _100264_/Q -> _099507_/D : -1.863858
[setup reg-reg] _100448_/Q -> _099245_/D : -1.863805
[setup reg-reg] _099892_/Q -> _098202_/D : -1.863342
[setup reg-reg] _100498_/Q -> _099291_/D : -1.861896
[setup reg-reg] _100498_/Q -> _099069_/D : -1.860416
[setup reg-reg] _099892_/Q -> _098204_/D : -1.860219
[setup reg-reg] _100419_/Q -> _099176_/D : -1.858092
[setup reg-reg] _100303_/Q -> _099349_/D : -1.856467
[setup reg-reg] _100409_/Q -> _099302_/D : -1.855824
[setup reg-reg] _100409_/Q -> _099296_/D : -1.855083
[setup reg-reg] _100303_/Q -> _099347_/D : -1.853893
[setup reg-reg] _100326_/Q -> _099420_/D : -1.852337
[setup reg-reg] _100326_/Q -> _099418_/D : -1.852055
[setup reg-reg] _100419_/Q -> _099180_/D : -1.848321
[setup reg-reg] _100419_/Q -> _099179_/D : -1.847539
[setup reg-reg] _100498_/Q -> _099126_/D : -1.847063
[setup reg-reg] _100409_/Q -> _099297_/D : -1.846308
[setup reg-reg] _100386_/Q -> _099228_/D : -1.844823
[setup reg-reg] _100409_/Q -> _099299_/D : -1.844784
[setup reg-reg] _100077_/Q -> _099777_/D : -1.844708
[setup reg-reg] _100198_/Q -> _099497_/D : -1.844448
[setup reg-reg] _100430_/Q -> _099273_/D : -1.843079
[setup reg-reg] _100419_/Q -> _099178_/D : -1.842848
[setup reg-reg] _100077_/Q -> _099783_/D : -1.842070
[setup reg-reg] _100498_/Q -> _099143_/D : -1.838606
[setup reg-reg] _100303_/Q -> _099341_/D : -1.838508
[setup reg-reg] _100498_/Q -> _099085_/D : -1.836007
[setup reg-reg] _100326_/Q -> _099422_/D : -1.835582
[setup reg-reg] _100498_/Q -> _099095_/D : -1.834993
[setup reg-reg] _100314_/Q -> _100287_/D : -1.834128
[setup reg-reg] _100077_/Q -> _099776_/D : -1.833328
[setup reg-reg] _100498_/Q -> _099915_/D : -1.833044
[setup reg-reg] _100498_/Q -> _099091_/D : -1.831603
[setup reg-reg] _100498_/Q -> _099087_/D : -1.829411
[setup reg-reg] _100498_/Q -> _099114_/D : -1.829328
[setup reg-reg] _100498_/Q -> _099294_/D : -1.827827
[setup reg-reg] _100498_/Q -> _099090_/D : -1.826070
[setup reg-reg] _100498_/Q -> _099093_/D : -1.825876
[setup reg-reg] _100481_/Q -> _099202_/D : -1.825480
[setup reg-reg] _100498_/Q -> _099066_/D : -1.825418
[setup reg-reg] _100303_/Q -> _099344_/D : -1.824846
[setup reg-reg] _100409_/Q -> _099298_/D : -1.824121
[setup reg-reg] _100303_/Q -> _099345_/D : -1.824036
[setup reg-reg] _100419_/Q -> _099182_/D : -1.822617
[setup reg-reg] _100159_/Q -> _099558_/D : -1.818364
[setup reg-reg] _100419_/Q -> _099181_/D : -1.814817
[setup reg-reg] _100437_/Q -> _100342_/D : -1.813932
[setup reg-reg] _099892_/Q -> _098206_/D : -1.812824
[setup reg-reg] _100314_/Q -> _099326_/D : -1.809713
[setup reg-reg] _100242_/Q -> _099438_/D : -1.805873
[setup reg-reg] _100209_/Q -> _100182_/D : -1.804555
[setup reg-reg] _099892_/Q -> _098203_/D : -1.804338
[setup reg-reg] _100498_/Q -> _099111_/D : -1.803162
[setup reg-reg] _100303_/Q -> _099343_/D : -1.802972
[setup reg-reg] _100264_/Q -> _099511_/D : -1.802897
[setup reg-reg] _100264_/Q -> _099506_/D : -1.799528
[setup reg-reg] _100498_/Q -> _099112_/D : -1.799144
[setup reg-reg] _100409_/Q -> _099306_/D : -1.795124
[setup reg-reg] _100242_/Q -> _100215_/D : -1.792801
[setup reg-reg] _100498_/Q -> _099152_/D : -1.792539
[setup reg-reg] _100264_/Q -> _099512_/D : -1.790983
[setup reg-reg] _100325_/Q -> _099323_/D : -1.787937
[setup reg-reg] _099892_/Q -> _098198_/D : -1.786400
[setup reg-reg] _100498_/Q -> _099146_/D : -1.786102
[setup reg-reg] _099949_/Q -> _099927_/D : -1.785360
[setup reg-reg] _100264_/Q -> _099514_/D : -1.784375
[setup reg-reg] _100314_/Q -> _099336_/D : -1.782039
[setup reg-reg] _100498_/Q -> _099151_/D : -1.780647
[setup reg-reg] _100181_/Q -> _099637_/D : -1.779579
[setup reg-reg] _100264_/Q -> _099509_/D : -1.773518
[setup reg-reg] _100498_/Q -> _099411_/D : -1.773365
[setup reg-reg] _100314_/Q -> _099332_/D : -1.771971
[setup reg-reg] _100264_/Q -> _099510_/D : -1.767754
[setup reg-reg] _100498_/Q -> _099413_/D : -1.767614
[setup reg-reg] _100409_/Q -> _099300_/D : -1.766958
[setup reg-reg] _100498_/Q -> _099522_/D : -1.764258
[setup reg-reg] _100033_/Q -> _099836_/D : -1.763176
[setup reg-reg] _100264_/Q -> _099508_/D : -1.762581
[setup reg-reg] _100498_/Q -> _099523_/D : -1.762215
[setup reg-reg] _100437_/Q -> _099255_/D : -1.761352
[setup reg-reg] _100409_/Q -> _099304_/D : -1.760094
[setup reg-reg] _100481_/Q -> _099204_/D : -1.759920
[setup reg-reg] _100032_/Q -> _100010_/D : -1.759370
[setup reg-reg] _100046_/Q -> _099724_/D : -1.757714
[setup reg-reg] _100181_/Q -> _099636_/D : -1.757574
[setup reg-reg] _100033_/Q -> _099842_/D : -1.757357
[setup reg-reg] _100470_/Q -> _099217_/D : -1.755339
[setup reg-reg] _100498_/Q -> _099156_/D : -1.754744
[setup reg-reg] _100303_/Q -> _099346_/D : -1.750967
[setup reg-reg] _100033_/Q -> _099839_/D : -1.750919
[setup reg-reg] _100430_/Q -> _099267_/D : -1.748061
[setup reg-reg] _100077_/Q -> _099977_/D : -1.745139
[setup reg-reg] _100148_/Q -> _099566_/D : -1.742823
[setup reg-reg] _100437_/Q -> _099256_/D : -1.742237
[setup reg-reg] _100326_/Q -> _099426_/D : -1.738174
[setup reg-reg] _100498_/Q -> _099525_/D : -1.737648
[setup reg-reg] _100437_/Q -> _099257_/D : -1.736922
[setup reg-reg] _099922_/Q -> _098281_/D : -1.736820
[setup reg-reg] _100498_/Q -> _098297_/D : -1.735810
[setup reg-reg] _100498_/Q -> _099171_/D : -1.733382
[setup reg-reg] _099910_/Q -> _098256_/D : -1.728857
[setup reg-reg] _100033_/Q -> _099841_/D : -1.727592
[setup reg-reg] _100181_/Q -> _100082_/D : -1.727443
[setup reg-reg] _100314_/Q -> _099328_/D : -1.726626
[setup reg-reg] _099892_/Q -> _099881_/D : -1.724134
[setup reg-reg] _100470_/Q -> _099219_/D : -1.723945
[setup reg-reg] _100437_/Q -> _099251_/D : -1.723611
[setup reg-reg] _100198_/Q -> _100176_/D : -1.721016
[setup reg-reg] _100386_/Q -> _099230_/D : -1.720137
[setup reg-reg] _100170_/Q -> _100143_/D : -1.719721
[setup reg-reg] _100498_/Q -> _099172_/D : -1.718378
[setup reg-reg] _100314_/Q -> _099327_/D : -1.715744
[setup reg-reg] _100437_/Q -> _099252_/D : -1.713827
[setup reg-reg] _100046_/Q -> _100016_/D : -1.710630
[setup reg-reg] _100148_/Q -> _099573_/D : -1.708408
[setup reg-reg] _100498_/Q -> _099148_/D : -1.707470
[setup reg-reg] _100498_/Q -> _100414_/D : -1.706360
[setup reg-reg] _100077_/Q -> _099786_/D : -1.705399
[setup reg-reg] _100281_/Q -> _099381_/D : -1.704626
[setup reg-reg] _100498_/Q -> _099067_/D : -1.703192
[setup reg-reg] _100430_/Q -> _099274_/D : -1.699048
[setup reg-reg] _100498_/Q -> _099113_/D : -1.698575
[setup reg-reg] _100498_/Q -> _099173_/D : -1.698027
[setup reg-reg] _100148_/Q -> _099571_/D : -1.697339
[setup reg-reg] _100470_/Q -> _099209_/D : -1.694904
[setup reg-reg] _100077_/Q -> _099784_/D : -1.688889
[setup reg-reg] _100148_/Q -> _099574_/D : -1.687898
[setup reg-reg] _100498_/Q -> _099068_/D : -1.687335
[setup reg-reg] _100386_/Q -> _099229_/D : -1.685919
[setup reg-reg] _100430_/Q -> _099271_/D : -1.685725
[setup reg-reg] _100159_/Q -> _099559_/D : -1.685720
[setup reg-reg] _100281_/Q -> _100259_/D : -1.683357
[setup reg-reg] _100137_/Q -> _099590_/D : -1.679013
[setup reg-reg] _100498_/Q -> _099158_/D : -1.678483
[setup reg-reg] _100430_/Q -> _099275_/D : -1.677345
[setup reg-reg] _099949_/Q -> _099864_/D : -1.676988
[setup reg-reg] _100481_/Q -> _099203_/D : -1.673630
[setup reg-reg] _100430_/Q -> _099269_/D : -1.673003
[setup reg-reg] _100170_/Q -> _099549_/D : -1.672849
[setup reg-reg] _100430_/Q -> _099268_/D : -1.672424
[setup reg-reg] _100430_/Q -> _099272_/D : -1.671365
[setup reg-reg] _100281_/Q -> _099384_/D : -1.670339
[setup reg-reg] _100498_/Q -> _099772_/D : -1.669264
[setup reg-reg] _100386_/Q -> _099221_/D : -1.668353
[setup reg-reg] _100498_/Q -> _099092_/D : -1.662581
[setup reg-reg] _100498_/Q -> _099142_/D : -1.662466
[setup reg-reg] _100386_/Q -> _099227_/D : -1.662299
[setup reg-reg] _100470_/Q -> _099211_/D : -1.662164
[setup reg-reg] _099949_/Q -> _099856_/D : -1.660029
[setup reg-reg] _100470_/Q -> _099207_/D : -1.658924
[setup reg-reg] _099949_/Q -> _099859_/D : -1.658613
[setup reg-reg] _100498_/Q -> _099144_/D : -1.657652
[setup reg-reg] _100281_/Q -> _099383_/D : -1.656410
[setup reg-reg] _100386_/Q -> _099225_/D : -1.655680
[setup reg-reg] _100181_/Q -> _099639_/D : -1.655382
[setup reg-reg] _100149_/Q -> _100049_/D : -1.652046
[setup reg-reg] _100448_/Q -> _099239_/D : -1.650399
[setup reg-reg] _100033_/Q -> _099849_/D : -1.647651
[setup reg-reg] _100281_/Q -> _099382_/D : -1.647024
[setup reg-reg] _100498_/Q -> _099051_/D : -1.645091
[setup reg-reg] _100386_/Q -> _099223_/D : -1.644928
[setup reg-reg] _100448_/Q -> _099237_/D : -1.643114
[setup reg-reg] _100386_/Q -> _099226_/D : -1.638423
[setup reg-reg] _100448_/Q -> _099238_/D : -1.638366
[setup reg-reg] _100448_/Q -> _099241_/D : -1.637314
[setup reg-reg] _100115_/Q -> _099616_/D : -1.636368
[setup reg-reg] _100448_/Q -> _099240_/D : -1.633580
[setup reg-reg] _100198_/Q -> _099493_/D : -1.633092
[setup reg-reg] _100409_/Q -> _099308_/D : -1.632870
[setup reg-reg] _100115_/Q -> _099614_/D : -1.631246
[setup reg-reg] _100448_/Q -> _099244_/D : -1.630248
[setup reg-reg] _100448_/Q -> _099242_/D : -1.628397
[setup reg-reg] _100430_/Q -> _099266_/D : -1.628178
[setup reg-reg] _100386_/Q -> _099222_/D : -1.626843
[setup reg-reg] _100430_/Q -> _099270_/D : -1.625965
[setup reg-reg] _100115_/Q -> _099613_/D : -1.625358
[setup reg-reg] _099971_/Q -> _099828_/D : -1.623416
[setup reg-reg] _100115_/Q -> _099619_/D : -1.616003
[setup reg-reg] _100498_/Q -> _098289_/D : -1.615652
[setup reg-reg] _100481_/Q -> _099205_/D : -1.613694
[setup reg-reg] _100264_/Q -> _100165_/D : -1.612634
[setup reg-reg] _100033_/Q -> _099933_/D : -1.612365
[setup reg-reg] _100498_/Q -> _098295_/D : -1.609223
[setup reg-reg] _100498_/Q -> _099655_/D : -1.609092
[setup reg-reg] _099910_/Q -> _098247_/D : -1.607477
[setup reg-reg] _100343_/Q -> _099393_/D : -1.605176
[setup reg-reg] _100033_/Q -> _099844_/D : -1.603633
[setup reg-reg] _100498_/Q -> _099773_/D : -1.592353
[setup reg-reg] _100448_/Q -> _099236_/D : -1.591678
[setup reg-reg] _100498_/Q -> _098296_/D : -1.589367
[setup reg-reg] _100498_/Q -> _099159_/D : -1.583709
[setup reg-reg] _100386_/Q -> _099224_/D : -1.583285
[setup reg-reg] _100115_/Q -> _099611_/D : -1.576883
[setup reg-reg] _099910_/Q -> _098252_/D : -1.573241
[setup reg-reg] _100470_/Q -> _099212_/D : -1.570477
[setup reg-reg] _100365_/Q -> _099365_/D : -1.569633
[setup reg-reg] _100498_/Q -> _099149_/D : -1.567893
[setup reg-reg] _100409_/Q -> _100309_/D : -1.566871
[setup reg-reg] _100115_/Q -> _099612_/D : -1.566661
[setup reg-reg] _100470_/Q -> _099214_/D : -1.566427
[setup reg-reg] _099904_/Q -> _099891_/D : -1.564267
[setup reg-reg] _100033_/Q -> _099840_/D : -1.564201
[setup reg-reg] _100498_/Q -> _099414_/D : -1.561784
[setup reg-reg] _100498_/Q -> _099054_/D : -1.561540
[setup reg-reg] _099910_/Q -> _098251_/D : -1.561343
[setup reg-reg] _100115_/Q -> _099617_/D : -1.559920
[setup reg-reg] _100498_/Q -> _099141_/D : -1.559503
[setup reg-reg] _100326_/Q -> _099417_/D : -1.558581
[setup reg-reg] _100498_/Q -> _099771_/D : -1.556451
[setup reg-reg] _100159_/Q -> _099552_/D : -1.555046
[setup reg-reg] _100498_/Q -> _099147_/D : -1.554779
[setup reg-reg] _099910_/Q -> _098249_/D : -1.554460
[setup reg-reg] _100470_/Q -> _099213_/D : -1.553646
[setup reg-reg] _099971_/Q -> _099830_/D : -1.551633
[setup reg-reg] _100127_/Q -> _099702_/D : -1.550450
[setup reg-reg] _100498_/Q -> _098299_/D : -1.550250
[setup reg-reg] _100159_/Q -> _099553_/D : -1.548367
[setup reg-reg] _100303_/Q -> _100276_/D : -1.546578
[setup reg-reg] _100033_/Q -> _099837_/D : -1.542732
[setup reg-reg] _100419_/Q -> _099189_/D : -1.542029
[setup reg-reg] _100159_/Q -> _099554_/D : -1.541118
[setup reg-reg] _100326_/Q -> _099424_/D : -1.534641
[setup reg-reg] _100127_/Q -> _099701_/D : -1.534111
[setup reg-reg] _100498_/Q -> _099154_/D : -1.533874
[setup reg-reg] _100326_/Q -> _100226_/D : -1.532923
[setup reg-reg] _100033_/Q -> _099847_/D : -1.530339
[setup reg-reg] _100498_/Q -> _098291_/D : -1.529779
[setup reg-reg] _100325_/Q -> _099324_/D : -1.528361
[setup reg-reg] _100470_/Q -> _099208_/D : -1.525994
[setup reg-reg] _100470_/Q -> _099210_/D : -1.519465
[setup reg-reg] _100148_/Q -> _099572_/D : -1.517213
[setup reg-reg] _100148_/Q -> _099567_/D : -1.516655
[setup reg-reg] _100127_/Q -> _099703_/D : -1.514120
[setup reg-reg] _100470_/Q -> _099206_/D : -1.509967
[setup reg-reg] _100409_/Q -> _099309_/D : -1.509187
[setup reg-reg] _100127_/Q -> _099705_/D : -1.508553
[setup reg-reg] _100386_/Q -> _100359_/D : -1.507749
[setup reg-reg] _100127_/Q -> _099707_/D : -1.505018
[setup reg-reg] _100148_/Q -> _099569_/D : -1.503814
[setup reg-reg] _100127_/Q -> _099704_/D : -1.502020
[setup reg-reg] _100159_/Q -> _099556_/D : -1.495852
[setup reg-reg] _100148_/Q -> _099568_/D : -1.494595
[setup reg-reg] _099904_/Q -> _098233_/D : -1.485121
[setup reg-reg] _100159_/Q -> _099560_/D : -1.483054
[setup reg-reg] _100314_/Q -> _099339_/D : -1.479149
[setup reg-reg] _100470_/Q -> _099215_/D : -1.474424
[setup reg-reg] _100127_/Q -> _100027_/D : -1.471461
[setup reg-reg] _100448_/Q -> _100348_/D : -1.466599
[setup reg-reg] _099904_/Q -> _098235_/D : -1.466505
[setup reg-reg] _100127_/Q -> _099706_/D : -1.465415
[setup reg-reg] _099904_/Q -> _098231_/D : -1.462917
[setup reg-reg] _100159_/Q -> _099555_/D : -1.460395
[setup reg-reg] _100470_/Q -> _100370_/D : -1.458057
[setup reg-reg] _100386_/Q -> _099232_/D : -1.457300
[setup reg-reg] _100498_/Q -> _099412_/D : -1.456746
[setup reg-reg] _100127_/Q -> _099708_/D : -1.456122
[setup reg-reg] _100159_/Q -> _099551_/D : -1.450928
[setup reg-reg] _099916_/Q -> _098258_/D : -1.448138
[setup reg-reg] _100498_/Q -> _099295_/D : -1.447157
[setup reg-reg] _100115_/Q -> _099615_/D : -1.446189
[setup reg-reg] _100127_/Q -> _099710_/D : -1.445621
[setup reg-reg] _099916_/Q -> _098263_/D : -1.439441
[setup reg-reg] _100430_/Q -> _099276_/D : -1.438959
[setup reg-reg] _100498_/Q -> _099070_/D : -1.437456
[setup reg-reg] _099904_/Q -> _098232_/D : -1.437030
[setup reg-reg] _100498_/Q -> _098288_/D : -1.436483
[setup reg-reg] _099916_/Q -> _098266_/D : -1.436222
[setup reg-reg] _099904_/Q -> _098234_/D : -1.433630
[setup reg-reg] _100409_/Q -> _099307_/D : -1.431900
[setup reg-reg] _099892_/Q -> _098208_/D : -1.430918
[setup reg-reg] _100343_/Q -> _099390_/D : -1.427552
[setup reg-reg] _100127_/Q -> _099709_/D : -1.425189
[setup reg-reg] _099916_/Q -> _098262_/D : -1.422876
[setup reg-reg] _100343_/Q -> _099389_/D : -1.422087
[setup reg-reg] _099904_/Q -> _098237_/D : -1.421453
[setup reg-reg] _099904_/Q -> _098236_/D : -1.420206
[setup reg-reg] _100087_/Q -> _099663_/D : -1.418187
[setup reg-reg] _100343_/Q -> _099386_/D : -1.416375
[setup reg-reg] _100498_/Q -> _098300_/D : -1.416085
[setup reg-reg] _099904_/Q -> _098228_/D : -1.416062
[setup reg-reg] _099916_/Q -> _098260_/D : -1.410925
[setup reg-reg] _100419_/Q -> _100392_/D : -1.410484
[setup reg-reg] _099904_/Q -> _098230_/D : -1.410482
[setup reg-reg] _100343_/Q -> _099394_/D : -1.409340
[setup reg-reg] _100181_/Q -> _099638_/D : -1.409191
[setup reg-reg] _100343_/Q -> _099388_/D : -1.409051
[setup reg-reg] _099971_/Q -> _099823_/D : -1.404725
[setup reg-reg] _100419_/Q -> _099187_/D : -1.404416
[setup reg-reg] _099916_/Q -> _098261_/D : -1.404199
[setup reg-reg] _099971_/Q -> _099832_/D : -1.402936
[setup reg-reg] _100126_/Q -> _099603_/D : -1.402869
[setup reg-reg] _100181_/Q -> _099640_/D : -1.398909
[setup reg-reg] _100498_/Q -> _098290_/D : -1.397570
[setup reg-reg] _099898_/Q -> _098222_/D : -1.396893
[setup reg-reg] _100015_/Q -> _099872_/D : -1.394705
[setup reg-reg] _100325_/Q -> _099321_/D : -1.392957
[setup reg-reg] _100498_/Q -> _098293_/D : -1.392582
[setup reg-reg] _100430_/Q -> _100331_/D : -1.391097
[setup reg-reg] _099916_/Q -> _098259_/D : -1.390077
[setup reg-reg] _100198_/Q -> _099501_/D : -1.387493
[setup reg-reg] _100015_/Q -> _099875_/D : -1.385816
[setup reg-reg] _099916_/Q -> _098267_/D : -1.385700
[setup reg-reg] _099971_/Q -> _099825_/D : -1.385613
[setup reg-reg] _099971_/Q -> _099822_/D : -1.383915
[setup reg-reg] _100498_/Q -> _099292_/D : -1.383560
[setup reg-reg] _099910_/Q -> _099897_/D : -1.382963
[setup reg-reg] _100137_/Q -> _099588_/D : -1.380950
[setup reg-reg] _099922_/Q -> _098284_/D : -1.380240
[setup reg-reg] _100498_/Q -> _099175_/D : -1.380029
[setup reg-reg] _100498_/Q -> _098292_/D : -1.376936
[setup reg-reg] _099949_/Q -> _099861_/D : -1.375296
[setup reg-reg] _099904_/Q -> _098229_/D : -1.374525
[setup reg-reg] _100498_/Q -> _099130_/D : -1.373527
[setup reg-reg] _099916_/Q -> _098264_/D : -1.373373
[setup reg-reg] _100077_/Q -> _099789_/D : -1.370225
[setup reg-reg] _100498_/Q -> _098294_/D : -1.368653
[setup reg-reg] _100343_/Q -> _099395_/D : -1.367853
[setup reg-reg] _099971_/Q -> _099821_/D : -1.367345
[setup reg-reg] _100314_/Q -> _099338_/D : -1.365711
[setup reg-reg] _100343_/Q -> _099392_/D : -1.362881
[setup reg-reg] _100343_/Q -> _099391_/D : -1.360993
[setup reg-reg] _100231_/Q -> _099451_/D : -1.360384
[setup reg-reg] _100343_/Q -> _099387_/D : -1.359092
[setup reg-reg] _099898_/Q -> _098220_/D : -1.357639
[setup reg-reg] _100231_/Q -> _099446_/D : -1.357094
[setup reg-reg] _099892_/Q -> _098210_/D : -1.356961
[setup reg-reg] _099971_/Q -> _099944_/D : -1.356932
[setup reg-reg] _099971_/Q -> _099831_/D : -1.356662
[setup reg-reg] _100314_/Q -> _099337_/D : -1.354483
[setup reg-reg] _099949_/Q -> _099862_/D : -1.353024
[setup reg-reg] _100437_/Q -> _099264_/D : -1.351804
[setup reg-reg] _100126_/Q -> _099599_/D : -1.351804
[setup reg-reg] _100303_/Q -> _099354_/D : -1.351646
[setup reg-reg] _100231_/Q -> _099452_/D : -1.349765
[setup reg-reg] _099971_/Q -> _099827_/D : -1.347905
[setup reg-reg] _100137_/Q -> _099583_/D : -1.346642
[setup reg-reg] _099971_/Q -> _099826_/D : -1.344780
[setup reg-reg] _100365_/Q -> _099363_/D : -1.342027
[setup reg-reg] _100231_/Q -> _099454_/D : -1.340609
[setup reg-reg] _100126_/Q -> _099598_/D : -1.338297
[setup reg-reg] _100137_/Q -> _099582_/D : -1.338218
[setup reg-reg] _100365_/Q -> _099357_/D : -1.337501
[setup reg-reg] _100326_/Q -> _099427_/D : -1.336765
[setup reg-reg] _100126_/Q -> _099605_/D : -1.335055
[setup reg-reg] _100231_/Q -> _099447_/D : -1.331639
[setup reg-reg] _100498_/Q -> _099415_/D : -1.327647
[setup reg-reg] _100419_/Q -> _099186_/D : -1.324496
[setup reg-reg] _099898_/Q -> _098213_/D : -1.323592
[setup reg-reg] _100137_/Q -> _099587_/D : -1.321125
[setup reg-reg] _100138_/Q -> _099688_/D : -1.305485
[setup reg-reg] _100015_/Q -> _099873_/D : -1.304549
[setup reg-reg] _099982_/Q -> _099808_/D : -1.304228
[setup reg-reg] _100231_/Q -> _099453_/D : -1.303054
[setup reg-reg] _099922_/Q -> _098285_/D : -1.301379
[setup reg-reg] _100015_/Q -> _099871_/D : -1.298560
[setup reg-reg] _100231_/Q -> _099455_/D : -1.297145
[setup reg-reg] _100231_/Q -> _099449_/D : -1.296804
[setup reg-reg] _100231_/Q -> _099450_/D : -1.296630
[setup reg-reg] _100498_/Q -> _099115_/D : -1.296144
[setup reg-reg] _100138_/Q -> _099693_/D : -1.295906
[setup reg-reg] _100365_/Q -> _099356_/D : -1.295446
[setup reg-reg] _100293_/Q -> _099470_/D : -1.293095
[setup reg-reg] _100115_/Q -> _100093_/D : -1.291710
[setup reg-reg] _100138_/Q -> _099686_/D : -1.289447
[setup reg-reg] _100015_/Q -> _099876_/D : -1.287601
[setup reg-reg] _100437_/Q -> _099261_/D : -1.287443
[setup reg-reg] _100170_/Q -> _099546_/D : -1.287335
[setup reg-reg] _100159_/Q -> _099557_/D : -1.285246
[setup reg-reg] _100365_/Q -> _099359_/D : -1.284935
[setup reg-reg] _100137_/Q -> _099589_/D : -1.284031
[setup reg-reg] _100498_/Q -> _099052_/D : -1.282253
[setup reg-reg] _100365_/Q -> _099358_/D : -1.281121
[setup reg-reg] _100365_/Q -> _099360_/D : -1.280455
[setup reg-reg] _100015_/Q -> _099874_/D : -1.279334
[setup reg-reg] _100032_/Q -> _099744_/D : -1.277330
[setup reg-reg] _100015_/Q -> _099870_/D : -1.275476
[setup reg-reg] _100087_/Q -> _099657_/D : -1.273117
[setup reg-reg] _100126_/Q -> _099602_/D : -1.272058
[setup reg-reg] _100148_/Q -> _100121_/D : -1.270875
[setup reg-reg] _100138_/Q -> _099687_/D : -1.270772
[setup reg-reg] _100137_/Q -> _099586_/D : -1.270328
[setup reg-reg] _100149_/Q -> _099684_/D : -1.269838
[setup reg-reg] _100303_/Q -> _099351_/D : -1.269346
[setup reg-reg] _100015_/Q -> _099921_/D : -1.266939
[setup reg-reg] _100046_/Q -> _099728_/D : -1.265397
[setup reg-reg] _100293_/Q -> _099465_/D : -1.264557
[setup reg-reg] _100138_/Q -> _099690_/D : -1.262357
[setup reg-reg] _100138_/Q -> _099695_/D : -1.261833
[setup reg-reg] _100138_/Q -> _099692_/D : -1.260247
[setup reg-reg] _100015_/Q -> _099868_/D : -1.260119
[setup reg-reg] _100138_/Q -> _099689_/D : -1.259927
[setup reg-reg] _100137_/Q -> _099585_/D : -1.257616
[setup reg-reg] _100470_/Q -> _099218_/D : -1.251649
[setup reg-reg] _100137_/Q -> _099581_/D : -1.249415
[setup reg-reg] _100198_/Q -> _099504_/D : -1.248663
[setup reg-reg] _100159_/Q -> _099561_/D : -1.245969
[setup reg-reg] _099993_/Q -> _099798_/D : -1.245899
[setup reg-reg] _100015_/Q -> _099869_/D : -1.245402
[setup reg-reg] _100137_/Q -> _099584_/D : -1.244736
[setup reg-reg] _100303_/Q -> _099352_/D : -1.244104
[setup reg-reg] _100365_/Q -> _099362_/D : -1.243471
[setup reg-reg] _100448_/Q -> _099247_/D : -1.240020
[setup reg-reg] _100149_/Q -> _099682_/D : -1.239959
[setup reg-reg] _100365_/Q -> _099361_/D : -1.239929
[setup reg-reg] _100198_/Q -> _099502_/D : -1.239028
[setup reg-reg] _100126_/Q -> _099601_/D : -1.237687
[setup reg-reg] _100293_/Q -> _099464_/D : -1.236925
[setup reg-reg] _100209_/Q -> _099488_/D : -1.236870
[setup reg-reg] _100149_/Q -> _099681_/D : -1.235684
[setup reg-reg] _100159_/Q -> _099562_/D : -1.233763
[setup reg-reg] _100032_/Q -> _099741_/D : -1.232069
[setup reg-reg] _100015_/Q -> _099866_/D : -1.231662
[setup reg-reg] _100087_/Q -> _099665_/D : -1.230875
[setup reg-reg] _100015_/Q -> _099867_/D : -1.229953
[setup reg-reg] _100343_/Q -> _100248_/D : -1.228244
[setup reg-reg] _100448_/Q -> _099249_/D : -1.225544
[setup reg-reg] _100159_/Q -> _100132_/D : -1.222345
[setup reg-reg] _100231_/Q -> _100204_/D : -1.216249
[setup reg-reg] _099922_/Q -> _098287_/D : -1.216238
[setup reg-reg] _100365_/Q -> _099364_/D : -1.215170
[setup reg-reg] _100386_/Q -> _099231_/D : -1.210401
[setup reg-reg] _100015_/Q -> _099878_/D : -1.206866
[setup reg-reg] _099982_/Q -> _099813_/D : -1.206063
[setup reg-reg] _100046_/Q -> _099729_/D : -1.203221
[setup reg-reg] _100325_/Q -> _099322_/D : -1.196394
[setup reg-reg] _100032_/Q -> _099742_/D : -1.192692
[setup reg-reg] _100293_/Q -> _099463_/D : -1.192294
[setup reg-reg] _099922_/Q -> _098283_/D : -1.191065
[setup reg-reg] _100365_/Q -> _100265_/D : -1.188644
[setup reg-reg] _099982_/Q -> _099815_/D : -1.185501
[setup reg-reg] _100148_/Q -> _099576_/D : -1.184860
[setup reg-reg] _100087_/Q -> _099656_/D : -1.183482
[setup reg-reg] _100087_/Q -> _099658_/D : -1.183469
[setup reg-reg] _100498_/Q -> _099145_/D : -1.181308
[setup reg-reg] _100293_/Q -> _099462_/D : -1.180801
[setup reg-reg] _100046_/Q -> _099727_/D : -1.171250
[setup reg-reg] _100033_/Q -> _099848_/D : -1.171202
[setup reg-reg] _100046_/Q -> _099726_/D : -1.167283
[setup reg-reg] _100126_/Q -> _099597_/D : -1.165827
[setup reg-reg] _099982_/Q -> _099811_/D : -1.160888
[setup reg-reg] _100430_/Q -> _099279_/D : -1.156156
[setup reg-reg] _100293_/Q -> _099469_/D : -1.151269
[setup reg-reg] _100293_/Q -> _099468_/D : -1.148244
[setup reg-reg] _100138_/Q -> _100038_/D : -1.146914
[setup reg-reg] _100293_/Q -> _099466_/D : -1.140696
[setup reg-reg] _100148_/Q -> _099579_/D : -1.138398
[setup reg-reg] _099982_/Q -> _099806_/D : -1.132600
[setup reg-reg] _099898_/Q -> _098223_/D : -1.132543
[setup reg-reg] _099982_/Q -> _099807_/D : -1.131079
[setup reg-reg] _099916_/Q -> _098265_/D : -1.130058
[setup reg-reg] _100293_/Q -> _099467_/D : -1.127560
[setup reg-reg] _100264_/Q -> _099518_/D : -1.126901
[setup reg-reg] _099898_/Q -> _098219_/D : -1.125052
[setup reg-reg] _100498_/Q -> _098298_/D : -1.124423
[setup reg-reg] _100264_/Q -> _099516_/D : -1.124393
[setup reg-reg] _100087_/Q -> _099659_/D : -1.120151
[setup reg-reg] _099916_/Q -> _099903_/D : -1.120108
[setup reg-reg] _100087_/Q -> _099661_/D : -1.119261
[setup reg-reg] _100293_/Q -> _099461_/D : -1.115398
[setup reg-reg] _100137_/Q -> _100110_/D : -1.114632
[setup reg-reg] _100314_/Q -> _099340_/D : -1.111859
[setup reg-reg] _100498_/Q -> _099098_/D : -1.111504
[setup reg-reg] _099898_/Q -> _098217_/D : -1.110188
[setup reg-reg] _099971_/Q -> _099829_/D : -1.109697
[setup reg-reg] _099982_/Q -> _099809_/D : -1.109635
[setup reg-reg] _100087_/Q -> _099662_/D : -1.108420
[setup reg-reg] _099971_/Q -> _099824_/D : -1.106050
[setup reg-reg] _100303_/Q -> _099353_/D : -1.105722
[setup reg-reg] _100087_/Q -> _099660_/D : -1.104317
[setup reg-reg] _100264_/Q -> _099519_/D : -1.103853
[setup reg-reg] _099898_/Q -> _098216_/D : -1.102924
[setup reg-reg] _100087_/Q -> _099664_/D : -1.102878
[setup reg-reg] _100498_/Q -> _099775_/D : -1.102341
[setup reg-reg] _100437_/Q -> _099262_/D : -1.099840
[setup reg-reg] _100264_/Q -> _099517_/D : -1.099547
[setup reg-reg] _100170_/Q -> _099550_/D : -1.098524
[setup reg-reg] _100242_/Q -> _099441_/D : -1.097375
[setup reg-reg] _100498_/Q -> _099099_/D : -1.097092
[setup reg-reg] _099982_/Q -> _099812_/D : -1.095966
[setup reg-reg] _100231_/Q -> _099448_/D : -1.095705
[setup reg-reg] _100430_/Q -> _099277_/D : -1.094765
[setup reg-reg] _099898_/Q -> _098214_/D : -1.089926
[setup reg-reg] _100430_/Q -> _099278_/D : -1.089555
[setup reg-reg] _099898_/Q -> _098218_/D : -1.087967
[setup reg-reg] _099898_/Q -> _098215_/D : -1.084326
[setup reg-reg] _100498_/Q -> _099096_/D : -1.083192
[setup reg-reg] _099898_/Q -> _098226_/D : -1.077513
[setup reg-reg] _100498_/Q -> _099160_/D : -1.075847
[setup reg-reg] _099993_/Q -> _099791_/D : -1.065205
[setup reg-reg] _099993_/Q -> _099800_/D : -1.054644
[setup reg-reg] _100138_/Q -> _099694_/D : -1.053547
[setup reg-reg] _100098_/Q -> _099755_/D : -1.053342
[setup reg-reg] _100498_/Q -> _099774_/D : -1.050269
[setup reg-reg] _099993_/Q -> _099799_/D : -1.044588
[setup reg-reg] _099949_/Q -> _099863_/D : -1.043230
[setup reg-reg] _100419_/Q -> _099188_/D : -1.037780
[setup reg-reg] _100098_/Q -> _099756_/D : -1.034540
[setup reg-reg] _099892_/Q -> _098212_/D : -1.033689
[setup reg-reg] _100159_/Q -> _099563_/D : -1.027519
[setup reg-reg] _100159_/Q -> _099564_/D : -1.025628
[setup reg-reg] _100126_/Q -> _099596_/D : -1.022553
[setup reg-reg] _100498_/Q -> _099532_/D : -1.021448
[setup reg-reg] _100498_/Q -> _099531_/D : -1.020020
[setup reg-reg] _100098_/Q -> _099749_/D : -1.018210
[setup reg-reg] _100386_/Q -> _099233_/D : -1.017989
[setup reg-reg] _100033_/Q -> _099846_/D : -1.016698
[setup reg-reg] _099982_/Q -> _099955_/D : -1.013978
[setup reg-reg] _100077_/Q -> _099787_/D : -1.013293
[setup reg-reg] _099949_/Q -> _099865_/D : -1.012586
[setup reg-reg] _100126_/Q -> _099600_/D : -1.012248
[setup reg-reg] _100098_/Q -> _099751_/D : -1.011497
[setup reg-reg] _100077_/Q -> _099788_/D : -1.011422
[setup reg-reg] _100138_/Q -> _099691_/D : -1.010637
[setup reg-reg] _099892_/Q -> _098211_/D : -1.000688
[setup reg-reg] _099993_/Q -> _099797_/D : -0.997643
[setup reg-reg] _100033_/Q -> _099850_/D : -0.990799
[setup reg-reg] _100325_/Q -> _099325_/D : -0.989763
[setup reg-reg] _099993_/Q -> _099792_/D : -0.988637
[setup reg-reg] _100326_/Q -> _099428_/D : -0.986926
[setup reg-reg] _100149_/Q -> _099683_/D : -0.981789
[setup reg-reg] _100098_/Q -> _099999_/D : -0.979732
[setup reg-reg] _100437_/Q -> _099265_/D : -0.972216
[setup reg-reg] _100303_/Q -> _099355_/D : -0.971980
[setup reg-reg] _099993_/Q -> _099793_/D : -0.968463
[setup reg-reg] _099910_/Q -> _098253_/D : -0.964569
[setup reg-reg] _099993_/Q -> _099794_/D : -0.962443
[setup reg-reg] _099993_/Q -> _099795_/D : -0.960874
[setup reg-reg] _100198_/Q -> _099503_/D : -0.960684
[setup reg-reg] _100170_/Q -> _099547_/D : -0.958970
[setup reg-reg] _100138_/Q -> _099696_/D : -0.956639
[setup reg-reg] _099993_/Q -> _099796_/D : -0.956252
[setup reg-reg] _100498_/Q -> _099533_/D : -0.947436
[setup reg-reg] _100126_/Q -> _100099_/D : -0.947093
[setup reg-reg] _100365_/Q -> _099366_/D : -0.947004
[setup reg-reg] _099982_/Q -> _099810_/D : -0.946642
[setup reg-reg] _099982_/Q -> _099816_/D : -0.945136
[setup reg-reg] _099971_/Q -> _099834_/D : -0.937492
[setup reg-reg] _100209_/Q -> _099487_/D : -0.937375
[setup reg-reg] _100498_/Q -> _099055_/D : -0.937268
[setup reg-reg] _100293_/Q -> _100193_/D : -0.935543
[setup reg-reg] _100126_/Q -> _099604_/D : -0.932630
[setup reg-reg] _100149_/Q -> _099685_/D : -0.927809
[setup reg-reg] _100046_/Q -> _099730_/D : -0.926718
[setup reg-reg] _100148_/Q -> _099578_/D : -0.924537
[setup reg-reg] _100126_/Q -> _099608_/D : -0.924194
[setup reg-reg] _100498_/Q -> _098301_/D : -0.922221
[setup reg-reg] _100170_/Q -> _099548_/D : -0.914124
[setup reg-reg] _100077_/Q -> _099790_/D : -0.910859
[setup reg-reg] _100409_/Q -> _099310_/D : -0.908006
[setup reg-reg] _100242_/Q -> _099442_/D : -0.900460
[setup reg-reg] _100470_/Q -> _099216_/D : -0.890639
[setup reg-reg] _100137_/Q -> _099591_/D : -0.887360
[setup reg-reg] _100448_/Q -> _099250_/D : -0.880339
[setup reg-reg] _100032_/Q -> _099743_/D : -0.880023
[setup reg-reg] _100430_/Q -> _099280_/D : -0.879643
[setup reg-reg] _100209_/Q -> _099490_/D : -0.875358
[setup reg-reg] _100470_/Q -> _099220_/D : -0.872037
[setup reg-reg] _099910_/Q -> _098255_/D : -0.871250
[setup reg-reg] _100365_/Q -> _099367_/D : -0.869241
[setup reg-reg] _099982_/Q -> _099814_/D : -0.868441
[setup reg-reg] _100448_/Q -> _099246_/D : -0.866264
[setup reg-reg] _100127_/Q -> _099713_/D : -0.865628
[setup reg-reg] _100127_/Q -> _099714_/D : -0.862475
[setup reg-reg] _099898_/Q -> _098221_/D : -0.854286
[setup reg-reg] _099904_/Q -> _098241_/D : -0.853857
[setup reg-reg] _099904_/Q -> _098238_/D : -0.850555
[setup reg-reg] _100087_/Q -> _100060_/D : -0.850173
[setup reg-reg] _100231_/Q -> _099456_/D : -0.846114
[setup reg-reg] _100386_/Q -> _099234_/D : -0.842968
[setup reg-reg] _100127_/Q -> _099712_/D : -0.837334
[setup reg-reg] _100148_/Q -> _099580_/D : -0.836941
[setup reg-reg] _100098_/Q -> _099747_/D : -0.836295
[setup reg-reg] _099898_/Q -> _099885_/D : -0.835845
[setup reg-reg] _100231_/Q -> _099457_/D : -0.834408
[setup reg-reg] _099892_/Q -> _098209_/D : -0.833817
[setup reg-reg] _100098_/Q -> _099746_/D : -0.831040
[setup reg-reg] _100137_/Q -> _099594_/D : -0.827777
[setup reg-reg] _100498_/Q -> _099535_/D : -0.826921
[setup reg-reg] _100098_/Q -> _099748_/D : -0.820169
[setup reg-reg] _100148_/Q -> _099577_/D : -0.819735
[setup reg-reg] _099971_/Q -> _099835_/D : -0.818963
[setup reg-reg] _100365_/Q -> _099369_/D : -0.816989
[setup reg-reg] _100231_/Q -> _099459_/D : -0.815481
[setup reg-reg] _100137_/Q -> _099593_/D : -0.814760
[setup reg-reg] _099904_/Q -> _098240_/D : -0.812714
[setup reg-reg] _100098_/Q -> _099754_/D : -0.812079
[setup reg-reg] _099971_/Q -> _099833_/D : -0.812026
[setup reg-reg] _100098_/Q -> _099752_/D : -0.810957
[setup reg-reg] _100098_/Q -> _099750_/D : -0.808702
[setup reg-reg] _100448_/Q -> _099248_/D : -0.806130
[setup reg-reg] _100098_/Q -> _099753_/D : -0.802848
[setup reg-reg] _100032_/Q -> _099745_/D : -0.802265
[setup reg-reg] _100198_/Q -> _099505_/D : -0.795799
[setup reg-reg] _099904_/Q -> _098239_/D : -0.789809
[setup reg-reg] _100437_/Q -> _099263_/D : -0.785299
[setup reg-reg] _100127_/Q -> _099711_/D : -0.784150
[setup reg-reg] _100498_/Q -> _099097_/D : -0.781887
[setup reg-reg] _100242_/Q -> _099443_/D : -0.773342
[setup reg-reg] _100386_/Q -> _099235_/D : -0.749072
[setup reg-reg] _100137_/Q -> _099592_/D : -0.748793
[setup reg-reg] _099982_/Q -> _099819_/D : -0.745668
[setup reg-reg] _100293_/Q -> _099471_/D : -0.743823
[setup reg-reg] _100498_/Q -> _099053_/D : -0.737966
[setup reg-reg] _100343_/Q -> _099399_/D : -0.736366
[setup reg-reg] _100343_/Q -> _099397_/D : -0.730159
[setup reg-reg] _100343_/Q -> _099396_/D : -0.724604
[setup reg-reg] _099932_/Q -> _098359_/D : -0.720451
[setup reg-reg] _099932_/Q -> _098365_/D : -0.713982
[setup reg-reg] _100127_/Q -> _099715_/D : -0.698071
[setup reg-reg] _099916_/Q -> _098268_/D : -0.684461
[setup reg-reg] _099932_/Q -> _100533_/D : -0.681990
[setup reg-reg] _099932_/Q -> _098364_/D : -0.671964
[setup reg-reg] _098316_/Q -> _100521_/D : -0.671863
[setup reg-reg] _099910_/Q -> _098254_/D : -0.669553
[setup reg-reg] _100264_/Q -> _099520_/D : -0.666963
[setup reg-reg] _098316_/Q -> _100522_/D : -0.652701
[setup reg-reg] _100498_/Q -> _098302_/D : -0.643160
[setup reg-reg] _100242_/Q -> _099444_/D : -0.641439
[setup reg-reg] _100115_/Q -> _099621_/D : -0.633678
[setup reg-reg] _100115_/Q -> _099624_/D : -0.631553
[setup reg-reg] _099993_/Q -> _099966_/D : -0.628432
[setup reg-reg] _100126_/Q -> _099607_/D : -0.620668
[setup reg-reg] _100138_/Q -> _099698_/D : -0.613039
[setup reg-reg] _100138_/Q -> _099697_/D : -0.611092
[setup reg-reg] _100138_/Q -> _099699_/D : -0.610900
[setup reg-reg] _100281_/Q -> _099385_/D : -0.609138
[setup reg-reg] _099932_/Q -> _098363_/D : -0.608328
[setup reg-reg] _100137_/Q -> _099595_/D : -0.607658
[setup reg-reg] _099932_/Q -> _098358_/D : -0.590738
[setup reg-reg] _100115_/Q -> _099622_/D : -0.588612
[setup reg-reg] _099932_/Q -> _098361_/D : -0.580648
[setup reg-reg] _100498_/Q -> _099100_/D : -0.579194
[setup reg-reg] _100293_/Q -> _099474_/D : -0.576463
[setup reg-reg] _099916_/Q -> _098270_/D : -0.574095
[setup reg-reg] _099916_/Q -> _098271_/D : -0.570738
[setup reg-reg] _100293_/Q -> _099472_/D : -0.569518
[setup reg-reg] _100419_/Q -> _099190_/D : -0.562439
[setup reg-reg] _099910_/Q -> _098257_/D : -0.552854
[setup reg-reg] _099916_/Q -> _098269_/D : -0.525491
[setup reg-reg] _100343_/Q -> _099398_/D : -0.525141
[setup reg-reg] _099932_/Q -> _098360_/D : -0.507752
[setup reg-reg] _099904_/Q -> _098242_/D : -0.504707
[setup reg-reg] _100365_/Q -> _099370_/D : -0.498861
[setup reg-reg] _100343_/Q -> _099400_/D : -0.496069
[setup reg-reg] _100242_/Q -> _099445_/D : -0.495062
[setup reg-reg] _098316_/Q -> _100526_/D : -0.464011
[setup reg-reg] _100087_/Q -> _099667_/D : -0.449441
[setup reg-reg] _100159_/Q -> _099565_/D : -0.441332
[setup reg-reg] _100126_/Q -> _099606_/D : -0.432120
[setup reg-reg] _099898_/Q -> _098225_/D : -0.429102
[setup reg-reg] _099932_/Q -> _098362_/D : -0.415882
[setup reg-reg] _100087_/Q -> _099666_/D : -0.398092
[setup reg-reg] _100115_/Q -> _099623_/D : -0.390404
[setup reg-reg] _099932_/Q -> _098356_/D : -0.388939
[setup reg-reg] _100231_/Q -> _099458_/D : -0.385960
[setup reg-reg] _099932_/Q -> _098357_/D : -0.378224
[setup reg-reg] _100126_/Q -> _099609_/D : -0.374611
[setup reg-reg] _100293_/Q -> _099473_/D : -0.370344
[setup reg-reg] _100015_/Q -> _099880_/D : -0.366734
[setup reg-reg] _099982_/Q -> _099818_/D : -0.363118
[setup reg-reg] _099932_/Q -> _098367_/D : -0.360910
[setup reg-reg] _100231_/Q -> _099460_/D : -0.356204
[setup reg-reg] _100015_/Q -> _099879_/D : -0.327811
[setup reg-reg] _098316_/Q -> _100523_/D : -0.312413
[setup reg-reg] _098316_/Q -> _100524_/D : -0.309281
[setup reg-reg] _098316_/Q -> _100513_/D : -0.306649
[setup reg-reg] _099898_/Q -> _098224_/D : -0.293063
[setup reg-reg] _100015_/Q -> _099877_/D : -0.283046
[setup reg-reg] _098316_/Q -> _100527_/D : -0.281286
[setup reg-reg] _098316_/Q -> _100525_/D : -0.262357
[setup reg-reg] _099982_/Q -> _099817_/D : -0.259115
[setup reg-reg] _100087_/Q -> _099669_/D : -0.257637
[setup reg-reg] _100326_/Q -> _099430_/D : -0.255481
[setup reg-reg] _100326_/Q -> _099429_/D : -0.242851
[setup reg-reg] _098316_/Q -> _099035_/D : -0.239387
[setup reg-reg] _098316_/Q -> _100518_/D : -0.237014
[setup reg-reg] _098316_/Q -> _100537_/D : -0.230253
[setup reg-reg] _099932_/Q -> _098369_/D : -0.221309
[setup reg-reg] _100115_/Q -> _099625_/D : -0.208225
[setup reg-reg] _100138_/Q -> _099700_/D : -0.197034
[setup reg-reg] _098316_/Q -> _100535_/D : -0.170006
[setup reg-reg] _100087_/Q -> _099668_/D : -0.152886
[setup reg-reg] _098316_/Q -> _099036_/D : -0.148480
[setup reg-reg] _098316_/Q -> _100528_/D : -0.140755
[setup reg-reg] _099993_/Q -> _099801_/D : -0.119798
[setup reg-reg] _100293_/Q -> _099475_/D : -0.118991
[setup reg-reg] _098316_/Q -> _100517_/D : -0.118494
[setup reg-reg] _098316_/Q -> _100514_/D : -0.117101
[setup reg-reg] _100098_/Q -> _099758_/D : -0.096684
[setup reg-reg] _099993_/Q -> _099803_/D : -0.087480
[setup reg-reg] _099916_/Q -> _098272_/D : -0.059737
[setup reg-reg] _098316_/Q -> _100536_/D : -0.046178
[setup reg-reg] _100098_/Q -> _099759_/D : -0.030012
[setup reg-reg] _100126_/Q -> _099610_/D : -0.022753
[setup reg-reg] _098316_/Q -> _100516_/D : -0.016119
[setup reg-reg] _098316_/Q -> _099033_/D : -0.007306
