
===========================================================================
Violator List
============================================================================
[setup reg-reg] _100498_/Q -> _099289_/D : -19.039131
[setup reg-reg] _100498_/Q -> _099283_/D : -18.945511
[setup reg-reg] _100498_/Q -> _099285_/D : -18.794117
[setup reg-reg] _100498_/Q -> _099286_/D : -18.791647
[setup reg-reg] _100498_/Q -> _099282_/D : -18.765905
[setup reg-reg] _100498_/Q -> _100320_/D : -18.687986
[setup reg-reg] _100498_/Q -> _099287_/D : -18.673903
[setup reg-reg] _100498_/Q -> _099284_/D : -18.671925
[setup reg-reg] _100498_/Q -> _099290_/D : -18.656391
[setup reg-reg] _100498_/Q -> _099288_/D : -18.650444
[setup reg-reg] _100498_/Q -> _099410_/D : -18.445675
[setup reg-reg] _100498_/Q -> _099408_/D : -18.421028
[setup reg-reg] _100497_/Q -> _099071_/D : -18.415459
[setup reg-reg] _100497_/Q -> _099140_/D : -18.403097
[setup reg-reg] _100209_/Q -> _099483_/D : -18.399252
[setup reg-reg] _100497_/Q -> _099139_/D : -18.390890
[setup reg-reg] _100209_/Q -> _099485_/D : -18.387884
[setup reg-reg] _100498_/Q -> _099281_/D : -18.382599
[setup reg-reg] _100497_/Q -> _099138_/D : -18.381006
[setup reg-reg] _100497_/Q -> _099123_/D : -18.376432
[setup reg-reg] _100497_/Q -> _099073_/D : -18.316317
[setup reg-reg] _100498_/Q -> _099405_/D : -18.291828
[setup reg-reg] _098330_/Q -> _099648_/D : -18.284353
[setup reg-reg] _100497_/Q -> _099063_/D : -18.282099
[setup reg-reg] _100497_/Q -> _099080_/D : -18.251331
[setup reg-reg] _098330_/Q -> _099650_/D : -18.248987
[setup reg-reg] _099949_/Q -> _099858_/D : -18.235662
[setup reg-reg] _100481_/Q -> _099198_/D : -18.231901
[setup reg-reg] _100498_/Q -> _099770_/D : -18.218660
[setup reg-reg] _100498_/Q -> _099768_/D : -18.216904
[setup reg-reg] _100497_/Q -> _099125_/D : -18.200781
[setup reg-reg] _100149_/Q -> _099678_/D : -18.187702
[setup reg-reg] _100326_/Q -> _099425_/D : -18.176044
[setup reg-reg] _100149_/Q -> _099676_/D : -18.157648
[setup reg-reg] _100149_/Q -> _099679_/D : -18.133337
[setup reg-reg] _100149_/Q -> _099672_/D : -18.133280
[setup reg-reg] _100497_/Q -> _099103_/D : -18.125690
[setup reg-reg] _100046_/Q -> _099725_/D : -18.120758
[setup reg-reg] _100497_/Q -> _099110_/D : -18.114820
[setup reg-reg] _100497_/Q -> _099134_/D : -18.110100
[setup reg-reg] _100481_/Q -> _099200_/D : -18.104813
[setup reg-reg] _100046_/Q -> _099723_/D : -18.098904
[setup reg-reg] _100497_/Q -> _099136_/D : -18.098515
[setup reg-reg] _100326_/Q -> _099423_/D : -18.090454
[setup reg-reg] _100481_/Q -> _099191_/D : -18.084351
[setup reg-reg] _100481_/Q -> _099195_/D : -18.084301
[setup reg-reg] _100170_/Q -> _099544_/D : -18.077311
[setup reg-reg] _100497_/Q -> _099132_/D : -18.077280
[setup reg-reg] _100481_/Q -> _099193_/D : -18.077106
[setup reg-reg] _100481_/Q -> _099196_/D : -18.068069
[setup reg-reg] _100325_/Q -> _099318_/D : -18.063751
[setup reg-reg] _099949_/Q -> _099860_/D : -18.061316
[setup reg-reg] _100497_/Q -> _099131_/D : -18.060326
[setup reg-reg] _100497_/Q -> _099108_/D : -18.060041
[setup reg-reg] _100498_/Q -> _099401_/D : -18.056416
[setup reg-reg] _100497_/Q -> _100475_/D : -18.054581
[setup reg-reg] _100325_/Q -> _099320_/D : -18.048101
[setup reg-reg] _100481_/Q -> _099199_/D : -18.045374
[setup reg-reg] _099922_/Q -> _098286_/D : -18.044586
[setup reg-reg] _100498_/Q -> _099409_/D : -18.040087
[setup reg-reg] _100264_/Q -> _099515_/D : -18.036667
[setup reg-reg] _100497_/Q -> _099104_/D : -18.036518
[setup reg-reg] _099337_/Q -> _099330_/D : -18.032829
[setup reg-reg] _100497_/Q -> _099135_/D : -18.028513
[setup reg-reg] _100170_/Q -> _099543_/D : -18.026827
[setup reg-reg] _100498_/Q -> _099403_/D : -18.020267
[setup reg-reg] _100149_/Q -> _099675_/D : -18.018570
[setup reg-reg] _100497_/Q -> _099137_/D : -18.013294
[setup reg-reg] _100149_/Q -> _099671_/D : -18.001505
[setup reg-reg] _100149_/Q -> _099680_/D : -18.001429
[setup reg-reg] _099922_/Q -> _098280_/D : -17.999834
[setup reg-reg] _099922_/Q -> _098282_/D : -17.998949
[setup reg-reg] _099922_/Q -> _098273_/D : -17.992401
[setup reg-reg] _100497_/Q -> _099101_/D : -17.988888
[setup reg-reg] _100419_/Q -> _099183_/D : -17.982937
[setup reg-reg] _098330_/Q -> _099646_/D : -17.974281
[setup reg-reg] _100419_/Q -> _099177_/D : -17.972795
[setup reg-reg] _100149_/Q -> _099674_/D : -17.972507
[setup reg-reg] _100033_/Q -> _099843_/D : -17.971685
[setup reg-reg] _100170_/Q -> _099545_/D : -17.968845
[setup reg-reg] _100437_/Q -> _099260_/D : -17.966816
[setup reg-reg] _100497_/Q -> _099078_/D : -17.964127
[setup reg-reg] _100498_/Q -> _099404_/D : -17.961462
[setup reg-reg] _100419_/Q -> _099184_/D : -17.960329
[setup reg-reg] _100437_/Q -> _099258_/D : -17.955078
[setup reg-reg] _099922_/Q -> _098274_/D : -17.947094
[setup reg-reg] _100481_/Q -> _099197_/D : -17.945784
[setup reg-reg] _100032_/Q -> _099738_/D : -17.939363
[setup reg-reg] _100497_/Q -> _099133_/D : -17.933960
[setup reg-reg] _100497_/Q -> _099106_/D : -17.932590
[setup reg-reg] _099922_/Q -> _098275_/D : -17.926741
[setup reg-reg] _100181_/Q -> _099632_/D : -17.924360
[setup reg-reg] _100281_/Q -> _099380_/D : -17.921127
[setup reg-reg] _100498_/Q -> _099406_/D : -17.920677
[setup reg-reg] _100281_/Q -> _099378_/D : -17.920605
[setup reg-reg] _100498_/Q -> _099402_/D : -17.918491
[setup reg-reg] _100498_/Q -> _099407_/D : -17.916733
[setup reg-reg] _100498_/Q -> _099765_/D : -17.916374
[setup reg-reg] _098330_/Q -> _099642_/D : -17.914145
[setup reg-reg] _099922_/Q -> _098276_/D : -17.912352
[setup reg-reg] _098330_/Q -> _099647_/D : -17.910559
[setup reg-reg] _100032_/Q -> _099740_/D : -17.907724
[setup reg-reg] _098330_/Q -> _099644_/D : -17.905256
[setup reg-reg] _098330_/Q -> _099645_/D : -17.904650
[setup reg-reg] _098330_/Q -> _099641_/D : -17.904160
[setup reg-reg] _099337_/Q -> _099334_/D : -17.900711
[setup reg-reg] _098330_/Q -> _099643_/D : -17.892778
[setup reg-reg] _100497_/Q -> _099121_/D : -17.887882
[setup reg-reg] _100481_/Q -> _099194_/D : -17.887764
[setup reg-reg] _100498_/Q -> _099762_/D : -17.886473
[setup reg-reg] _098330_/Q -> _099649_/D : -17.881336
[setup reg-reg] _100149_/Q -> _099677_/D : -17.881104
[setup reg-reg] _100149_/Q -> _099673_/D : -17.878183
[setup reg-reg] _100498_/Q -> _099761_/D : -17.877600
[setup reg-reg] _099922_/Q -> _098279_/D : -17.873318
[setup reg-reg] _100046_/Q -> _099720_/D : -17.871157
[setup reg-reg] _099922_/Q -> _098277_/D : -17.869328
[setup reg-reg] _099922_/Q -> _099909_/D : -17.868845
[setup reg-reg] _100498_/Q -> _099764_/D : -17.868811
[setup reg-reg] _100497_/Q -> _099122_/D : -17.868443
[setup reg-reg] _099922_/Q -> _098278_/D : -17.866533
[setup reg-reg] _100325_/Q -> _099313_/D : -17.866320
[setup reg-reg] _100419_/Q -> _099185_/D : -17.859831
[setup reg-reg] _100242_/Q -> _099436_/D : -17.859545
[setup reg-reg] _099337_/Q -> _099331_/D : -17.858076
[setup reg-reg] _100325_/Q -> _099316_/D : -17.857267
[setup reg-reg] _100325_/Q -> _099311_/D : -17.856871
[setup reg-reg] _100242_/Q -> _099440_/D : -17.855381
[setup reg-reg] _100497_/Q -> _099116_/D : -17.854259
[setup reg-reg] _100481_/Q -> _099192_/D : -17.849226
[setup reg-reg] _100325_/Q -> _099314_/D : -17.839035
[setup reg-reg] _100497_/Q -> _099075_/D : -17.836914
[setup reg-reg] _100497_/Q -> _099120_/D : -17.823673
[setup reg-reg] _100498_/Q -> _099769_/D : -17.822247
[setup reg-reg] _100498_/Q -> _099767_/D : -17.822128
[setup reg-reg] _100497_/Q -> _099076_/D : -17.816294
[setup reg-reg] _099337_/Q -> _099333_/D : -17.811468
[setup reg-reg] _100209_/Q -> _099479_/D : -17.808483
[setup reg-reg] _100497_/Q -> _099119_/D : -17.786146
[setup reg-reg] _100325_/Q -> _099312_/D : -17.778378
[setup reg-reg] _100497_/Q -> _099065_/D : -17.778303
[setup reg-reg] _099337_/Q -> _099329_/D : -17.774534
[setup reg-reg] _100497_/Q -> _099079_/D : -17.774158
[setup reg-reg] _100497_/Q -> _100425_/D : -17.773384
[setup reg-reg] _100497_/Q -> _099057_/D : -17.770647
[setup reg-reg] _100325_/Q -> _099317_/D : -17.763029
[setup reg-reg] _100209_/Q -> _099484_/D : -17.762604
[setup reg-reg] _100497_/Q -> _099077_/D : -17.761427
[setup reg-reg] _100046_/Q -> _099718_/D : -17.760691
[setup reg-reg] _100325_/Q -> _099315_/D : -17.755835
[setup reg-reg] _100497_/Q -> _099074_/D : -17.752346
[setup reg-reg] _100032_/Q -> _099734_/D : -17.750950
[setup reg-reg] _099337_/Q -> _099335_/D : -17.749216
[setup reg-reg] _100498_/Q -> _099763_/D : -17.747271
[setup reg-reg] _100032_/Q -> _099735_/D : -17.745895
[setup reg-reg] _100325_/Q -> _099319_/D : -17.745520
[setup reg-reg] _100032_/Q -> _099732_/D : -17.742825
[setup reg-reg] _100497_/Q -> _099105_/D : -17.740490
[setup reg-reg] _100481_/Q -> _099201_/D : -17.738079
[setup reg-reg] _100497_/Q -> _099107_/D : -17.734850
[setup reg-reg] _100046_/Q -> _099716_/D : -17.734846
[setup reg-reg] _100170_/Q -> _099541_/D : -17.734570
[setup reg-reg] _100419_/Q -> _099176_/D : -17.733341
[setup reg-reg] _100343_/Q -> _099393_/D : -17.724094
[setup reg-reg] _100209_/Q -> _099482_/D : -17.720310
[setup reg-reg] _100419_/Q -> _099180_/D : -17.710720
[setup reg-reg] _100498_/Q -> _099766_/D : -17.709146
[setup reg-reg] _100419_/Q -> _099179_/D : -17.700092
[setup reg-reg] _100497_/Q -> _099072_/D : -17.698793
[setup reg-reg] _100170_/Q -> _099537_/D : -17.695221
[setup reg-reg] _100419_/Q -> _099178_/D : -17.695045
[setup reg-reg] _100242_/Q -> _099432_/D : -17.694677
[setup reg-reg] _100033_/Q -> _099845_/D : -17.691261
[setup reg-reg] _100209_/Q -> _099481_/D : -17.690407
[setup reg-reg] _100209_/Q -> _099480_/D : -17.681538
[setup reg-reg] _100032_/Q -> _099739_/D : -17.677813
[setup reg-reg] _100209_/Q -> _099478_/D : -17.677282
[setup reg-reg] _100209_/Q -> _099477_/D : -17.676214
[setup reg-reg] _100242_/Q -> _099433_/D : -17.666431
[setup reg-reg] _100032_/Q -> _099737_/D : -17.664406
[setup reg-reg] _100419_/Q -> _099182_/D : -17.661060
[setup reg-reg] _100242_/Q -> _099434_/D : -17.655834
[setup reg-reg] _100419_/Q -> _099181_/D : -17.652584
[setup reg-reg] _100170_/Q -> _099539_/D : -17.650976
[setup reg-reg] _100046_/Q -> _099717_/D : -17.650761
[setup reg-reg] _100032_/Q -> _099733_/D : -17.648895
[setup reg-reg] _100170_/Q -> _099538_/D : -17.647245
[setup reg-reg] _100497_/Q -> _100442_/D : -17.636263
[setup reg-reg] _100181_/Q -> _099627_/D : -17.633699
[setup reg-reg] _100181_/Q -> _099626_/D : -17.631025
[setup reg-reg] _100242_/Q -> _099431_/D : -17.626179
[setup reg-reg] _100032_/Q -> _099731_/D : -17.624485
[setup reg-reg] _100032_/Q -> _099736_/D : -17.622633
[setup reg-reg] _100242_/Q -> _099439_/D : -17.621542
[setup reg-reg] _100046_/Q -> _099722_/D : -17.615139
[setup reg-reg] _100046_/Q -> _099721_/D : -17.612690
[setup reg-reg] _100209_/Q -> _099476_/D : -17.612453
[setup reg-reg] _100181_/Q -> _099630_/D : -17.608850
[setup reg-reg] _100181_/Q -> _099631_/D : -17.607813
[setup reg-reg] _100181_/Q -> _099628_/D : -17.606066
[setup reg-reg] _100181_/Q -> _099635_/D : -17.600668
[setup reg-reg] _100170_/Q -> _099536_/D : -17.586025
[setup reg-reg] _100181_/Q -> _099629_/D : -17.585754
[setup reg-reg] _100242_/Q -> _099437_/D : -17.577900
[setup reg-reg] _099949_/Q -> _099851_/D : -17.573177
[setup reg-reg] _099949_/Q -> _099852_/D : -17.572903
[setup reg-reg] _100115_/Q -> _099618_/D : -17.569044
[setup reg-reg] _100242_/Q -> _099435_/D : -17.568037
[setup reg-reg] _100181_/Q -> _099634_/D : -17.558475
[setup reg-reg] _100325_/Q -> _100298_/D : -17.554327
[setup reg-reg] _099949_/Q -> _099857_/D : -17.543610
[setup reg-reg] _100326_/Q -> _099419_/D : -17.537630
[setup reg-reg] _100326_/Q -> _099416_/D : -17.534157
[setup reg-reg] _100046_/Q -> _099719_/D : -17.527060
[setup reg-reg] _100170_/Q -> _099542_/D : -17.521019
[setup reg-reg] _100115_/Q -> _099620_/D : -17.517681
[setup reg-reg] _100170_/Q -> _099540_/D : -17.517437
[setup reg-reg] _100409_/Q -> _099303_/D : -17.516378
[setup reg-reg] _100409_/Q -> _099305_/D : -17.509741
[setup reg-reg] _100209_/Q -> _099489_/D : -17.506849
[setup reg-reg] _100181_/Q -> _099633_/D : -17.506069
[setup reg-reg] _099892_/Q -> _098205_/D : -17.484501
[setup reg-reg] _100264_/Q -> _099513_/D : -17.483212
[setup reg-reg] _099922_/Q -> _098281_/D : -17.478666
[setup reg-reg] _100326_/Q -> _099421_/D : -17.474504
[setup reg-reg] _099337_/Q -> _099326_/D : -17.473248
[setup reg-reg] _100497_/Q -> _099058_/D : -17.469280
[setup reg-reg] _100497_/Q -> _099059_/D : -17.460852
[setup reg-reg] _100497_/Q -> _099170_/D : -17.458529
[setup reg-reg] _100033_/Q -> _099838_/D : -17.458351
[setup reg-reg] _100209_/Q -> _099486_/D : -17.455414
[setup reg-reg] _100497_/Q -> _099082_/D : -17.446098
[setup reg-reg] _100497_/Q -> _099056_/D : -17.445948
[setup reg-reg] _100281_/Q -> _099372_/D : -17.444782
[setup reg-reg] _100481_/Q -> _100381_/D : -17.442213
[setup reg-reg] _100497_/Q -> _099102_/D : -17.437820
[setup reg-reg] _099368_/Q -> _099365_/D : -17.430309
[setup reg-reg] _100326_/Q -> _099420_/D : -17.427826
[setup reg-reg] _100326_/Q -> _099418_/D : -17.425737
[setup reg-reg] _099949_/Q -> _099855_/D : -17.423317
[setup reg-reg] _100497_/Q -> _099064_/D : -17.423296
[setup reg-reg] _100497_/Q -> _099109_/D : -17.423246
[setup reg-reg] _100497_/Q -> _099060_/D : -17.422565
[setup reg-reg] _099949_/Q -> _099853_/D : -17.422165
[setup reg-reg] _100497_/Q -> _099061_/D : -17.417084
[setup reg-reg] _099337_/Q -> _100287_/D : -17.415585
[setup reg-reg] _099949_/Q -> _099854_/D : -17.414169
[setup reg-reg] _100437_/Q -> _099254_/D : -17.406792
[setup reg-reg] _100326_/Q -> _099422_/D : -17.392075
[setup reg-reg] _100264_/Q -> _099507_/D : -17.353800
[setup reg-reg] _100198_/Q -> _099498_/D : -17.352173
[setup reg-reg] _100242_/Q -> _099438_/D : -17.349119
[setup reg-reg] _099337_/Q -> _099336_/D : -17.348110
[setup reg-reg] _100198_/Q -> _099500_/D : -17.344839
[setup reg-reg] _100437_/Q -> _099259_/D : -17.344481
[setup reg-reg] _100497_/Q -> _099118_/D : -17.339302
[setup reg-reg] _100498_/Q -> _099293_/D : -17.334263
[setup reg-reg] _100343_/Q -> _099390_/D : -17.320206
[setup reg-reg] _100498_/Q -> _099291_/D : -17.320049
[setup reg-reg] _099910_/Q -> _098250_/D : -17.312067
[setup reg-reg] _100343_/Q -> _099389_/D : -17.311970
[setup reg-reg] _100409_/Q -> _099301_/D : -17.308163
[setup reg-reg] _100497_/Q -> _099168_/D : -17.307501
[setup reg-reg] _100046_/Q -> _099724_/D : -17.307199
[setup reg-reg] _100343_/Q -> _099386_/D : -17.301361
[setup reg-reg] _100437_/Q -> _099253_/D : -17.299610
[setup reg-reg] _100343_/Q -> _099394_/D : -17.295523
[setup reg-reg] _100343_/Q -> _099388_/D : -17.290348
[setup reg-reg] _100497_/Q -> _100431_/D : -17.284868
[setup reg-reg] _100077_/Q -> _099782_/D : -17.281059
[setup reg-reg] _100497_/Q -> _100403_/D : -17.280941
[setup reg-reg] _100497_/Q -> _099117_/D : -17.276598
[setup reg-reg] _099337_/Q -> _099332_/D : -17.274185
[setup reg-reg] _100325_/Q -> _099323_/D : -17.272274
[setup reg-reg] _100170_/Q -> _100143_/D : -17.268433
[setup reg-reg] _099592_/Q -> _099590_/D : -17.265221
[setup reg-reg] _100242_/Q -> _100215_/D : -17.261415
[setup reg-reg] _100264_/Q -> _099511_/D : -17.259890
[setup reg-reg] _100409_/Q -> _099302_/D : -17.245684
[setup reg-reg] _100264_/Q -> _099506_/D : -17.245623
[setup reg-reg] _100264_/Q -> _099512_/D : -17.242176
[setup reg-reg] _100498_/Q -> _099294_/D : -17.235596
[setup reg-reg] _100264_/Q -> _099514_/D : -17.232210
[setup reg-reg] _100326_/Q -> _099426_/D : -17.230635
[setup reg-reg] _100409_/Q -> _099297_/D : -17.230438
[setup reg-reg] _100409_/Q -> _099296_/D : -17.229040
[setup reg-reg] _100430_/Q -> _099273_/D : -17.227749
[setup reg-reg] _099910_/Q -> _098245_/D : -17.227676
[setup reg-reg] _100409_/Q -> _099299_/D : -17.226654
[setup reg-reg] _100181_/Q -> _099637_/D : -17.219248
[setup reg-reg] _099910_/Q -> _098244_/D : -17.217342
[setup reg-reg] _100343_/Q -> _099392_/D : -17.214066
[setup reg-reg] _100343_/Q -> _099395_/D : -17.213856
[setup reg-reg] _100264_/Q -> _099509_/D : -17.213745
[setup reg-reg] _099910_/Q -> _098248_/D : -17.211594
[setup reg-reg] _100343_/Q -> _099391_/D : -17.210722
[setup reg-reg] _100343_/Q -> _099387_/D : -17.205618
[setup reg-reg] _099337_/Q -> _099328_/D : -17.204559
[setup reg-reg] _099910_/Q -> _098246_/D : -17.202202
[setup reg-reg] _099910_/Q -> _098243_/D : -17.201694
[setup reg-reg] _100033_/Q -> _099836_/D : -17.194908
[setup reg-reg] _100077_/Q -> _099778_/D : -17.192135
[setup reg-reg] _099337_/Q -> _099327_/D : -17.183424
[setup reg-reg] _100170_/Q -> _099549_/D : -17.182901
[setup reg-reg] _100181_/Q -> _099636_/D : -17.182056
[setup reg-reg] _100046_/Q -> _100016_/D : -17.180267
[setup reg-reg] _100033_/Q -> _099842_/D : -17.179501
[setup reg-reg] _100437_/Q -> _100342_/D : -17.178648
[setup reg-reg] _100281_/Q -> _099371_/D : -17.174814
[setup reg-reg] _100497_/Q -> _099124_/D : -17.169851
[setup reg-reg] _100033_/Q -> _099839_/D : -17.168516
[setup reg-reg] _100281_/Q -> _099375_/D : -17.167980
[setup reg-reg] _100181_/Q -> _100082_/D : -17.164658
[setup reg-reg] _100264_/Q -> _099510_/D : -17.162477
[setup reg-reg] _100264_/Q -> _099508_/D : -17.152992
[setup reg-reg] _100497_/Q -> _099084_/D : -17.151295
[setup reg-reg] _100281_/Q -> _099373_/D : -17.142881
[setup reg-reg] _100033_/Q -> _099841_/D : -17.141911
[setup reg-reg] _100409_/Q -> _099306_/D : -17.140036
[setup reg-reg] _100281_/Q -> _099377_/D : -17.136791
[setup reg-reg] _100497_/Q -> _099083_/D : -17.134533
[setup reg-reg] _100281_/Q -> _099379_/D : -17.131254
[setup reg-reg] _100409_/Q -> _099298_/D : -17.130613
[setup reg-reg] _100209_/Q -> _100182_/D : -17.125771
[setup reg-reg] _100281_/Q -> _099376_/D : -17.118330
[setup reg-reg] _100148_/Q -> _099575_/D : -17.109631
[setup reg-reg] _100077_/Q -> _099779_/D : -17.109228
[setup reg-reg] _100437_/Q -> _099255_/D : -17.086632
[setup reg-reg] _100498_/Q -> _099411_/D : -17.083851
[setup reg-reg] _100498_/Q -> _099413_/D : -17.082878
[setup reg-reg] _100430_/Q -> _099267_/D : -17.072905
[setup reg-reg] _100159_/Q -> _099558_/D : -17.066540
[setup reg-reg] _100077_/Q -> _099781_/D : -17.062922
[setup reg-reg] _100437_/Q -> _099256_/D : -17.050295
[setup reg-reg] _100032_/Q -> _100010_/D : -17.045280
[setup reg-reg] _100281_/Q -> _099374_/D : -17.043932
[setup reg-reg] _100437_/Q -> _099257_/D : -17.043125
[setup reg-reg] _100497_/Q -> _099114_/D : -17.041166
[setup reg-reg] _100497_/Q -> _099062_/D : -17.040607
[setup reg-reg] _100419_/Q -> _099189_/D : -17.040216
[setup reg-reg] _100409_/Q -> _099300_/D : -17.034294
[setup reg-reg] _100409_/Q -> _099304_/D : -17.026209
[setup reg-reg] _100437_/Q -> _099251_/D : -17.021795
[setup reg-reg] _100149_/Q -> _100049_/D : -17.019360
[setup reg-reg] _100497_/Q -> _099111_/D : -17.019247
[setup reg-reg] _100033_/Q -> _099849_/D : -17.012926
[setup reg-reg] _100437_/Q -> _099252_/D : -17.008858
[setup reg-reg] _099898_/Q -> _098222_/D : -16.997921
[setup reg-reg] _100077_/Q -> _099780_/D : -16.994375
[setup reg-reg] _100077_/Q -> _099785_/D : -16.994333
[setup reg-reg] _100430_/Q -> _099274_/D : -16.994158
[setup reg-reg] _099949_/Q -> _099927_/D : -16.986675
[setup reg-reg] _100181_/Q -> _099639_/D : -16.986368
[setup reg-reg] _100497_/Q -> _099112_/D : -16.983351
[setup reg-reg] _100430_/Q -> _099271_/D : -16.972630
[setup reg-reg] _100033_/Q -> _099844_/D : -16.971003
[setup reg-reg] _099898_/Q -> _098220_/D : -16.970001
[setup reg-reg] _100430_/Q -> _099275_/D : -16.953384
[setup reg-reg] _100430_/Q -> _099268_/D : -16.952208
[setup reg-reg] _100430_/Q -> _099269_/D : -16.951965
[setup reg-reg] _100430_/Q -> _099272_/D : -16.949715
[setup reg-reg] _099898_/Q -> _098213_/D : -16.943016
[setup reg-reg] _100264_/Q -> _100165_/D : -16.926826
[setup reg-reg] _100148_/Q -> _099570_/D : -16.926258
[setup reg-reg] _100326_/Q -> _099417_/D : -16.911854
[setup reg-reg] _099892_/Q -> _098207_/D : -16.910393
[setup reg-reg] _100033_/Q -> _099933_/D : -16.907370
[setup reg-reg] _100497_/Q -> _099143_/D : -16.895706
[setup reg-reg] _100343_/Q -> _100248_/D : -16.890486
[setup reg-reg] _100497_/Q -> _099162_/D : -16.887976
[setup reg-reg] _100325_/Q -> _099324_/D : -16.885983
[setup reg-reg] _099922_/Q -> _098284_/D : -16.882383
[setup reg-reg] _100033_/Q -> _099840_/D : -16.879093
[setup reg-reg] _100159_/Q -> _099559_/D : -16.877012
[setup reg-reg] _098330_/Q -> _099652_/D : -16.874432
[setup reg-reg] _098330_/Q -> _099654_/D : -16.869844
[setup reg-reg] _100497_/Q -> _099086_/D : -16.869404
[setup reg-reg] _100326_/Q -> _099424_/D : -16.865957
[setup reg-reg] _100497_/Q -> _099163_/D : -16.865421
[setup reg-reg] _100430_/Q -> _099266_/D : -16.860937
[setup reg-reg] _100430_/Q -> _099270_/D : -16.859116
[setup reg-reg] _100497_/Q -> _099174_/D : -16.852045
[setup reg-reg] _100466_/Q -> _099217_/D : -16.849989
[setup reg-reg] _100497_/Q -> _100453_/D : -16.847475
[setup reg-reg] _100497_/Q -> _099081_/D : -16.846561
[setup reg-reg] _100497_/Q -> _099088_/D : -16.841702
[setup reg-reg] _100497_/Q -> _099164_/D : -16.838686
[setup reg-reg] _100033_/Q -> _099837_/D : -16.837606
[setup reg-reg] _100077_/Q -> _099777_/D : -16.835356
[setup reg-reg] _100466_/Q -> _099219_/D : -16.832253
[setup reg-reg] _100497_/Q -> _099089_/D : -16.831720
[setup reg-reg] _100497_/Q -> _099094_/D : -16.831089
[setup reg-reg] _100497_/Q -> _099069_/D : -16.830412
[setup reg-reg] _099910_/Q -> _098256_/D : -16.830040
[setup reg-reg] _100077_/Q -> _099783_/D : -16.829285
[setup reg-reg] _100497_/Q -> _099167_/D : -16.825809
[setup reg-reg] _100497_/Q -> _099128_/D : -16.815401
[setup reg-reg] _099892_/Q -> _098201_/D : -16.811646
[setup reg-reg] _100498_/Q -> _099772_/D : -16.810875
[setup reg-reg] _100077_/Q -> _099776_/D : -16.809278
[setup reg-reg] _099949_/Q -> _099856_/D : -16.808170
[setup reg-reg] _100326_/Q -> _100226_/D : -16.807173
[setup reg-reg] _099949_/Q -> _099859_/D : -16.805950
[setup reg-reg] _100409_/Q -> _099308_/D : -16.804543
[setup reg-reg] _100497_/Q -> _099066_/D : -16.804174
[setup reg-reg] _100115_/Q -> _099616_/D : -16.803051
[setup reg-reg] _100419_/Q -> _099187_/D : -16.800900
[setup reg-reg] _099949_/Q -> _099864_/D : -16.800079
[setup reg-reg] _100386_/Q -> _099228_/D : -16.799728
[setup reg-reg] _100033_/Q -> _099847_/D : -16.799103
[setup reg-reg] _100115_/Q -> _099614_/D : -16.795397
[setup reg-reg] _100198_/Q -> _099492_/D : -16.791367
[setup reg-reg] _100198_/Q -> _099499_/D : -16.786285
[setup reg-reg] _100198_/Q -> _099495_/D : -16.785450
[setup reg-reg] _099892_/Q -> _098206_/D : -16.784092
[setup reg-reg] _100115_/Q -> _099613_/D : -16.783728
[setup reg-reg] _100198_/Q -> _099491_/D : -16.780203
[setup reg-reg] _100497_/Q -> _099113_/D : -16.779083
[setup reg-reg] _100198_/Q -> _099494_/D : -16.771860
[setup reg-reg] _100115_/Q -> _099619_/D : -16.767649
[setup reg-reg] _100481_/Q -> _099202_/D : -16.765675
[setup reg-reg] _100497_/Q -> _099095_/D : -16.764839
[setup reg-reg] _100497_/Q -> _099166_/D : -16.764692
[setup reg-reg] _099922_/Q -> _098285_/D : -16.757378
[setup reg-reg] _100497_/Q -> _099091_/D : -16.756311
[setup reg-reg] _100497_/Q -> _099165_/D : -16.755976
[setup reg-reg] _100497_/Q -> _099087_/D : -16.749846
[setup reg-reg] _100497_/Q -> _099093_/D : -16.746979
[setup reg-reg] _100497_/Q -> _099090_/D : -16.746904
[setup reg-reg] _100498_/Q -> _099773_/D : -16.741930
[setup reg-reg] _099892_/Q -> _098199_/D : -16.741159
[setup reg-reg] _099916_/Q -> _098258_/D : -16.740072
[setup reg-reg] _099892_/Q -> _098200_/D : -16.740055
[setup reg-reg] _099892_/Q -> _098202_/D : -16.738476
[setup reg-reg] _099592_/Q -> _099588_/D : -16.736856
[setup reg-reg] _099892_/Q -> _098204_/D : -16.734875
[setup reg-reg] _099368_/Q -> _099357_/D : -16.734827
[setup reg-reg] _099916_/Q -> _098263_/D : -16.721373
[setup reg-reg] _099368_/Q -> _099363_/D : -16.721245
[setup reg-reg] _100497_/Q -> _099129_/D : -16.718983
[setup reg-reg] _100466_/Q -> _099209_/D : -16.717176
[setup reg-reg] _099916_/Q -> _098266_/D : -16.714899
[setup reg-reg] _100198_/Q -> _099496_/D : -16.711271
[setup reg-reg] _100015_/Q -> _099872_/D : -16.709942
[setup reg-reg] _100115_/Q -> _099611_/D : -16.705975
[setup reg-reg] _098330_/Q -> _099651_/D : -16.695938
[setup reg-reg] _099916_/Q -> _098262_/D : -16.693584
[setup reg-reg] _100115_/Q -> _099612_/D : -16.684582
[setup reg-reg] _100015_/Q -> _099875_/D : -16.680632
[setup reg-reg] _099910_/Q -> _098247_/D : -16.678265
[setup reg-reg] _100497_/Q -> _099050_/D : -16.677168
[setup reg-reg] _100198_/Q -> _099497_/D : -16.676884
[setup reg-reg] _100015_/Q -> _099876_/D : -16.676840
[setup reg-reg] _100115_/Q -> _099617_/D : -16.674149
[setup reg-reg] _099916_/Q -> _098260_/D : -16.668255
[setup reg-reg] _100466_/Q -> _099207_/D : -16.660540
[setup reg-reg] _099916_/Q -> _098261_/D : -16.658257
[setup reg-reg] _100466_/Q -> _099211_/D : -16.657999
[setup reg-reg] _099368_/Q -> _099356_/D : -16.657906
[setup reg-reg] _099831_/Q -> _099828_/D : -16.656940
[setup reg-reg] _100497_/Q -> _099127_/D : -16.652115
[setup reg-reg] _100497_/Q -> _099155_/D : -16.648823
[setup reg-reg] _100498_/Q -> _099414_/D : -16.645294
[setup reg-reg] _100419_/Q -> _100392_/D : -16.643854
[setup reg-reg] _099916_/Q -> _098259_/D : -16.641796
[setup reg-reg] _100498_/Q -> _099412_/D : -16.639988
[setup reg-reg] _100077_/Q -> _099977_/D : -16.638910
[setup reg-reg] _099368_/Q -> _099359_/D : -16.638844
[setup reg-reg] _099368_/Q -> _099358_/D : -16.637051
[setup reg-reg] _099892_/Q -> _098203_/D : -16.637014
[setup reg-reg] _099368_/Q -> _099360_/D : -16.636763
[setup reg-reg] _100448_/Q -> _099243_/D : -16.634241
[setup reg-reg] _100419_/Q -> _099186_/D : -16.633968
[setup reg-reg] _100159_/Q -> _099552_/D : -16.631454
[setup reg-reg] _099916_/Q -> _098267_/D : -16.626730
[setup reg-reg] _100159_/Q -> _099553_/D : -16.620163
[setup reg-reg] _099910_/Q -> _098252_/D : -16.613604
[setup reg-reg] _100448_/Q -> _099245_/D : -16.612074
[setup reg-reg] _100481_/Q -> _099204_/D : -16.611849
[setup reg-reg] _099892_/Q -> _098198_/D : -16.611687
[setup reg-reg] _099916_/Q -> _098264_/D : -16.611696
[setup reg-reg] _100281_/Q -> _099381_/D : -16.608910
[setup reg-reg] _100159_/Q -> _099554_/D : -16.607092
[setup reg-reg] _100077_/Q -> _099786_/D : -16.606678
[setup reg-reg] _100497_/Q -> _099530_/D : -16.604803
[setup reg-reg] _099910_/Q -> _098251_/D : -16.603128
[setup reg-reg] _100386_/Q -> _099230_/D : -16.590733
[setup reg-reg] _099337_/Q -> _099339_/D : -16.590336
[setup reg-reg] _099910_/Q -> _098249_/D : -16.588453
[setup reg-reg] _099368_/Q -> _099362_/D : -16.575785
[setup reg-reg] _099368_/Q -> _099361_/D : -16.571281
[setup reg-reg] _100497_/Q -> _099144_/D : -16.568674
[setup reg-reg] _100409_/Q -> _100309_/D : -16.559464
[setup reg-reg] _100497_/Q -> _099161_/D : -16.557257
[setup reg-reg] _100148_/Q -> _099573_/D : -16.555178
[setup reg-reg] _100015_/Q -> _099873_/D : -16.553488
[setup reg-reg] _100015_/Q -> _099871_/D : -16.553307
[setup reg-reg] _099898_/Q -> _098223_/D : -16.552326
[setup reg-reg] _100281_/Q -> _099384_/D : -16.542072
[setup reg-reg] _099368_/Q -> _099364_/D : -16.540562
[setup reg-reg] _100281_/Q -> _100259_/D : -16.531725
[setup reg-reg] _099831_/Q -> _099830_/D : -16.528370
[setup reg-reg] _100015_/Q -> _099921_/D : -16.526150
[setup reg-reg] _100281_/Q -> _099383_/D : -16.523100
[setup reg-reg] _100497_/Q -> _099126_/D : -16.519615
[setup reg-reg] _100077_/Q -> _099784_/D : -16.518011
[setup reg-reg] _100148_/Q -> _099566_/D : -16.517973
[setup reg-reg] _099592_/Q -> _099583_/D : -16.512888
[setup reg-reg] _100281_/Q -> _099382_/D : -16.510826
[setup reg-reg] _100498_/Q -> _099771_/D : -16.510809
[setup reg-reg] _099368_/Q -> _100265_/D : -16.510094
[setup reg-reg] _100015_/Q -> _099878_/D : -16.510069
[setup reg-reg] _100015_/Q -> _099874_/D : -16.509304
[setup reg-reg] _100325_/Q -> _099321_/D : -16.506868
[setup reg-reg] _099592_/Q -> _099582_/D : -16.501875
[setup reg-reg] _100170_/Q -> _099546_/D : -16.499496
[setup reg-reg] _100181_/Q -> _099638_/D : -16.498219
[setup reg-reg] _100181_/Q -> _099640_/D : -16.496008
[setup reg-reg] _100497_/Q -> _099142_/D : -16.495436
[setup reg-reg] _100481_/Q -> _099203_/D : -16.489651
[setup reg-reg] _100015_/Q -> _099870_/D : -16.485828
[setup reg-reg] _099592_/Q -> _099587_/D : -16.478569
[setup reg-reg] _099904_/Q -> _099891_/D : -16.476084
[setup reg-reg] _100115_/Q -> _099615_/D : -16.473415
[setup reg-reg] _100293_/Q -> _099465_/D : -16.472652
[setup reg-reg] _100466_/Q -> _099212_/D : -16.471893
[setup reg-reg] _100430_/Q -> _099276_/D : -16.471849
[setup reg-reg] _099898_/Q -> _098219_/D : -16.469801
[setup reg-reg] _100127_/Q -> _099702_/D : -16.469648
[setup reg-reg] _100409_/Q -> _099309_/D : -16.467709
[setup reg-reg] _100466_/Q -> _099214_/D : -16.466404
[setup reg-reg] _099898_/Q -> _098226_/D : -16.463732
[setup reg-reg] _100159_/Q -> _099556_/D : -16.462517
[setup reg-reg] _100015_/Q -> _099868_/D : -16.459478
[setup reg-reg] _100326_/Q -> _099427_/D : -16.459192
[setup reg-reg] _100386_/Q -> _099229_/D : -16.457518
[setup reg-reg] _100497_/Q -> _099169_/D : -16.456121
[setup reg-reg] _098330_/Q -> _099653_/D : -16.454401
[setup reg-reg] _100497_/Q -> _099092_/D : -16.449335
[setup reg-reg] _099592_/Q -> _099589_/D : -16.446327
[setup reg-reg] _100127_/Q -> _099701_/D : -16.445404
[setup reg-reg] _099337_/Q -> _099338_/D : -16.444382
[setup reg-reg] _100430_/Q -> _100331_/D : -16.443665
[setup reg-reg] _100159_/Q -> _099560_/D : -16.443554
[setup reg-reg] _099892_/Q -> _099881_/D : -16.442226
[setup reg-reg] _099922_/Q -> _098287_/D : -16.441006
[setup reg-reg] _099898_/Q -> _098217_/D : -16.440205
[setup reg-reg] _100015_/Q -> _099869_/D : -16.436913
[setup reg-reg] _099922_/Q -> _098283_/D : -16.435898
[setup reg-reg] _100466_/Q -> _099213_/D : -16.426634
[setup reg-reg] _100497_/Q -> _099067_/D : -16.425428
[setup reg-reg] _099898_/Q -> _098216_/D : -16.425188
[setup reg-reg] _100293_/Q -> _099464_/D : -16.424767
[setup reg-reg] _099337_/Q -> _099337_/D : -16.421082
[setup reg-reg] _100386_/Q -> _099227_/D : -16.420101
[setup reg-reg] _100497_/Q -> _099528_/D : -16.411402
[setup reg-reg] _100386_/Q -> _099225_/D : -16.411291
[setup reg-reg] _100386_/Q -> _099221_/D : -16.411114
[setup reg-reg] _100148_/Q -> _099571_/D : -16.410364
[setup reg-reg] _100198_/Q -> _100176_/D : -16.410337
[setup reg-reg] _100015_/Q -> _099867_/D : -16.408432
[setup reg-reg] _100127_/Q -> _099705_/D : -16.407873
[setup reg-reg] _100015_/Q -> _099866_/D : -16.405279
[setup reg-reg] _099898_/Q -> _098214_/D : -16.405123
[setup reg-reg] _099592_/Q -> _099586_/D : -16.401747
[setup reg-reg] _100127_/Q -> _099707_/D : -16.401093
[setup reg-reg] _100127_/Q -> _099709_/D : -16.400066
[setup reg-reg] _099898_/Q -> _098218_/D : -16.399185
[setup reg-reg] _100159_/Q -> _099555_/D : -16.399036
[setup reg-reg] _100148_/Q -> _099574_/D : -16.397306
[setup reg-reg] _100497_/Q -> _099068_/D : -16.396971
[setup reg-reg] _100127_/Q -> _099704_/D : -16.395056
[setup reg-reg] _099898_/Q -> _098215_/D : -16.393652
[setup reg-reg] _100497_/Q -> _099048_/D : -16.391497
[setup reg-reg] _100127_/Q -> _099703_/D : -16.387655
[setup reg-reg] _100159_/Q -> _099551_/D : -16.386269
[setup reg-reg] _099592_/Q -> _099585_/D : -16.381754
[setup reg-reg] _100466_/Q -> _099208_/D : -16.372772
[setup reg-reg] _100386_/Q -> _099223_/D : -16.372355
[setup reg-reg] _099592_/Q -> _099581_/D : -16.371119
[setup reg-reg] _100386_/Q -> _099226_/D : -16.369141
[setup reg-reg] _100497_/Q -> _099141_/D : -16.365978
[setup reg-reg] _100466_/Q -> _099210_/D : -16.364305
[setup reg-reg] _099592_/Q -> _099584_/D : -16.360498
[setup reg-reg] _100409_/Q -> _099307_/D : -16.355326
[setup reg-reg] _100466_/Q -> _099206_/D : -16.349070
[setup reg-reg] _099904_/Q -> _098235_/D : -16.346800
[setup reg-reg] _100386_/Q -> _099222_/D : -16.344027
[setup reg-reg] _099904_/Q -> _098233_/D : -16.339739
[setup reg-reg] _100127_/Q -> _099708_/D : -16.329111
[setup reg-reg] _100497_/Q -> _099157_/D : -16.323336
[setup reg-reg] _100497_/Q -> _099085_/D : -16.320118
[setup reg-reg] _100498_/Q -> _099292_/D : -16.316622
[setup reg-reg] _100481_/Q -> _099205_/D : -16.316420
[setup reg-reg] _100127_/Q -> _099706_/D : -16.314257
[setup reg-reg] _099831_/Q -> _099823_/D : -16.313446
[setup reg-reg] _100127_/Q -> _099710_/D : -16.312737
[setup reg-reg] _100198_/Q -> _099493_/D : -16.311897
[setup reg-reg] _100466_/Q -> _100370_/D : -16.307089
[setup reg-reg] _100466_/Q -> _099215_/D : -16.304892
[setup reg-reg] _100127_/Q -> _100027_/D : -16.299784
[setup reg-reg] _100497_/Q -> _099153_/D : -16.299669
[setup reg-reg] _099831_/Q -> _099832_/D : -16.293270
[setup reg-reg] _100046_/Q -> _099728_/D : -16.292290
[setup reg-reg] _099831_/Q -> _099822_/D : -16.281618
[setup reg-reg] _099949_/Q -> _099861_/D : -16.275219
[setup reg-reg] _100497_/Q -> _100486_/D : -16.274841
[setup reg-reg] _100498_/Q -> _099295_/D : -16.269337
[setup reg-reg] _100293_/Q -> _099470_/D : -16.269331
[setup reg-reg] _100497_/Q -> _099042_/D : -16.266287
[setup reg-reg] _099904_/Q -> _098231_/D : -16.264769
[setup reg-reg] _099831_/Q -> _099825_/D : -16.261717
[setup reg-reg] _100386_/Q -> _099224_/D : -16.255697
[setup reg-reg] _099831_/Q -> _099821_/D : -16.255468
[setup reg-reg] _100497_/Q -> _099171_/D : -16.251621
[setup reg-reg] _100437_/Q -> _099264_/D : -16.249622
[setup reg-reg] _099831_/Q -> _099831_/D : -16.244535
[setup reg-reg] _099949_/Q -> _099862_/D : -16.238297
[setup reg-reg] _100498_/Q -> _099415_/D : -16.237001
[setup reg-reg] _100497_/Q -> _099044_/D : -16.232267
[setup reg-reg] _099982_/Q -> _099808_/D : -16.231153
[setup reg-reg] _099910_/Q -> _099897_/D : -16.223967
[setup reg-reg] _099831_/Q -> _099827_/D : -16.222954
[setup reg-reg] _100497_/Q -> _099047_/D : -16.220980
[setup reg-reg] _099904_/Q -> _098232_/D : -16.220890
[setup reg-reg] _100497_/Q -> _099045_/D : -16.219244
[setup reg-reg] _099831_/Q -> _099826_/D : -16.218029
[setup reg-reg] _099904_/Q -> _098234_/D : -16.216108
[setup reg-reg] _100448_/Q -> _099239_/D : -16.213551
[setup reg-reg] _100448_/Q -> _099237_/D : -16.203970
[setup reg-reg] _100497_/Q -> _099173_/D : -16.200241
[setup reg-reg] _100149_/Q -> _099684_/D : -16.198519
[setup reg-reg] _099831_/Q -> _099944_/D : -16.196808
[setup reg-reg] _100448_/Q -> _099241_/D : -16.195995
[setup reg-reg] _100033_/Q -> _099848_/D : -16.194803
[setup reg-reg] _099904_/Q -> _098236_/D : -16.194061
[setup reg-reg] _100448_/Q -> _099238_/D : -16.193636
[setup reg-reg] _099904_/Q -> _098228_/D : -16.190065
[setup reg-reg] _100448_/Q -> _099240_/D : -16.188120
[setup reg-reg] _100497_/Q -> _099046_/D : -16.186199
[setup reg-reg] _100497_/Q -> _099041_/D : -16.184601
[setup reg-reg] _099904_/Q -> _098230_/D : -16.181334
[setup reg-reg] _100293_/Q -> _099463_/D : -16.181194
[setup reg-reg] _100448_/Q -> _099244_/D : -16.180807
[setup reg-reg] _100293_/Q -> _099462_/D : -16.179388
[setup reg-reg] _100448_/Q -> _099242_/D : -16.178377
[setup reg-reg] _100497_/Q -> _099049_/D : -16.177448
[setup reg-reg] _100293_/Q -> _099466_/D : -16.174368
[setup reg-reg] _100497_/Q -> _099534_/D : -16.173620
[setup reg-reg] _100386_/Q -> _100359_/D : -16.169735
[setup reg-reg] _100497_/Q -> _099521_/D : -16.169327
[setup reg-reg] _100497_/Q -> _099172_/D : -16.168085
[setup reg-reg] _100293_/Q -> _099461_/D : -16.158310
[setup reg-reg] _100497_/Q -> _099524_/D : -16.156895
[setup reg-reg] _100497_/Q -> _099526_/D : -16.156334
[setup reg-reg] _099982_/Q -> _099813_/D : -16.152002
[setup reg-reg] _100115_/Q -> _100093_/D : -16.145849
[setup reg-reg] _099904_/Q -> _098237_/D : -16.144423
[setup reg-reg] _099592_/Q -> _100110_/D : -16.134150
[setup reg-reg] _100293_/Q -> _099469_/D : -16.130457
[setup reg-reg] _099916_/Q -> _098265_/D : -16.120937
[setup reg-reg] _100170_/Q -> _099550_/D : -16.120026
[setup reg-reg] _100149_/Q -> _099681_/D : -16.114925
[setup reg-reg] _100293_/Q -> _099467_/D : -16.111696
[setup reg-reg] _100159_/Q -> _099557_/D : -16.110044
[setup reg-reg] _100293_/Q -> _099468_/D : -16.105211
[setup reg-reg] _100448_/Q -> _099236_/D : -16.100191
[setup reg-reg] _100046_/Q -> _099729_/D : -16.098518
[setup reg-reg] _100148_/Q -> _099572_/D : -16.098122
[setup reg-reg] _100148_/Q -> _099567_/D : -16.096949
[setup reg-reg] _099904_/Q -> _098229_/D : -16.090099
[setup reg-reg] _100437_/Q -> _099261_/D : -16.088774
[setup reg-reg] _100497_/Q -> _099529_/D : -16.085810
[setup reg-reg] _100386_/Q -> _099232_/D : -16.076321
[setup reg-reg] _100159_/Q -> _099561_/D : -16.076307
[setup reg-reg] _100242_/Q -> _099441_/D : -16.073339
[setup reg-reg] _100148_/Q -> _099569_/D : -16.072367
[setup reg-reg] _100376_/Q -> _099350_/D : -16.071815
[setup reg-reg] _100149_/Q -> _099682_/D : -16.067354
[setup reg-reg] _100497_/Q -> _099043_/D : -16.066036
[setup reg-reg] _100497_/Q -> _099115_/D : -16.065353
[setup reg-reg] _100497_/Q -> _099527_/D : -16.062267
[setup reg-reg] _100148_/Q -> _099568_/D : -16.055641
[setup reg-reg] _100497_/Q -> _099150_/D : -16.051678
[setup reg-reg] _100046_/Q -> _099727_/D : -16.047249
[setup reg-reg] _100126_/Q -> _099603_/D : -16.045818
[setup reg-reg] _099982_/Q -> _099815_/D : -16.045460
[setup reg-reg] _100046_/Q -> _099726_/D : -16.041697
[setup reg-reg] _100325_/Q -> _099322_/D : -16.036564
[setup reg-reg] _100376_/Q -> _099348_/D : -16.036217
[setup reg-reg] _100159_/Q -> _099562_/D : -16.031860
[setup reg-reg] _100497_/Q -> _099152_/D : -16.023300
[setup reg-reg] _099916_/Q -> _099903_/D : -16.011864
[setup reg-reg] _100497_/Q -> _099146_/D : -16.009851
[setup reg-reg] _100209_/Q -> _099488_/D : -16.004723
[setup reg-reg] _100419_/Q -> _099188_/D : -16.001503
[setup reg-reg] _100497_/Q -> _099151_/D : -16.000862
[setup reg-reg] _099982_/Q -> _099811_/D : -16.000303
[setup reg-reg] _100032_/Q -> _099744_/D : -15.999773
[setup reg-reg] _099898_/Q -> _098221_/D : -15.996435
[setup reg-reg] _100138_/Q -> _099688_/D : -15.989134
[setup reg-reg] _100430_/Q -> _099279_/D : -15.988676
[setup reg-reg] _100376_/Q -> _099342_/D : -15.970312
[setup reg-reg] _100138_/Q -> _099686_/D : -15.960295
[setup reg-reg] _100159_/Q -> _100132_/D : -15.957710
[setup reg-reg] _099982_/Q -> _099806_/D : -15.951156
[setup reg-reg] _099368_/Q -> _099366_/D : -15.950849
[setup reg-reg] _099982_/Q -> _099807_/D : -15.950106
[setup reg-reg] _100098_/Q -> _099755_/D : -15.947248
[setup reg-reg] _100376_/Q -> _099349_/D : -15.945192
[setup reg-reg] _099337_/Q -> _099340_/D : -15.944422
[setup reg-reg] _100376_/Q -> _099347_/D : -15.938941
[setup reg-reg] _100138_/Q -> _099693_/D : -15.938304
[setup reg-reg] _100098_/Q -> _099756_/D : -15.936229
[setup reg-reg] _100497_/Q -> _099156_/D : -15.925216
[setup reg-reg] _099898_/Q -> _099885_/D : -15.920188
[setup reg-reg] _100077_/Q -> _099789_/D : -15.917439
[setup reg-reg] _099982_/Q -> _099809_/D : -15.916080
[setup reg-reg] _100376_/Q -> _099341_/D : -15.910061
[setup reg-reg] _100138_/Q -> _099687_/D : -15.899260
[setup reg-reg] _100497_/Q -> _099070_/D : -15.894355
[setup reg-reg] _099982_/Q -> _099812_/D : -15.892310
[setup reg-reg] _100376_/Q -> _099345_/D : -15.886553
[setup reg-reg] _100138_/Q -> _099690_/D : -15.885537
[setup reg-reg] _100448_/Q -> _100348_/D : -15.884386
[setup reg-reg] _100376_/Q -> _099344_/D : -15.883631
[setup reg-reg] _100138_/Q -> _099695_/D : -15.883530
[setup reg-reg] _100138_/Q -> _099692_/D : -15.882912
[setup reg-reg] _100138_/Q -> _099689_/D : -15.882706
[setup reg-reg] _100098_/Q -> _099749_/D : -15.880805
[setup reg-reg] _100126_/Q -> _099605_/D : -15.877110
[setup reg-reg] _100343_/Q -> _099399_/D : -15.872779
[setup reg-reg] _100098_/Q -> _099751_/D : -15.869237
[setup reg-reg] _100343_/Q -> _099397_/D : -15.865357
[setup reg-reg] _100343_/Q -> _099396_/D : -15.864990
[setup reg-reg] _100264_/Q -> _099516_/D : -15.858795
[setup reg-reg] _100170_/Q -> _099547_/D : -15.851127
[setup reg-reg] _100376_/Q -> _099343_/D : -15.847528
[setup reg-reg] _100497_/Q -> _099522_/D : -15.847459
[setup reg-reg] _100497_/Q -> _099523_/D : -15.842782
[setup reg-reg] _099892_/Q -> _098208_/D : -15.839005
[setup reg-reg] _099368_/Q -> _099369_/D : -15.833319
[setup reg-reg] _100430_/Q -> _099278_/D : -15.832232
[setup reg-reg] _099368_/Q -> _099367_/D : -15.830685
[setup reg-reg] _100466_/Q -> _099218_/D : -15.826203
[setup reg-reg] _100126_/Q -> _099599_/D : -15.819118
[setup reg-reg] _100430_/Q -> _099277_/D : -15.816241
[setup reg-reg] _100138_/Q -> _100038_/D : -15.813008
[setup reg-reg] _100497_/Q -> _099525_/D : -15.803600
[setup reg-reg] _100264_/Q -> _099518_/D : -15.803544
[setup reg-reg] _100497_/Q -> _099915_/D : -15.803328
[setup reg-reg] _100126_/Q -> _099598_/D : -15.795527
[setup reg-reg] _099592_/Q -> _099591_/D : -15.777421
[setup reg-reg] _100497_/Q -> _099158_/D : -15.771639
[setup reg-reg] _100264_/Q -> _099519_/D : -15.771087
[setup reg-reg] _100497_/Q -> _100414_/D : -15.769246
[setup reg-reg] _100376_/Q -> _099346_/D : -15.765402
[setup reg-reg] _100264_/Q -> _099517_/D : -15.761345
[setup reg-reg] _099831_/Q -> _099829_/D : -15.744394
[setup reg-reg] _099831_/Q -> _099824_/D : -15.741163
[setup reg-reg] _100497_/Q -> _099148_/D : -15.735989
[setup reg-reg] _100032_/Q -> _099741_/D : -15.735356
[setup reg-reg] _100326_/Q -> _099428_/D : -15.734561
[setup reg-reg] _100033_/Q -> _099846_/D : -15.731847
[setup reg-reg] _099592_/Q -> _099593_/D : -15.731079
[setup reg-reg] _099993_/Q -> _099798_/D : -15.725590
[setup reg-reg] _100098_/Q -> _099999_/D : -15.705796
[setup reg-reg] _100198_/Q -> _099501_/D : -15.702800
[setup reg-reg] _098330_/Q -> _099655_/D : -15.694491
[setup reg-reg] _100126_/Q -> _099602_/D : -15.685820
[setup reg-reg] _099592_/Q -> _099594_/D : -15.679568
[setup reg-reg] _099892_/Q -> _098210_/D : -15.678689
[setup reg-reg] _100293_/Q -> _099471_/D : -15.674273
[setup reg-reg] _100170_/Q -> _099548_/D : -15.668690
[setup reg-reg] _100497_/Q -> _099145_/D : -15.660771
[setup reg-reg] _100242_/Q -> _099442_/D : -15.658499
[setup reg-reg] _100497_/Q -> _099130_/D : -15.637050
[setup reg-reg] _100325_/Q -> _099325_/D : -15.634248
[setup reg-reg] _100126_/Q -> _099601_/D : -15.630543
[setup reg-reg] _100293_/Q -> _100193_/D : -15.625846
[setup reg-reg] _100148_/Q -> _100121_/D : -15.623416
[setup reg-reg] _100033_/Q -> _099850_/D : -15.622516
[setup reg-reg] _100159_/Q -> _099563_/D : -15.622395
[setup reg-reg] _100159_/Q -> _099564_/D : -15.621443
[setup reg-reg] _100437_/Q -> _099262_/D : -15.615746
[setup reg-reg] _100437_/Q -> _099265_/D : -15.598321
[setup reg-reg] _100149_/Q -> _099683_/D : -15.595209
[setup reg-reg] _100497_/Q -> _099159_/D : -15.594740
[setup reg-reg] _100498_/Q -> _099775_/D : -15.592219
[setup reg-reg] _100032_/Q -> _099742_/D : -15.588214
[setup reg-reg] _099949_/Q -> _099863_/D : -15.586225
[setup reg-reg] _100497_/Q -> _099149_/D : -15.566255
[setup reg-reg] _100497_/Q -> _098297_/D : -15.563647
[setup reg-reg] _099982_/Q -> _099955_/D : -15.562334
[setup reg-reg] _100498_/Q -> _099774_/D : -15.556399
[setup reg-reg] _100497_/Q -> _099147_/D : -15.553225
[setup reg-reg] _100497_/Q -> _099154_/D : -15.552847
[setup reg-reg] _100386_/Q -> _099231_/D : -15.549086
[setup reg-reg] _100046_/Q -> _099730_/D : -15.547462
[setup reg-reg] _100343_/Q -> _099398_/D : -15.546995
[setup reg-reg] _099949_/Q -> _099865_/D : -15.538087
[setup reg-reg] _100138_/Q -> _099694_/D : -15.530223
[setup reg-reg] _099592_/Q -> _099592_/D : -15.507809
[setup reg-reg] _100126_/Q -> _099597_/D : -15.507240
[setup reg-reg] _100098_/Q -> _099747_/D : -15.498493
[setup reg-reg] _100497_/Q -> _099175_/D : -15.496499
[setup reg-reg] _100138_/Q -> _099696_/D : -15.494255
[setup reg-reg] _099982_/Q -> _099816_/D : -15.489166
[setup reg-reg] _100098_/Q -> _099746_/D : -15.488090
[setup reg-reg] _100198_/Q -> _099504_/D : -15.482167
[setup reg-reg] _100149_/Q -> _099685_/D : -15.473712
[setup reg-reg] _100448_/Q -> _099249_/D : -15.469878
[setup reg-reg] _100098_/Q -> _099748_/D : -15.469269
[setup reg-reg] _100098_/Q -> _099754_/D : -15.458948
[setup reg-reg] _100098_/Q -> _099752_/D : -15.455257
[setup reg-reg] _100138_/Q -> _099691_/D : -15.455142
[setup reg-reg] _100098_/Q -> _099750_/D : -15.451086
[setup reg-reg] _100098_/Q -> _099753_/D : -15.443607
[setup reg-reg] _100198_/Q -> _099502_/D : -15.443090
[setup reg-reg] _099831_/Q -> _099834_/D : -15.439344
[setup reg-reg] _099982_/Q -> _099810_/D : -15.436056
[setup reg-reg] _100343_/Q -> _099400_/D : -15.435889
[setup reg-reg] _100430_/Q -> _099280_/D : -15.428114
[setup reg-reg] _099982_/Q -> _099814_/D : -15.425510
[setup reg-reg] _100497_/Q -> _099051_/D : -15.414539
[setup reg-reg] _099888_/Q -> _100533_/D : -15.393035
[setup reg-reg] _100497_/Q -> _099054_/D : -15.392358
[setup reg-reg] _099888_/Q -> _098359_/D : -15.391999
[setup reg-reg] _100376_/Q -> _100276_/D : -15.384460
[setup reg-reg] _100148_/Q -> _099576_/D : -15.376328
[setup reg-reg] _100242_/Q -> _099443_/D : -15.372633
[setup reg-reg] _100497_/Q -> _098289_/D : -15.371597
[setup reg-reg] _099831_/Q -> _099833_/D : -15.371568
[setup reg-reg] _100409_/Q -> _099310_/D : -15.369166
[setup reg-reg] _100448_/Q -> _099247_/D : -15.363961
[setup reg-reg] _100497_/Q -> _098295_/D : -15.359351
[setup reg-reg] _100087_/Q -> _099663_/D : -15.349798
[setup reg-reg] _100209_/Q -> _099487_/D : -15.335932
[setup reg-reg] _100148_/Q -> _099579_/D : -15.327493
[setup reg-reg] _099993_/Q -> _099791_/D : -15.324910
[setup reg-reg] _100497_/Q -> _098296_/D : -15.324602
[setup reg-reg] _100466_/Q -> _099216_/D : -15.315756
[setup reg-reg] _099831_/Q -> _099835_/D : -15.307129
[setup reg-reg] _100077_/Q -> _099787_/D : -15.306798
[setup reg-reg] _099993_/Q -> _099800_/D : -15.305253
[setup reg-reg] _100077_/Q -> _099788_/D : -15.300583
[setup reg-reg] _100497_/Q -> _098299_/D : -15.295378
[setup reg-reg] _099993_/Q -> _099799_/D : -15.290505
[setup reg-reg] _099916_/Q -> _098268_/D : -15.288343
[setup reg-reg] _099910_/Q -> _098253_/D : -15.276328
[setup reg-reg] _100231_/Q -> _099451_/D : -15.273624
[setup reg-reg] _100126_/Q -> _099596_/D : -15.272807
[setup reg-reg] _100231_/Q -> _099446_/D : -15.267578
[setup reg-reg] _100231_/Q -> _099452_/D : -15.257898
[setup reg-reg] _100126_/Q -> _099600_/D : -15.249608
[setup reg-reg] _100231_/Q -> _099454_/D : -15.243500
[setup reg-reg] _100231_/Q -> _099447_/D : -15.227324
[setup reg-reg] _100127_/Q -> _099713_/D : -15.216731
[setup reg-reg] _099993_/Q -> _099797_/D : -15.213378
[setup reg-reg] _099888_/Q -> _098364_/D : -15.204223
[setup reg-reg] _099888_/Q -> _098365_/D : -15.202739
[setup reg-reg] _099993_/Q -> _099792_/D : -15.192443
[setup reg-reg] _100497_/Q -> _098291_/D : -15.192170
[setup reg-reg] _100209_/Q -> _099490_/D : -15.177742
[setup reg-reg] _100231_/Q -> _099453_/D : -15.177142
[setup reg-reg] _100127_/Q -> _099714_/D : -15.166861
[setup reg-reg] _100497_/Q -> _099098_/D : -15.165784
[setup reg-reg] _100231_/Q -> _099449_/D : -15.164831
[setup reg-reg] _100231_/Q -> _099450_/D : -15.164409
[setup reg-reg] _100231_/Q -> _099455_/D : -15.164102
[setup reg-reg] _099993_/Q -> _099793_/D : -15.162633
[setup reg-reg] _099993_/Q -> _099794_/D : -15.152443
[setup reg-reg] _100077_/Q -> _099790_/D : -15.149331
[setup reg-reg] _099993_/Q -> _099795_/D : -15.148975
[setup reg-reg] _099993_/Q -> _099796_/D : -15.142686
[setup reg-reg] _100497_/Q -> _099099_/D : -15.139560
[setup reg-reg] _100386_/Q -> _099233_/D : -15.135582
[setup reg-reg] _100437_/Q -> _099263_/D : -15.131969
[setup reg-reg] _099592_/Q -> _099595_/D : -15.129828
[setup reg-reg] _100127_/Q -> _099712_/D : -15.128241
[setup reg-reg] _100126_/Q -> _100099_/D : -15.118843
[setup reg-reg] _099898_/Q -> _098225_/D : -15.116815
[setup reg-reg] _100497_/Q -> _099096_/D : -15.116579
[setup reg-reg] _099904_/Q -> _098238_/D : -15.109857
[setup reg-reg] _100126_/Q -> _099604_/D : -15.108606
[setup reg-reg] _100466_/Q -> _099220_/D : -15.103930
[setup reg-reg] _099982_/Q -> _099819_/D : -15.098458
[setup reg-reg] _099910_/Q -> _098255_/D : -15.075152
[setup reg-reg] _099888_/Q -> _098358_/D : -15.073820
[setup reg-reg] _099368_/Q -> _099370_/D : -15.073052
[setup reg-reg] _100497_/Q -> _098300_/D : -15.062144
[setup reg-reg] _099916_/Q -> _098271_/D : -15.061984
[setup reg-reg] _099892_/Q -> _098212_/D : -15.058021
[setup reg-reg] _099888_/Q -> _098363_/D : -15.054738
[setup reg-reg] _100087_/Q -> _099657_/D : -15.048910
[setup reg-reg] _099892_/Q -> _098211_/D : -15.047766
[setup reg-reg] _099888_/Q -> _098361_/D : -15.043816
[setup reg-reg] _100497_/Q -> _098288_/D : -15.026626
[setup reg-reg] _100231_/Q -> _100204_/D : -15.015861
[setup reg-reg] _100126_/Q -> _099608_/D : -15.012438
[setup reg-reg] _100419_/Q -> _099190_/D : -15.012246
[setup reg-reg] _100127_/Q -> _099711_/D : -15.010550
[setup reg-reg] _099904_/Q -> _098241_/D : -15.008406
[setup reg-reg] _099916_/Q -> _098270_/D : -14.997723
[setup reg-reg] _100087_/Q -> _099665_/D : -14.997575
[setup reg-reg] _100032_/Q -> _099743_/D : -14.980364
[setup reg-reg] _100376_/Q -> _099354_/D : -14.964743
[setup reg-reg] _100293_/Q -> _099474_/D : -14.952791
[setup reg-reg] _100497_/Q -> _098293_/D : -14.950042
[setup reg-reg] _100497_/Q -> _098290_/D : -14.948407
[setup reg-reg] _100293_/Q -> _099472_/D : -14.943057
[setup reg-reg] _100242_/Q -> _099444_/D : -14.937079
[setup reg-reg] _099904_/Q -> _098240_/D : -14.935792
[setup reg-reg] _100264_/Q -> _099520_/D : -14.929757
[setup reg-reg] _100497_/Q -> _098294_/D : -14.926537
[setup reg-reg] _100497_/Q -> _098292_/D : -14.921645
[setup reg-reg] _099916_/Q -> _098269_/D : -14.921598
[setup reg-reg] _099904_/Q -> _098239_/D : -14.920085
[setup reg-reg] _100148_/Q -> _099578_/D : -14.887336
[setup reg-reg] _100087_/Q -> _099658_/D : -14.881046
[setup reg-reg] _100087_/Q -> _099656_/D : -14.879883
[setup reg-reg] _100198_/Q -> _099503_/D : -14.878337
[setup reg-reg] _100127_/Q -> _099715_/D : -14.871346
[setup reg-reg] _100386_/Q -> _099234_/D : -14.861756
[setup reg-reg] _100015_/Q -> _099880_/D : -14.812829
[setup reg-reg] _100376_/Q -> _099351_/D : -14.808274
[setup reg-reg] _099888_/Q -> _098360_/D : -14.795971
[setup reg-reg] _100138_/Q -> _099698_/D : -14.786239
[setup reg-reg] _100376_/Q -> _099352_/D : -14.785636
[setup reg-reg] _100231_/Q -> _099448_/D : -14.783501
[setup reg-reg] _100138_/Q -> _099697_/D : -14.782856
[setup reg-reg] _100087_/Q -> _099661_/D : -14.782737
[setup reg-reg] _100138_/Q -> _099699_/D : -14.782142
[setup reg-reg] _100032_/Q -> _099745_/D : -14.779104
[setup reg-reg] _100087_/Q -> _099659_/D : -14.773015
[setup reg-reg] _100087_/Q -> _099662_/D : -14.771880
[setup reg-reg] _100242_/Q -> _099445_/D : -14.771759
[setup reg-reg] _100087_/Q -> _099660_/D : -14.766481
[setup reg-reg] _100087_/Q -> _099664_/D : -14.760229
[setup reg-reg] _100015_/Q -> _099879_/D : -14.758588
[setup reg-reg] _099898_/Q -> _098224_/D : -14.740582
[setup reg-reg] _099910_/Q -> _098254_/D : -14.727381
[setup reg-reg] _100497_/Q -> _099052_/D : -14.725791
[setup reg-reg] _100148_/Q -> _099580_/D : -14.716453
[setup reg-reg] _100448_/Q -> _099246_/D : -14.695585
[setup reg-reg] _100448_/Q -> _099250_/D : -14.689624
[setup reg-reg] _099892_/Q -> _098209_/D : -14.662813
[setup reg-reg] _099888_/Q -> _098362_/D : -14.639534
[setup reg-reg] _100386_/Q -> _099235_/D : -14.628039
[setup reg-reg] _100497_/Q -> _099160_/D : -14.626278
[setup reg-reg] _100148_/Q -> _099577_/D : -14.616566
[setup reg-reg] _100497_/Q -> _098298_/D : -14.610851
[setup reg-reg] _099888_/Q -> _098356_/D : -14.604434
[setup reg-reg] _100198_/Q -> _099505_/D : -14.596186
[setup reg-reg] _099888_/Q -> _098357_/D : -14.576097
[setup reg-reg] _099888_/Q -> _098367_/D : -14.572143
[setup reg-reg] _100015_/Q -> _099877_/D : -14.556575
[setup reg-reg] _100293_/Q -> _099473_/D : -14.551538
[setup reg-reg] _100126_/Q -> _099607_/D : -14.543276
[setup reg-reg] _100115_/Q -> _099624_/D : -14.537772
[setup reg-reg] _100376_/Q -> _099353_/D : -14.533792
[setup reg-reg] _100115_/Q -> _099621_/D : -14.510329
[setup reg-reg] _100448_/Q -> _099248_/D : -14.507971
[setup reg-reg] _100497_/Q -> _099097_/D : -14.505379
[setup reg-reg] _099993_/Q -> _099966_/D : -14.501648
[setup reg-reg] _099910_/Q -> _098257_/D : -14.484097
[setup reg-reg] _100497_/Q -> _099531_/D : -14.465265
[setup reg-reg] _100115_/Q -> _099622_/D : -14.462974
[setup reg-reg] _100281_/Q -> _099385_/D : -14.461594
[setup reg-reg] _099904_/Q -> _098242_/D : -14.388441
[setup reg-reg] _100497_/Q -> _099532_/D : -14.378895
[setup reg-reg] _100159_/Q -> _099565_/D : -14.330534
[setup reg-reg] _099888_/Q -> _098369_/D : -14.329947
[setup reg-reg] _099982_/Q -> _099818_/D : -14.312239
[setup reg-reg] _100087_/Q -> _100060_/D : -14.269020
[setup reg-reg] _100231_/Q -> _099456_/D : -14.226739
[setup reg-reg] _100376_/Q -> _099355_/D : -14.226294
[setup reg-reg] _100497_/Q -> _099533_/D : -14.222121
[setup reg-reg] _100231_/Q -> _099457_/D : -14.203220
[setup reg-reg] _100231_/Q -> _099459_/D : -14.173326
[setup reg-reg] _100497_/Q -> _099100_/D : -14.149323
[setup reg-reg] _100497_/Q -> _098301_/D : -14.135738
[setup reg-reg] _100126_/Q -> _099606_/D : -14.089240
[setup reg-reg] _099982_/Q -> _099817_/D : -14.088631
[setup reg-reg] _100138_/Q -> _099700_/D : -14.063611
[setup reg-reg] _100293_/Q -> _099475_/D : -14.057487
[setup reg-reg] _100497_/Q -> _099055_/D : -14.048640
[setup reg-reg] _100098_/Q -> _099758_/D : -14.045640
[setup reg-reg] _100326_/Q -> _099430_/D : -14.012660
[setup reg-reg] _100326_/Q -> _099429_/D : -14.004675
[setup reg-reg] _100126_/Q -> _099609_/D : -14.002416
[setup reg-reg] _100115_/Q -> _099623_/D : -13.993932
[setup reg-reg] _100098_/Q -> _099759_/D : -13.983323
[setup reg-reg] _100497_/Q -> _099535_/D : -13.980351
[setup reg-reg] _099888_/Q -> _098366_/D : -13.900998
[setup reg-reg] _099916_/Q -> _098272_/D : -13.839129
[setup reg-reg] _098316_/Q -> _100521_/D : -13.826704
[setup reg-reg] _099368_/Q -> _099368_/D : -13.802488
[setup reg-reg] _100098_/Q -> _099757_/D : -13.797795
[setup reg-reg] _098316_/Q -> _100522_/D : -13.794111
[setup reg-reg] _100115_/Q -> _099625_/D : -13.727258
[setup reg-reg] _100497_/Q -> _099053_/D : -13.727144
[setup reg-reg] _100098_/Q -> _099760_/D : -13.677202
[setup reg-reg] _099898_/Q -> _098227_/D : -13.625189
[setup reg-reg] _100497_/Q -> _098302_/D : -13.531013
[setup reg-reg] _099888_/Q -> _098368_/D : -13.473045
[setup reg-reg] _100087_/Q -> _099667_/D : -13.454195
[setup reg-reg] _098316_/Q -> _100537_/D : -13.441445
[setup reg-reg] _100087_/Q -> _099666_/D : -13.410098
[setup reg-reg] _099982_/Q -> _099820_/D : -13.381863
[setup reg-reg] _100231_/Q -> _099458_/D : -13.370061
[setup reg-reg] _098316_/Q -> _100535_/D : -13.317044
[setup reg-reg] _100126_/Q -> _099610_/D : -13.312325
[setup reg-reg] _100231_/Q -> _099460_/D : -13.302690
[setup reg-reg] _099993_/Q -> _099801_/D : -13.301364
[setup reg-reg] _099993_/Q -> _099803_/D : -13.253731
[setup reg-reg] _098316_/Q -> _100512_/D : -13.137989
[setup reg-reg] _098316_/Q -> _099035_/D : -13.125185
[setup reg-reg] _098316_/Q -> _100523_/D : -13.102042
[setup reg-reg] _100087_/Q -> _099669_/D : -13.100617
[setup reg-reg] _098316_/Q -> _100513_/D : -13.095656
[setup reg-reg] _098316_/Q -> _100524_/D : -13.063959
[setup reg-reg] _098316_/Q -> _099036_/D : -13.057911
[setup reg-reg] _098316_/Q -> _100526_/D : -12.998680
[setup reg-reg] _099888_/Q -> _098370_/D : -12.980099
[setup reg-reg] _098316_/Q -> _100511_/D : -12.947972
[setup reg-reg] _098316_/Q -> _100536_/D : -12.912880
[setup reg-reg] _098316_/Q -> _100509_/D : -12.884304
[setup reg-reg] _099993_/Q -> _099804_/D : -12.874335
[setup reg-reg] _100087_/Q -> _099668_/D : -12.873656
[setup reg-reg] _098316_/Q -> _100510_/D : -12.856637
[setup reg-reg] _098316_/Q -> _100534_/D : -12.836557
[setup reg-reg] _098316_/Q -> _100514_/D : -12.767004
[setup reg-reg] _099993_/Q -> _099802_/D : -12.753440
[setup reg-reg] _098316_/Q -> _100527_/D : -12.630823
[setup reg-reg] _098316_/Q -> _100518_/D : -12.619504
[setup reg-reg] _098316_/Q -> _099033_/D : -12.616489
[setup reg-reg] _098316_/Q -> _099034_/D : -12.590832
[setup reg-reg] _100087_/Q -> _099670_/D : -12.590302
[setup reg-reg] _098316_/Q -> _100525_/D : -12.521070
[setup reg-reg] _099993_/Q -> _099805_/D : -12.493638
[setup reg-reg] _098316_/Q -> _100516_/D : -12.406496
[setup reg-reg] _098316_/Q -> _100528_/D : -12.364380
[setup reg-reg] _098316_/Q -> _100515_/D : -12.335123
[setup reg-reg] _098316_/Q -> _100517_/D : -12.323492
[setup reg-reg] _098317_/Q -> _100531_/D : -12.227151
[setup reg-reg] _098317_/Q -> _100530_/D : -12.091948
[setup reg-reg] _098317_/Q -> _100529_/D : -12.031166
[setup reg-reg] _098317_/Q -> _100532_/D : -11.993951
[setup reg-reg] _098316_/Q -> _100520_/D : -11.993143
[setup reg-reg] _098316_/Q -> _100519_/D : -11.958056
[setup reg-reg] _100498_/Q -> _100237_/D : -10.613946
[setup reg-reg] _100497_/Q -> _100154_/D : -10.084846
[setup reg-reg] _098330_/Q -> _100071_/D : -9.138484
[setup reg-reg] _100498_/Q -> _099988_/D : -8.884531
[setup reg-reg] _100497_/Q -> _100464_/D : -8.617040
